<?xml version="1.0" encoding="UTF-8"?>
<testsuites name="Run all test cases" time="2155.701" tests="129" failures="5" errors="0">
   <testsuite name="Run all test cases" tests="129" failures="5" errors="0" time="2155.701" timestamp="2020-06-05 19:17:38" hostname="Thanh - 192.168.247.1" id="Test Suites/Run all test cases">
      <properties>
[...]
</properties>
      <testcase name="Test Cases/1612427/01_Login" time="14.139" classname="Test Cases/1612427/01_Login" status="PASSED">
         <system-out><![CDATA[2020-06-05 19:17:39 - [TEST_CASE][PASSED] - Test Cases/1612427/01_Login: Test Cases/1612427/01_Login

2020-06-05 19:17:39 - [TEST_STEP][PASSED] - openBrowser(""): Browser is opened with url: ''

2020-06-05 19:17:40 - [MESSAGE][INFO] - Starting 'Chrome' driver

2020-06-05 19:17:40 - [MESSAGE][INFO] - Action delay is set to 0 milliseconds

2020-06-05 19:17:46 - [MESSAGE][PASSED] - Browser is opened with url: ''

2020-06-05 19:17:46 - [TEST_STEP][PASSED] - navigateToUrl("http://localhost:8065/login"): Navigate to 'http://localhost:8065/login' successfully

2020-06-05 19:17:48 - [MESSAGE][PASSED] - Navigate to 'http://localhost:8065/login' successfully

2020-06-05 19:17:48 - [TEST_STEP][PASSED] - setText(findTestObject("Object Repository/1612427/01_Login/Page_Mattermost/input_All team communication in one place s_703ef5"), username): Text 'hcmus-cdnc' is set on object 'Object Repository/1612427/01_Login/Page_Mattermost/input_All team communication in one place s_703ef5'

2020-06-05 19:17:51 - [MESSAGE][PASSED] - Text 'hcmus-cdnc' is set on object 'Object Repository/1612427/01_Login/Page_Mattermost/input_All team communication in one place s_703ef5'

2020-06-05 19:17:51 - [TEST_STEP][PASSED] - setEncryptedText(findTestObject("Object Repository/1612427/01_Login/Page_Mattermost/input_All team communication in one place s_2f2733"), password): Text ****** has been set on object 'Object Repository/1612427/01_Login/Page_Mattermost/input_All team communication in one place s_2f2733'

2020-06-05 19:17:52 - [MESSAGE][PASSED] - Text ****** has been set on object 'Object Repository/1612427/01_Login/Page_Mattermost/input_All team communication in one place s_2f2733'

2020-06-05 19:17:52 - [TEST_STEP][PASSED] - click(findTestObject("Object Repository/1612427/01_Login/Page_Mattermost/span_Sign in")): Object: 'Object Repository/1612427/01_Login/Page_Mattermost/span_Sign in' is clicked on

2020-06-05 19:17:52 - [MESSAGE][PASSED] - Object: 'Object Repository/1612427/01_Login/Page_Mattermost/span_Sign in' is clicked on

2020-06-05 19:17:52 - [TEST_STEP][PASSED] - closeBrowser(): Browser is closed

2020-06-05 19:17:53 - [MESSAGE][PASSED] - Browser is closed]]></system-out>
         <system-err><![CDATA[]]></system-err>
      </testcase>
      <testcase name="Test Cases/1612427/01_Login" time="9.744" classname="Test Cases/1612427/01_Login" status="PASSED">
         <system-out><![CDATA[2020-06-05 19:17:53 - [TEST_CASE][PASSED] - Test Cases/1612427/01_Login: Test Cases/1612427/01_Login

2020-06-05 19:17:53 - [TEST_STEP][PASSED] - openBrowser(""): Browser is opened with url: ''

2020-06-05 19:17:53 - [MESSAGE][INFO] - Starting 'Chrome' driver

2020-06-05 19:17:53 - [MESSAGE][INFO] - Action delay is set to 0 milliseconds

2020-06-05 19:17:57 - [MESSAGE][PASSED] - Browser is opened with url: ''

2020-06-05 19:17:57 - [TEST_STEP][PASSED] - navigateToUrl("http://localhost:8065/login"): Navigate to 'http://localhost:8065/login' successfully

2020-06-05 19:17:58 - [MESSAGE][PASSED] - Navigate to 'http://localhost:8065/login' successfully

2020-06-05 19:17:58 - [TEST_STEP][PASSED] - setText(findTestObject("Object Repository/1612427/01_Login/Page_Mattermost/input_All team communication in one place s_703ef5"), username): Text 'hoangthien' is set on object 'Object Repository/1612427/01_Login/Page_Mattermost/input_All team communication in one place s_703ef5'

2020-06-05 19:18:00 - [MESSAGE][PASSED] - Text 'hoangthien' is set on object 'Object Repository/1612427/01_Login/Page_Mattermost/input_All team communication in one place s_703ef5'

2020-06-05 19:18:00 - [TEST_STEP][PASSED] - setEncryptedText(findTestObject("Object Repository/1612427/01_Login/Page_Mattermost/input_All team communication in one place s_2f2733"), password): Text ****** has been set on object 'Object Repository/1612427/01_Login/Page_Mattermost/input_All team communication in one place s_2f2733'

2020-06-05 19:18:01 - [MESSAGE][PASSED] - Text ****** has been set on object 'Object Repository/1612427/01_Login/Page_Mattermost/input_All team communication in one place s_2f2733'

2020-06-05 19:18:01 - [TEST_STEP][PASSED] - click(findTestObject("Object Repository/1612427/01_Login/Page_Mattermost/span_Sign in")): Object: 'Object Repository/1612427/01_Login/Page_Mattermost/span_Sign in' is clicked on

2020-06-05 19:18:02 - [MESSAGE][PASSED] - Object: 'Object Repository/1612427/01_Login/Page_Mattermost/span_Sign in' is clicked on

2020-06-05 19:18:02 - [TEST_STEP][PASSED] - closeBrowser(): Browser is closed

2020-06-05 19:18:03 - [MESSAGE][PASSED] - Browser is closed]]></system-out>
         <system-err><![CDATA[]]></system-err>
      </testcase>
      <testcase name="Test Cases/1612427/01_Login" time="9.612" classname="Test Cases/1612427/01_Login" status="PASSED">
         <system-out><![CDATA[2020-06-05 19:18:03 - [TEST_CASE][PASSED] - Test Cases/1612427/01_Login: Test Cases/1612427/01_Login

2020-06-05 19:18:03 - [TEST_STEP][PASSED] - openBrowser(""): Browser is opened with url: ''

2020-06-05 19:18:03 - [MESSAGE][INFO] - Starting 'Chrome' driver

2020-06-05 19:18:03 - [MESSAGE][INFO] - Action delay is set to 0 milliseconds

2020-06-05 19:18:06 - [MESSAGE][PASSED] - Browser is opened with url: ''

2020-06-05 19:18:06 - [TEST_STEP][PASSED] - navigateToUrl("http://localhost:8065/login"): Navigate to 'http://localhost:8065/login' successfully

2020-06-05 19:18:08 - [MESSAGE][PASSED] - Navigate to 'http://localhost:8065/login' successfully

2020-06-05 19:18:08 - [TEST_STEP][PASSED] - setText(findTestObject("Object Repository/1612427/01_Login/Page_Mattermost/input_All team communication in one place s_703ef5"), username): Text 'hcmus-cdnc' is set on object 'Object Repository/1612427/01_Login/Page_Mattermost/input_All team communication in one place s_703ef5'

2020-06-05 19:18:11 - [MESSAGE][PASSED] - Text 'hcmus-cdnc' is set on object 'Object Repository/1612427/01_Login/Page_Mattermost/input_All team communication in one place s_703ef5'

2020-06-05 19:18:11 - [TEST_STEP][PASSED] - setEncryptedText(findTestObject("Object Repository/1612427/01_Login/Page_Mattermost/input_All team communication in one place s_2f2733"), password): Text ****** has been set on object 'Object Repository/1612427/01_Login/Page_Mattermost/input_All team communication in one place s_2f2733'

2020-06-05 19:18:11 - [MESSAGE][PASSED] - Text ****** has been set on object 'Object Repository/1612427/01_Login/Page_Mattermost/input_All team communication in one place s_2f2733'

2020-06-05 19:18:11 - [TEST_STEP][PASSED] - click(findTestObject("Object Repository/1612427/01_Login/Page_Mattermost/span_Sign in")): Object: 'Object Repository/1612427/01_Login/Page_Mattermost/span_Sign in' is clicked on

2020-06-05 19:18:12 - [MESSAGE][PASSED] - Object: 'Object Repository/1612427/01_Login/Page_Mattermost/span_Sign in' is clicked on

2020-06-05 19:18:12 - [TEST_STEP][PASSED] - closeBrowser(): Browser is closed

2020-06-05 19:18:13 - [MESSAGE][PASSED] - Browser is closed]]></system-out>
         <system-err><![CDATA[]]></system-err>
      </testcase>
      <testcase name="Test Cases/1612427/01_Login" time="9.514" classname="Test Cases/1612427/01_Login" status="PASSED">
         <system-out><![CDATA[2020-06-05 19:18:13 - [TEST_CASE][PASSED] - Test Cases/1612427/01_Login: Test Cases/1612427/01_Login

2020-06-05 19:18:13 - [TEST_STEP][PASSED] - openBrowser(""): Browser is opened with url: ''

2020-06-05 19:18:13 - [MESSAGE][INFO] - Starting 'Chrome' driver

2020-06-05 19:18:13 - [MESSAGE][INFO] - Action delay is set to 0 milliseconds

2020-06-05 19:18:16 - [MESSAGE][PASSED] - Browser is opened with url: ''

2020-06-05 19:18:16 - [TEST_STEP][PASSED] - navigateToUrl("http://localhost:8065/login"): Navigate to 'http://localhost:8065/login' successfully

2020-06-05 19:18:17 - [MESSAGE][PASSED] - Navigate to 'http://localhost:8065/login' successfully

2020-06-05 19:18:17 - [TEST_STEP][PASSED] - setText(findTestObject("Object Repository/1612427/01_Login/Page_Mattermost/input_All team communication in one place s_703ef5"), username): Text 'ductruyen' is set on object 'Object Repository/1612427/01_Login/Page_Mattermost/input_All team communication in one place s_703ef5'

2020-06-05 19:18:20 - [MESSAGE][PASSED] - Text 'ductruyen' is set on object 'Object Repository/1612427/01_Login/Page_Mattermost/input_All team communication in one place s_703ef5'

2020-06-05 19:18:20 - [TEST_STEP][PASSED] - setEncryptedText(findTestObject("Object Repository/1612427/01_Login/Page_Mattermost/input_All team communication in one place s_2f2733"), password): Text ****** has been set on object 'Object Repository/1612427/01_Login/Page_Mattermost/input_All team communication in one place s_2f2733'

2020-06-05 19:18:20 - [MESSAGE][PASSED] - Text ****** has been set on object 'Object Repository/1612427/01_Login/Page_Mattermost/input_All team communication in one place s_2f2733'

2020-06-05 19:18:20 - [TEST_STEP][PASSED] - click(findTestObject("Object Repository/1612427/01_Login/Page_Mattermost/span_Sign in")): Object: 'Object Repository/1612427/01_Login/Page_Mattermost/span_Sign in' is clicked on

2020-06-05 19:18:21 - [MESSAGE][PASSED] - Object: 'Object Repository/1612427/01_Login/Page_Mattermost/span_Sign in' is clicked on

2020-06-05 19:18:21 - [TEST_STEP][PASSED] - closeBrowser(): Browser is closed

2020-06-05 19:18:22 - [MESSAGE][PASSED] - Browser is closed]]></system-out>
         <system-err><![CDATA[]]></system-err>
      </testcase>
      <testcase name="Test Cases/1612427/01_Login" time="9.586" classname="Test Cases/1612427/01_Login" status="PASSED">
         <system-out><![CDATA[2020-06-05 19:18:22 - [TEST_CASE][PASSED] - Test Cases/1612427/01_Login: Test Cases/1612427/01_Login

2020-06-05 19:18:22 - [TEST_STEP][PASSED] - openBrowser(""): Browser is opened with url: ''

2020-06-05 19:18:22 - [MESSAGE][INFO] - Starting 'Chrome' driver

2020-06-05 19:18:22 - [MESSAGE][INFO] - Action delay is set to 0 milliseconds

2020-06-05 19:18:26 - [MESSAGE][PASSED] - Browser is opened with url: ''

2020-06-05 19:18:26 - [TEST_STEP][PASSED] - navigateToUrl("http://localhost:8065/login"): Navigate to 'http://localhost:8065/login' successfully

2020-06-05 19:18:28 - [MESSAGE][PASSED] - Navigate to 'http://localhost:8065/login' successfully

2020-06-05 19:18:28 - [TEST_STEP][PASSED] - setText(findTestObject("Object Repository/1612427/01_Login/Page_Mattermost/input_All team communication in one place s_703ef5"), username): Text 'hcmus-cdnc' is set on object 'Object Repository/1612427/01_Login/Page_Mattermost/input_All team communication in one place s_703ef5'

2020-06-05 19:18:30 - [MESSAGE][PASSED] - Text 'hcmus-cdnc' is set on object 'Object Repository/1612427/01_Login/Page_Mattermost/input_All team communication in one place s_703ef5'

2020-06-05 19:18:30 - [TEST_STEP][PASSED] - setEncryptedText(findTestObject("Object Repository/1612427/01_Login/Page_Mattermost/input_All team communication in one place s_2f2733"), password): Text ****** has been set on object 'Object Repository/1612427/01_Login/Page_Mattermost/input_All team communication in one place s_2f2733'

2020-06-05 19:18:30 - [MESSAGE][PASSED] - Text ****** has been set on object 'Object Repository/1612427/01_Login/Page_Mattermost/input_All team communication in one place s_2f2733'

2020-06-05 19:18:30 - [TEST_STEP][PASSED] - click(findTestObject("Object Repository/1612427/01_Login/Page_Mattermost/span_Sign in")): Object: 'Object Repository/1612427/01_Login/Page_Mattermost/span_Sign in' is clicked on

2020-06-05 19:18:31 - [MESSAGE][PASSED] - Object: 'Object Repository/1612427/01_Login/Page_Mattermost/span_Sign in' is clicked on

2020-06-05 19:18:31 - [TEST_STEP][PASSED] - closeBrowser(): Browser is closed

2020-06-05 19:18:32 - [MESSAGE][PASSED] - Browser is closed]]></system-out>
         <system-err><![CDATA[]]></system-err>
      </testcase>
      <testcase name="Test Cases/1612427/02_ChangePassword" time="18.964" classname="Test Cases/1612427/02_ChangePassword" status="PASSED">
         <system-out><![CDATA[2020-06-05 19:18:32 - [TEST_CASE][PASSED] - Test Cases/1612427/02_ChangePassword: Test Cases/1612427/02_ChangePassword

2020-06-05 19:18:32 - [TEST_STEP][PASSED] - openBrowser(""): Browser is opened with url: ''

2020-06-05 19:18:32 - [MESSAGE][INFO] - Starting 'Chrome' driver

2020-06-05 19:18:32 - [MESSAGE][INFO] - Action delay is set to 0 milliseconds

2020-06-05 19:18:36 - [MESSAGE][PASSED] - Browser is opened with url: ''

2020-06-05 19:18:36 - [TEST_STEP][PASSED] - navigateToUrl("http://localhost:8065/login"): Navigate to 'http://localhost:8065/login' successfully

2020-06-05 19:18:37 - [MESSAGE][PASSED] - Navigate to 'http://localhost:8065/login' successfully

2020-06-05 19:18:37 - [TEST_STEP][PASSED] - setText(findTestObject("Object Repository/1612427/02_ChangePassword/Page_Mattermost/input_All team communication in one place s_703ef5"), "hcmus-cdnc"): Text 'hcmus-cdnc' is set on object 'Object Repository/1612427/02_ChangePassword/Page_Mattermost/input_All team communication in one place s_703ef5'

2020-06-05 19:18:39 - [MESSAGE][PASSED] - Text 'hcmus-cdnc' is set on object 'Object Repository/1612427/02_ChangePassword/Page_Mattermost/input_All team communication in one place s_703ef5'

2020-06-05 19:18:39 - [TEST_STEP][PASSED] - setEncryptedText(findTestObject("Object Repository/1612427/02_ChangePassword/Page_Mattermost/input_All team communication in one place s_2f2733"), "aeHFOx8jV/A="): Text ****** has been set on object 'Object Repository/1612427/02_ChangePassword/Page_Mattermost/input_All team communication in one place s_2f2733'

2020-06-05 19:18:40 - [MESSAGE][PASSED] - Text ****** has been set on object 'Object Repository/1612427/02_ChangePassword/Page_Mattermost/input_All team communication in one place s_2f2733'

2020-06-05 19:18:40 - [TEST_STEP][PASSED] - click(findTestObject("Object Repository/1612427/02_ChangePassword/Page_Mattermost/span_Sign in")): Object: 'Object Repository/1612427/02_ChangePassword/Page_Mattermost/span_Sign in' is clicked on

2020-06-05 19:18:40 - [MESSAGE][PASSED] - Object: 'Object Repository/1612427/02_ChangePassword/Page_Mattermost/span_Sign in' is clicked on

2020-06-05 19:18:40 - [TEST_STEP][PASSED] - click(findTestObject("Object Repository/1612427/02_ChangePassword/Page_Town Square - minus Mattermost/span")): Object: 'Object Repository/1612427/02_ChangePassword/Page_Town Square - minus Mattermost/span' is clicked on

2020-06-05 19:18:45 - [MESSAGE][PASSED] - Object: 'Object Repository/1612427/02_ChangePassword/Page_Town Square - minus Mattermost/span' is clicked on

2020-06-05 19:18:45 - [TEST_STEP][PASSED] - click(findTestObject("Object Repository/1612427/02_ChangePassword/Page_Town Square - minus Mattermost/span_Account Settings")): Object: 'Object Repository/1612427/02_ChangePassword/Page_Town Square - minus Mattermost/span_Account Settings' is clicked on

2020-06-05 19:18:46 - [MESSAGE][PASSED] - Object: 'Object Repository/1612427/02_ChangePassword/Page_Town Square - minus Mattermost/span_Account Settings' is clicked on

2020-06-05 19:18:46 - [TEST_STEP][PASSED] - click(findTestObject("Object Repository/1612427/02_ChangePassword/Page_Town Square - minus Mattermost/button_Security")): Object: 'Object Repository/1612427/02_ChangePassword/Page_Town Square - minus Mattermost/button_Security' is clicked on

2020-06-05 19:18:47 - [MESSAGE][PASSED] - Object: 'Object Repository/1612427/02_ChangePassword/Page_Town Square - minus Mattermost/button_Security' is clicked on

2020-06-05 19:18:47 - [TEST_STEP][PASSED] - click(findTestObject("Object Repository/1612427/02_ChangePassword/Page_Town Square - minus Mattermost/span_Edit")): Object: 'Object Repository/1612427/02_ChangePassword/Page_Town Square - minus Mattermost/span_Edit' is clicked on

2020-06-05 19:18:47 - [MESSAGE][PASSED] - Object: 'Object Repository/1612427/02_ChangePassword/Page_Town Square - minus Mattermost/span_Edit' is clicked on

2020-06-05 19:18:47 - [TEST_STEP][PASSED] - setEncryptedText(findTestObject("Object Repository/1612427/02_ChangePassword/Page_Town Square - minus Mattermost/input_Current Password_currentPassword"), password): Text ****** has been set on object 'Object Repository/1612427/02_ChangePassword/Page_Town Square - minus Mattermost/input_Current Password_currentPassword'

2020-06-05 19:18:48 - [MESSAGE][PASSED] - Text ****** has been set on object 'Object Repository/1612427/02_ChangePassword/Page_Town Square - minus Mattermost/input_Current Password_currentPassword'

2020-06-05 19:18:48 - [TEST_STEP][PASSED] - setEncryptedText(findTestObject("Object Repository/1612427/02_ChangePassword/Page_Town Square - minus Mattermost/input_New Password_newPassword"), new_password): Text ****** has been set on object 'Object Repository/1612427/02_ChangePassword/Page_Town Square - minus Mattermost/input_New Password_newPassword'

2020-06-05 19:18:49 - [MESSAGE][PASSED] - Text ****** has been set on object 'Object Repository/1612427/02_ChangePassword/Page_Town Square - minus Mattermost/input_New Password_newPassword'

2020-06-05 19:18:49 - [TEST_STEP][PASSED] - setEncryptedText(findTestObject("Object Repository/1612427/02_ChangePassword/Page_Town Square - minus Mattermost/input_Retype New Password_confirmPassword"), confirm_password): Text ****** has been set on object 'Object Repository/1612427/02_ChangePassword/Page_Town Square - minus Mattermost/input_Retype New Password_confirmPassword'

2020-06-05 19:18:50 - [MESSAGE][PASSED] - Text ****** has been set on object 'Object Repository/1612427/02_ChangePassword/Page_Town Square - minus Mattermost/input_Retype New Password_confirmPassword'

2020-06-05 19:18:50 - [TEST_STEP][PASSED] - click(findTestObject("Object Repository/1612427/02_ChangePassword/Page_Town Square - minus Mattermost/span_Save")): Object: 'Object Repository/1612427/02_ChangePassword/Page_Town Square - minus Mattermost/span_Save' is clicked on

2020-06-05 19:18:50 - [MESSAGE][PASSED] - Object: 'Object Repository/1612427/02_ChangePassword/Page_Town Square - minus Mattermost/span_Save' is clicked on

2020-06-05 19:18:50 - [TEST_STEP][PASSED] - closeBrowser(): Browser is closed

2020-06-05 19:18:51 - [MESSAGE][PASSED] - Browser is closed]]></system-out>
         <system-err><![CDATA[]]></system-err>
      </testcase>
      <testcase name="Test Cases/1612427/02_ChangePassword" time="18.027" classname="Test Cases/1612427/02_ChangePassword" status="PASSED">
         <system-out><![CDATA[2020-06-05 19:18:51 - [TEST_CASE][PASSED] - Test Cases/1612427/02_ChangePassword: Test Cases/1612427/02_ChangePassword

2020-06-05 19:18:51 - [TEST_STEP][PASSED] - openBrowser(""): Browser is opened with url: ''

2020-06-05 19:18:51 - [MESSAGE][INFO] - Starting 'Chrome' driver

2020-06-05 19:18:51 - [MESSAGE][INFO] - Action delay is set to 0 milliseconds

2020-06-05 19:18:54 - [MESSAGE][PASSED] - Browser is opened with url: ''

2020-06-05 19:18:54 - [TEST_STEP][PASSED] - navigateToUrl("http://localhost:8065/login"): Navigate to 'http://localhost:8065/login' successfully

2020-06-05 19:18:56 - [MESSAGE][PASSED] - Navigate to 'http://localhost:8065/login' successfully

2020-06-05 19:18:56 - [TEST_STEP][PASSED] - setText(findTestObject("Object Repository/1612427/02_ChangePassword/Page_Mattermost/input_All team communication in one place s_703ef5"), "hcmus-cdnc"): Text 'hcmus-cdnc' is set on object 'Object Repository/1612427/02_ChangePassword/Page_Mattermost/input_All team communication in one place s_703ef5'

2020-06-05 19:18:58 - [MESSAGE][PASSED] - Text 'hcmus-cdnc' is set on object 'Object Repository/1612427/02_ChangePassword/Page_Mattermost/input_All team communication in one place s_703ef5'

2020-06-05 19:18:58 - [TEST_STEP][PASSED] - setEncryptedText(findTestObject("Object Repository/1612427/02_ChangePassword/Page_Mattermost/input_All team communication in one place s_2f2733"), "aeHFOx8jV/A="): Text ****** has been set on object 'Object Repository/1612427/02_ChangePassword/Page_Mattermost/input_All team communication in one place s_2f2733'

2020-06-05 19:18:59 - [MESSAGE][PASSED] - Text ****** has been set on object 'Object Repository/1612427/02_ChangePassword/Page_Mattermost/input_All team communication in one place s_2f2733'

2020-06-05 19:18:59 - [TEST_STEP][PASSED] - click(findTestObject("Object Repository/1612427/02_ChangePassword/Page_Mattermost/span_Sign in")): Object: 'Object Repository/1612427/02_ChangePassword/Page_Mattermost/span_Sign in' is clicked on

2020-06-05 19:18:59 - [MESSAGE][PASSED] - Object: 'Object Repository/1612427/02_ChangePassword/Page_Mattermost/span_Sign in' is clicked on

2020-06-05 19:18:59 - [TEST_STEP][PASSED] - click(findTestObject("Object Repository/1612427/02_ChangePassword/Page_Town Square - minus Mattermost/span")): Object: 'Object Repository/1612427/02_ChangePassword/Page_Town Square - minus Mattermost/span' is clicked on

2020-06-05 19:19:03 - [MESSAGE][PASSED] - Object: 'Object Repository/1612427/02_ChangePassword/Page_Town Square - minus Mattermost/span' is clicked on

2020-06-05 19:19:03 - [TEST_STEP][PASSED] - click(findTestObject("Object Repository/1612427/02_ChangePassword/Page_Town Square - minus Mattermost/span_Account Settings")): Object: 'Object Repository/1612427/02_ChangePassword/Page_Town Square - minus Mattermost/span_Account Settings' is clicked on

2020-06-05 19:19:04 - [MESSAGE][PASSED] - Object: 'Object Repository/1612427/02_ChangePassword/Page_Town Square - minus Mattermost/span_Account Settings' is clicked on

2020-06-05 19:19:04 - [TEST_STEP][PASSED] - click(findTestObject("Object Repository/1612427/02_ChangePassword/Page_Town Square - minus Mattermost/button_Security")): Object: 'Object Repository/1612427/02_ChangePassword/Page_Town Square - minus Mattermost/button_Security' is clicked on

2020-06-05 19:19:05 - [MESSAGE][PASSED] - Object: 'Object Repository/1612427/02_ChangePassword/Page_Town Square - minus Mattermost/button_Security' is clicked on

2020-06-05 19:19:05 - [TEST_STEP][PASSED] - click(findTestObject("Object Repository/1612427/02_ChangePassword/Page_Town Square - minus Mattermost/span_Edit")): Object: 'Object Repository/1612427/02_ChangePassword/Page_Town Square - minus Mattermost/span_Edit' is clicked on

2020-06-05 19:19:06 - [MESSAGE][PASSED] - Object: 'Object Repository/1612427/02_ChangePassword/Page_Town Square - minus Mattermost/span_Edit' is clicked on

2020-06-05 19:19:06 - [TEST_STEP][PASSED] - setEncryptedText(findTestObject("Object Repository/1612427/02_ChangePassword/Page_Town Square - minus Mattermost/input_Current Password_currentPassword"), password): Text ****** has been set on object 'Object Repository/1612427/02_ChangePassword/Page_Town Square - minus Mattermost/input_Current Password_currentPassword'

2020-06-05 19:19:06 - [MESSAGE][PASSED] - Text ****** has been set on object 'Object Repository/1612427/02_ChangePassword/Page_Town Square - minus Mattermost/input_Current Password_currentPassword'

2020-06-05 19:19:06 - [TEST_STEP][PASSED] - setEncryptedText(findTestObject("Object Repository/1612427/02_ChangePassword/Page_Town Square - minus Mattermost/input_New Password_newPassword"), new_password): Text ****** has been set on object 'Object Repository/1612427/02_ChangePassword/Page_Town Square - minus Mattermost/input_New Password_newPassword'

2020-06-05 19:19:07 - [MESSAGE][PASSED] - Text ****** has been set on object 'Object Repository/1612427/02_ChangePassword/Page_Town Square - minus Mattermost/input_New Password_newPassword'

2020-06-05 19:19:07 - [TEST_STEP][PASSED] - setEncryptedText(findTestObject("Object Repository/1612427/02_ChangePassword/Page_Town Square - minus Mattermost/input_Retype New Password_confirmPassword"), confirm_password): Text ****** has been set on object 'Object Repository/1612427/02_ChangePassword/Page_Town Square - minus Mattermost/input_Retype New Password_confirmPassword'

2020-06-05 19:19:08 - [MESSAGE][PASSED] - Text ****** has been set on object 'Object Repository/1612427/02_ChangePassword/Page_Town Square - minus Mattermost/input_Retype New Password_confirmPassword'

2020-06-05 19:19:08 - [TEST_STEP][PASSED] - click(findTestObject("Object Repository/1612427/02_ChangePassword/Page_Town Square - minus Mattermost/span_Save")): Object: 'Object Repository/1612427/02_ChangePassword/Page_Town Square - minus Mattermost/span_Save' is clicked on

2020-06-05 19:19:08 - [MESSAGE][PASSED] - Object: 'Object Repository/1612427/02_ChangePassword/Page_Town Square - minus Mattermost/span_Save' is clicked on

2020-06-05 19:19:08 - [TEST_STEP][PASSED] - closeBrowser(): Browser is closed

2020-06-05 19:19:09 - [MESSAGE][PASSED] - Browser is closed]]></system-out>
         <system-err><![CDATA[]]></system-err>
      </testcase>
      <testcase name="Test Cases/1612427/02_ChangePassword" time="17.599" classname="Test Cases/1612427/02_ChangePassword" status="PASSED">
         <system-out><![CDATA[2020-06-05 19:19:09 - [TEST_CASE][PASSED] - Test Cases/1612427/02_ChangePassword: Test Cases/1612427/02_ChangePassword

2020-06-05 19:19:09 - [TEST_STEP][PASSED] - openBrowser(""): Browser is opened with url: ''

2020-06-05 19:19:09 - [MESSAGE][INFO] - Starting 'Chrome' driver

2020-06-05 19:19:09 - [MESSAGE][INFO] - Action delay is set to 0 milliseconds

2020-06-05 19:19:12 - [MESSAGE][PASSED] - Browser is opened with url: ''

2020-06-05 19:19:12 - [TEST_STEP][PASSED] - navigateToUrl("http://localhost:8065/login"): Navigate to 'http://localhost:8065/login' successfully

2020-06-05 19:19:14 - [MESSAGE][PASSED] - Navigate to 'http://localhost:8065/login' successfully

2020-06-05 19:19:14 - [TEST_STEP][PASSED] - setText(findTestObject("Object Repository/1612427/02_ChangePassword/Page_Mattermost/input_All team communication in one place s_703ef5"), "hcmus-cdnc"): Text 'hcmus-cdnc' is set on object 'Object Repository/1612427/02_ChangePassword/Page_Mattermost/input_All team communication in one place s_703ef5'

2020-06-05 19:19:16 - [MESSAGE][PASSED] - Text 'hcmus-cdnc' is set on object 'Object Repository/1612427/02_ChangePassword/Page_Mattermost/input_All team communication in one place s_703ef5'

2020-06-05 19:19:16 - [TEST_STEP][PASSED] - setEncryptedText(findTestObject("Object Repository/1612427/02_ChangePassword/Page_Mattermost/input_All team communication in one place s_2f2733"), "aeHFOx8jV/A="): Text ****** has been set on object 'Object Repository/1612427/02_ChangePassword/Page_Mattermost/input_All team communication in one place s_2f2733'

2020-06-05 19:19:17 - [MESSAGE][PASSED] - Text ****** has been set on object 'Object Repository/1612427/02_ChangePassword/Page_Mattermost/input_All team communication in one place s_2f2733'

2020-06-05 19:19:17 - [TEST_STEP][PASSED] - click(findTestObject("Object Repository/1612427/02_ChangePassword/Page_Mattermost/span_Sign in")): Object: 'Object Repository/1612427/02_ChangePassword/Page_Mattermost/span_Sign in' is clicked on

2020-06-05 19:19:17 - [MESSAGE][PASSED] - Object: 'Object Repository/1612427/02_ChangePassword/Page_Mattermost/span_Sign in' is clicked on

2020-06-05 19:19:17 - [TEST_STEP][PASSED] - click(findTestObject("Object Repository/1612427/02_ChangePassword/Page_Town Square - minus Mattermost/span")): Object: 'Object Repository/1612427/02_ChangePassword/Page_Town Square - minus Mattermost/span' is clicked on

2020-06-05 19:19:21 - [MESSAGE][PASSED] - Object: 'Object Repository/1612427/02_ChangePassword/Page_Town Square - minus Mattermost/span' is clicked on

2020-06-05 19:19:21 - [TEST_STEP][PASSED] - click(findTestObject("Object Repository/1612427/02_ChangePassword/Page_Town Square - minus Mattermost/span_Account Settings")): Object: 'Object Repository/1612427/02_ChangePassword/Page_Town Square - minus Mattermost/span_Account Settings' is clicked on

2020-06-05 19:19:22 - [MESSAGE][PASSED] - Object: 'Object Repository/1612427/02_ChangePassword/Page_Town Square - minus Mattermost/span_Account Settings' is clicked on

2020-06-05 19:19:22 - [TEST_STEP][PASSED] - click(findTestObject("Object Repository/1612427/02_ChangePassword/Page_Town Square - minus Mattermost/button_Security")): Object: 'Object Repository/1612427/02_ChangePassword/Page_Town Square - minus Mattermost/button_Security' is clicked on

2020-06-05 19:19:22 - [MESSAGE][PASSED] - Object: 'Object Repository/1612427/02_ChangePassword/Page_Town Square - minus Mattermost/button_Security' is clicked on

2020-06-05 19:19:22 - [TEST_STEP][PASSED] - click(findTestObject("Object Repository/1612427/02_ChangePassword/Page_Town Square - minus Mattermost/span_Edit")): Object: 'Object Repository/1612427/02_ChangePassword/Page_Town Square - minus Mattermost/span_Edit' is clicked on

2020-06-05 19:19:23 - [MESSAGE][PASSED] - Object: 'Object Repository/1612427/02_ChangePassword/Page_Town Square - minus Mattermost/span_Edit' is clicked on

2020-06-05 19:19:23 - [TEST_STEP][PASSED] - setEncryptedText(findTestObject("Object Repository/1612427/02_ChangePassword/Page_Town Square - minus Mattermost/input_Current Password_currentPassword"), password): Text ****** has been set on object 'Object Repository/1612427/02_ChangePassword/Page_Town Square - minus Mattermost/input_Current Password_currentPassword'

2020-06-05 19:19:24 - [MESSAGE][PASSED] - Text ****** has been set on object 'Object Repository/1612427/02_ChangePassword/Page_Town Square - minus Mattermost/input_Current Password_currentPassword'

2020-06-05 19:19:24 - [TEST_STEP][PASSED] - setEncryptedText(findTestObject("Object Repository/1612427/02_ChangePassword/Page_Town Square - minus Mattermost/input_New Password_newPassword"), new_password): Text ****** has been set on object 'Object Repository/1612427/02_ChangePassword/Page_Town Square - minus Mattermost/input_New Password_newPassword'

2020-06-05 19:19:25 - [MESSAGE][PASSED] - Text ****** has been set on object 'Object Repository/1612427/02_ChangePassword/Page_Town Square - minus Mattermost/input_New Password_newPassword'

2020-06-05 19:19:25 - [TEST_STEP][PASSED] - setEncryptedText(findTestObject("Object Repository/1612427/02_ChangePassword/Page_Town Square - minus Mattermost/input_Retype New Password_confirmPassword"), confirm_password): Text ****** has been set on object 'Object Repository/1612427/02_ChangePassword/Page_Town Square - minus Mattermost/input_Retype New Password_confirmPassword'

2020-06-05 19:19:25 - [MESSAGE][PASSED] - Text ****** has been set on object 'Object Repository/1612427/02_ChangePassword/Page_Town Square - minus Mattermost/input_Retype New Password_confirmPassword'

2020-06-05 19:19:25 - [TEST_STEP][PASSED] - click(findTestObject("Object Repository/1612427/02_ChangePassword/Page_Town Square - minus Mattermost/span_Save")): Object: 'Object Repository/1612427/02_ChangePassword/Page_Town Square - minus Mattermost/span_Save' is clicked on

2020-06-05 19:19:26 - [MESSAGE][PASSED] - Object: 'Object Repository/1612427/02_ChangePassword/Page_Town Square - minus Mattermost/span_Save' is clicked on

2020-06-05 19:19:26 - [TEST_STEP][PASSED] - closeBrowser(): Browser is closed

2020-06-05 19:19:27 - [MESSAGE][PASSED] - Browser is closed]]></system-out>
         <system-err><![CDATA[]]></system-err>
      </testcase>
      <testcase name="Test Cases/1612427/02_ChangePassword" time="20.991" classname="Test Cases/1612427/02_ChangePassword" status="PASSED">
         <system-out><![CDATA[2020-06-05 19:19:27 - [TEST_CASE][PASSED] - Test Cases/1612427/02_ChangePassword: Test Cases/1612427/02_ChangePassword

2020-06-05 19:19:27 - [TEST_STEP][PASSED] - openBrowser(""): Browser is opened with url: ''

2020-06-05 19:19:27 - [MESSAGE][INFO] - Starting 'Chrome' driver

2020-06-05 19:19:27 - [MESSAGE][INFO] - Action delay is set to 0 milliseconds

2020-06-05 19:19:30 - [MESSAGE][PASSED] - Browser is opened with url: ''

2020-06-05 19:19:30 - [TEST_STEP][PASSED] - navigateToUrl("http://localhost:8065/login"): Navigate to 'http://localhost:8065/login' successfully

2020-06-05 19:19:32 - [MESSAGE][PASSED] - Navigate to 'http://localhost:8065/login' successfully

2020-06-05 19:19:32 - [TEST_STEP][PASSED] - setText(findTestObject("Object Repository/1612427/02_ChangePassword/Page_Mattermost/input_All team communication in one place s_703ef5"), "hcmus-cdnc"): Text 'hcmus-cdnc' is set on object 'Object Repository/1612427/02_ChangePassword/Page_Mattermost/input_All team communication in one place s_703ef5'

2020-06-05 19:19:35 - [MESSAGE][PASSED] - Text 'hcmus-cdnc' is set on object 'Object Repository/1612427/02_ChangePassword/Page_Mattermost/input_All team communication in one place s_703ef5'

2020-06-05 19:19:35 - [TEST_STEP][PASSED] - setEncryptedText(findTestObject("Object Repository/1612427/02_ChangePassword/Page_Mattermost/input_All team communication in one place s_2f2733"), "aeHFOx8jV/A="): Text ****** has been set on object 'Object Repository/1612427/02_ChangePassword/Page_Mattermost/input_All team communication in one place s_2f2733'

2020-06-05 19:19:36 - [MESSAGE][PASSED] - Text ****** has been set on object 'Object Repository/1612427/02_ChangePassword/Page_Mattermost/input_All team communication in one place s_2f2733'

2020-06-05 19:19:36 - [TEST_STEP][PASSED] - click(findTestObject("Object Repository/1612427/02_ChangePassword/Page_Mattermost/span_Sign in")): Object: 'Object Repository/1612427/02_ChangePassword/Page_Mattermost/span_Sign in' is clicked on

2020-06-05 19:19:36 - [MESSAGE][PASSED] - Object: 'Object Repository/1612427/02_ChangePassword/Page_Mattermost/span_Sign in' is clicked on

2020-06-05 19:19:36 - [TEST_STEP][PASSED] - click(findTestObject("Object Repository/1612427/02_ChangePassword/Page_Town Square - minus Mattermost/span")): Object: 'Object Repository/1612427/02_ChangePassword/Page_Town Square - minus Mattermost/span' is clicked on

2020-06-05 19:19:41 - [MESSAGE][PASSED] - Object: 'Object Repository/1612427/02_ChangePassword/Page_Town Square - minus Mattermost/span' is clicked on

2020-06-05 19:19:41 - [TEST_STEP][PASSED] - click(findTestObject("Object Repository/1612427/02_ChangePassword/Page_Town Square - minus Mattermost/span_Account Settings")): Object: 'Object Repository/1612427/02_ChangePassword/Page_Town Square - minus Mattermost/span_Account Settings' is clicked on

2020-06-05 19:19:42 - [MESSAGE][PASSED] - Object: 'Object Repository/1612427/02_ChangePassword/Page_Town Square - minus Mattermost/span_Account Settings' is clicked on

2020-06-05 19:19:42 - [TEST_STEP][PASSED] - click(findTestObject("Object Repository/1612427/02_ChangePassword/Page_Town Square - minus Mattermost/button_Security")): Object: 'Object Repository/1612427/02_ChangePassword/Page_Town Square - minus Mattermost/button_Security' is clicked on

2020-06-05 19:19:43 - [MESSAGE][PASSED] - Object: 'Object Repository/1612427/02_ChangePassword/Page_Town Square - minus Mattermost/button_Security' is clicked on

2020-06-05 19:19:43 - [TEST_STEP][PASSED] - click(findTestObject("Object Repository/1612427/02_ChangePassword/Page_Town Square - minus Mattermost/span_Edit")): Object: 'Object Repository/1612427/02_ChangePassword/Page_Town Square - minus Mattermost/span_Edit' is clicked on

2020-06-05 19:19:44 - [MESSAGE][PASSED] - Object: 'Object Repository/1612427/02_ChangePassword/Page_Town Square - minus Mattermost/span_Edit' is clicked on

2020-06-05 19:19:44 - [TEST_STEP][PASSED] - setEncryptedText(findTestObject("Object Repository/1612427/02_ChangePassword/Page_Town Square - minus Mattermost/input_Current Password_currentPassword"), password): Text ****** has been set on object 'Object Repository/1612427/02_ChangePassword/Page_Town Square - minus Mattermost/input_Current Password_currentPassword'

2020-06-05 19:19:45 - [MESSAGE][PASSED] - Text ****** has been set on object 'Object Repository/1612427/02_ChangePassword/Page_Town Square - minus Mattermost/input_Current Password_currentPassword'

2020-06-05 19:19:45 - [TEST_STEP][PASSED] - setEncryptedText(findTestObject("Object Repository/1612427/02_ChangePassword/Page_Town Square - minus Mattermost/input_New Password_newPassword"), new_password): Text ****** has been set on object 'Object Repository/1612427/02_ChangePassword/Page_Town Square - minus Mattermost/input_New Password_newPassword'

2020-06-05 19:19:45 - [MESSAGE][PASSED] - Text ****** has been set on object 'Object Repository/1612427/02_ChangePassword/Page_Town Square - minus Mattermost/input_New Password_newPassword'

2020-06-05 19:19:45 - [TEST_STEP][PASSED] - setEncryptedText(findTestObject("Object Repository/1612427/02_ChangePassword/Page_Town Square - minus Mattermost/input_Retype New Password_confirmPassword"), confirm_password): Text ****** has been set on object 'Object Repository/1612427/02_ChangePassword/Page_Town Square - minus Mattermost/input_Retype New Password_confirmPassword'

2020-06-05 19:19:46 - [MESSAGE][PASSED] - Text ****** has been set on object 'Object Repository/1612427/02_ChangePassword/Page_Town Square - minus Mattermost/input_Retype New Password_confirmPassword'

2020-06-05 19:19:46 - [TEST_STEP][PASSED] - click(findTestObject("Object Repository/1612427/02_ChangePassword/Page_Town Square - minus Mattermost/span_Save")): Object: 'Object Repository/1612427/02_ChangePassword/Page_Town Square - minus Mattermost/span_Save' is clicked on

2020-06-05 19:19:47 - [MESSAGE][PASSED] - Object: 'Object Repository/1612427/02_ChangePassword/Page_Town Square - minus Mattermost/span_Save' is clicked on

2020-06-05 19:19:47 - [TEST_STEP][PASSED] - closeBrowser(): Browser is closed

2020-06-05 19:19:48 - [MESSAGE][PASSED] - Browser is closed]]></system-out>
         <system-err><![CDATA[]]></system-err>
      </testcase>
      <testcase name="Test Cases/1612427/02_ChangePassword" time="18.055" classname="Test Cases/1612427/02_ChangePassword" status="PASSED">
         <system-out><![CDATA[2020-06-05 19:19:48 - [TEST_CASE][PASSED] - Test Cases/1612427/02_ChangePassword: Test Cases/1612427/02_ChangePassword

2020-06-05 19:19:48 - [TEST_STEP][PASSED] - openBrowser(""): Browser is opened with url: ''

2020-06-05 19:19:48 - [MESSAGE][INFO] - Starting 'Chrome' driver

2020-06-05 19:19:48 - [MESSAGE][INFO] - Action delay is set to 0 milliseconds

2020-06-05 19:19:51 - [MESSAGE][PASSED] - Browser is opened with url: ''

2020-06-05 19:19:51 - [TEST_STEP][PASSED] - navigateToUrl("http://localhost:8065/login"): Navigate to 'http://localhost:8065/login' successfully

2020-06-05 19:19:53 - [MESSAGE][PASSED] - Navigate to 'http://localhost:8065/login' successfully

2020-06-05 19:19:53 - [TEST_STEP][PASSED] - setText(findTestObject("Object Repository/1612427/02_ChangePassword/Page_Mattermost/input_All team communication in one place s_703ef5"), "hcmus-cdnc"): Text 'hcmus-cdnc' is set on object 'Object Repository/1612427/02_ChangePassword/Page_Mattermost/input_All team communication in one place s_703ef5'

2020-06-05 19:19:55 - [MESSAGE][PASSED] - Text 'hcmus-cdnc' is set on object 'Object Repository/1612427/02_ChangePassword/Page_Mattermost/input_All team communication in one place s_703ef5'

2020-06-05 19:19:55 - [TEST_STEP][PASSED] - setEncryptedText(findTestObject("Object Repository/1612427/02_ChangePassword/Page_Mattermost/input_All team communication in one place s_2f2733"), "aeHFOx8jV/A="): Text ****** has been set on object 'Object Repository/1612427/02_ChangePassword/Page_Mattermost/input_All team communication in one place s_2f2733'

2020-06-05 19:19:55 - [MESSAGE][PASSED] - Text ****** has been set on object 'Object Repository/1612427/02_ChangePassword/Page_Mattermost/input_All team communication in one place s_2f2733'

2020-06-05 19:19:55 - [TEST_STEP][PASSED] - click(findTestObject("Object Repository/1612427/02_ChangePassword/Page_Mattermost/span_Sign in")): Object: 'Object Repository/1612427/02_ChangePassword/Page_Mattermost/span_Sign in' is clicked on

2020-06-05 19:19:56 - [MESSAGE][PASSED] - Object: 'Object Repository/1612427/02_ChangePassword/Page_Mattermost/span_Sign in' is clicked on

2020-06-05 19:19:56 - [TEST_STEP][PASSED] - click(findTestObject("Object Repository/1612427/02_ChangePassword/Page_Town Square - minus Mattermost/span")): Object: 'Object Repository/1612427/02_ChangePassword/Page_Town Square - minus Mattermost/span' is clicked on

2020-06-05 19:20:00 - [MESSAGE][PASSED] - Object: 'Object Repository/1612427/02_ChangePassword/Page_Town Square - minus Mattermost/span' is clicked on

2020-06-05 19:20:00 - [TEST_STEP][PASSED] - click(findTestObject("Object Repository/1612427/02_ChangePassword/Page_Town Square - minus Mattermost/span_Account Settings")): Object: 'Object Repository/1612427/02_ChangePassword/Page_Town Square - minus Mattermost/span_Account Settings' is clicked on

2020-06-05 19:20:01 - [MESSAGE][PASSED] - Object: 'Object Repository/1612427/02_ChangePassword/Page_Town Square - minus Mattermost/span_Account Settings' is clicked on

2020-06-05 19:20:01 - [TEST_STEP][PASSED] - click(findTestObject("Object Repository/1612427/02_ChangePassword/Page_Town Square - minus Mattermost/button_Security")): Object: 'Object Repository/1612427/02_ChangePassword/Page_Town Square - minus Mattermost/button_Security' is clicked on

2020-06-05 19:20:02 - [MESSAGE][PASSED] - Object: 'Object Repository/1612427/02_ChangePassword/Page_Town Square - minus Mattermost/button_Security' is clicked on

2020-06-05 19:20:02 - [TEST_STEP][PASSED] - click(findTestObject("Object Repository/1612427/02_ChangePassword/Page_Town Square - minus Mattermost/span_Edit")): Object: 'Object Repository/1612427/02_ChangePassword/Page_Town Square - minus Mattermost/span_Edit' is clicked on

2020-06-05 19:20:02 - [MESSAGE][PASSED] - Object: 'Object Repository/1612427/02_ChangePassword/Page_Town Square - minus Mattermost/span_Edit' is clicked on

2020-06-05 19:20:02 - [TEST_STEP][PASSED] - setEncryptedText(findTestObject("Object Repository/1612427/02_ChangePassword/Page_Town Square - minus Mattermost/input_Current Password_currentPassword"), password): Text ****** has been set on object 'Object Repository/1612427/02_ChangePassword/Page_Town Square - minus Mattermost/input_Current Password_currentPassword'

2020-06-05 19:20:03 - [MESSAGE][PASSED] - Text ****** has been set on object 'Object Repository/1612427/02_ChangePassword/Page_Town Square - minus Mattermost/input_Current Password_currentPassword'

2020-06-05 19:20:03 - [TEST_STEP][PASSED] - setEncryptedText(findTestObject("Object Repository/1612427/02_ChangePassword/Page_Town Square - minus Mattermost/input_New Password_newPassword"), new_password): Text ****** has been set on object 'Object Repository/1612427/02_ChangePassword/Page_Town Square - minus Mattermost/input_New Password_newPassword'

2020-06-05 19:20:04 - [MESSAGE][PASSED] - Text ****** has been set on object 'Object Repository/1612427/02_ChangePassword/Page_Town Square - minus Mattermost/input_New Password_newPassword'

2020-06-05 19:20:04 - [TEST_STEP][PASSED] - setEncryptedText(findTestObject("Object Repository/1612427/02_ChangePassword/Page_Town Square - minus Mattermost/input_Retype New Password_confirmPassword"), confirm_password): Text ****** has been set on object 'Object Repository/1612427/02_ChangePassword/Page_Town Square - minus Mattermost/input_Retype New Password_confirmPassword'

2020-06-05 19:20:04 - [MESSAGE][PASSED] - Text ****** has been set on object 'Object Repository/1612427/02_ChangePassword/Page_Town Square - minus Mattermost/input_Retype New Password_confirmPassword'

2020-06-05 19:20:04 - [TEST_STEP][PASSED] - click(findTestObject("Object Repository/1612427/02_ChangePassword/Page_Town Square - minus Mattermost/span_Save")): Object: 'Object Repository/1612427/02_ChangePassword/Page_Town Square - minus Mattermost/span_Save' is clicked on

2020-06-05 19:20:05 - [MESSAGE][PASSED] - Object: 'Object Repository/1612427/02_ChangePassword/Page_Town Square - minus Mattermost/span_Save' is clicked on

2020-06-05 19:20:05 - [TEST_STEP][PASSED] - closeBrowser(): Browser is closed

2020-06-05 19:20:06 - [MESSAGE][PASSED] - Browser is closed]]></system-out>
         <system-err><![CDATA[]]></system-err>
      </testcase>
      <testcase name="Test Cases/1612427/03_ChangeName" time="18.515" classname="Test Cases/1612427/03_ChangeName" status="PASSED">
         <system-out><![CDATA[2020-06-05 19:20:06 - [TEST_CASE][PASSED] - Test Cases/1612427/03_ChangeName: Test Cases/1612427/03_ChangeName

2020-06-05 19:20:06 - [TEST_STEP][PASSED] - openBrowser(""): Browser is opened with url: ''

2020-06-05 19:20:06 - [MESSAGE][INFO] - Starting 'Chrome' driver

2020-06-05 19:20:06 - [MESSAGE][INFO] - Action delay is set to 0 milliseconds

2020-06-05 19:20:09 - [MESSAGE][PASSED] - Browser is opened with url: ''

2020-06-05 19:20:09 - [TEST_STEP][PASSED] - navigateToUrl("http://localhost:8065/login"): Navigate to 'http://localhost:8065/login' successfully

2020-06-05 19:20:11 - [MESSAGE][PASSED] - Navigate to 'http://localhost:8065/login' successfully

2020-06-05 19:20:11 - [TEST_STEP][PASSED] - setText(findTestObject("Object Repository/1612427/02_ChangePassword/Page_Mattermost/input_All team communication in one place s_703ef5"), "hcmus-cdnc"): Text 'hcmus-cdnc' is set on object 'Object Repository/1612427/02_ChangePassword/Page_Mattermost/input_All team communication in one place s_703ef5'

2020-06-05 19:20:13 - [MESSAGE][PASSED] - Text 'hcmus-cdnc' is set on object 'Object Repository/1612427/02_ChangePassword/Page_Mattermost/input_All team communication in one place s_703ef5'

2020-06-05 19:20:13 - [TEST_STEP][PASSED] - setEncryptedText(findTestObject("Object Repository/1612427/02_ChangePassword/Page_Mattermost/input_All team communication in one place s_2f2733"), "aeHFOx8jV/A="): Text ****** has been set on object 'Object Repository/1612427/02_ChangePassword/Page_Mattermost/input_All team communication in one place s_2f2733'

2020-06-05 19:20:14 - [MESSAGE][PASSED] - Text ****** has been set on object 'Object Repository/1612427/02_ChangePassword/Page_Mattermost/input_All team communication in one place s_2f2733'

2020-06-05 19:20:14 - [TEST_STEP][PASSED] - click(findTestObject("Object Repository/1612427/02_ChangePassword/Page_Mattermost/span_Sign in")): Object: 'Object Repository/1612427/02_ChangePassword/Page_Mattermost/span_Sign in' is clicked on

2020-06-05 19:20:15 - [MESSAGE][PASSED] - Object: 'Object Repository/1612427/02_ChangePassword/Page_Mattermost/span_Sign in' is clicked on

2020-06-05 19:20:15 - [TEST_STEP][PASSED] - click(findTestObject("Object Repository/1612427/02_ChangePassword/Page_Town Square - minus Mattermost/span")): Object: 'Object Repository/1612427/02_ChangePassword/Page_Town Square - minus Mattermost/span' is clicked on

2020-06-05 19:20:18 - [MESSAGE][PASSED] - Object: 'Object Repository/1612427/02_ChangePassword/Page_Town Square - minus Mattermost/span' is clicked on

2020-06-05 19:20:18 - [TEST_STEP][PASSED] - click(findTestObject("Object Repository/1612427/02_ChangePassword/Page_Town Square - minus Mattermost/span_Account Settings")): Object: 'Object Repository/1612427/02_ChangePassword/Page_Town Square - minus Mattermost/span_Account Settings' is clicked on

2020-06-05 19:20:19 - [MESSAGE][PASSED] - Object: 'Object Repository/1612427/02_ChangePassword/Page_Town Square - minus Mattermost/span_Account Settings' is clicked on

2020-06-05 19:20:19 - [TEST_STEP][PASSED] - click(findTestObject("Object Repository/1612427/03_ChangeName/Page_Town Square - minus Mattermost/span_Edit")): Object: 'Object Repository/1612427/03_ChangeName/Page_Town Square - minus Mattermost/span_Edit' is clicked on

2020-06-05 19:20:20 - [MESSAGE][PASSED] - Object: 'Object Repository/1612427/03_ChangeName/Page_Town Square - minus Mattermost/span_Edit' is clicked on

2020-06-05 19:20:20 - [TEST_STEP][PASSED] - click(findTestObject("Object Repository/1612427/03_ChangeName/Page_Town Square - minus Mattermost/div_First Name")): Object: 'Object Repository/1612427/03_ChangeName/Page_Town Square - minus Mattermost/div_First Name' is clicked on

2020-06-05 19:20:20 - [MESSAGE][PASSED] - Object: 'Object Repository/1612427/03_ChangeName/Page_Town Square - minus Mattermost/div_First Name' is clicked on

2020-06-05 19:20:20 - [TEST_STEP][PASSED] - setText(findTestObject("Object Repository/1612427/03_ChangeName/Page_Town Square - minus Mattermost/input_First Name_firstName"), firstname): Text 'Nguyễn' is set on object 'Object Repository/1612427/03_ChangeName/Page_Town Square - minus Mattermost/input_First Name_firstName'

2020-06-05 19:20:21 - [MESSAGE][PASSED] - Text 'Nguyễn' is set on object 'Object Repository/1612427/03_ChangeName/Page_Town Square - minus Mattermost/input_First Name_firstName'

2020-06-05 19:20:21 - [TEST_STEP][PASSED] - click(findTestObject("Object Repository/1612427/03_ChangeName/Page_Town Square - minus Mattermost/div_Last Name")): Object: 'Object Repository/1612427/03_ChangeName/Page_Town Square - minus Mattermost/div_Last Name' is clicked on

2020-06-05 19:20:22 - [MESSAGE][PASSED] - Object: 'Object Repository/1612427/03_ChangeName/Page_Town Square - minus Mattermost/div_Last Name' is clicked on

2020-06-05 19:20:22 - [TEST_STEP][PASSED] - setText(findTestObject("Object Repository/1612427/03_ChangeName/Page_Town Square - minus Mattermost/input_Last Name_lastName"), lastname): Text 'Văn Thìn' is set on object 'Object Repository/1612427/03_ChangeName/Page_Town Square - minus Mattermost/input_Last Name_lastName'

2020-06-05 19:20:23 - [MESSAGE][PASSED] - Text 'Văn Thìn' is set on object 'Object Repository/1612427/03_ChangeName/Page_Town Square - minus Mattermost/input_Last Name_lastName'

2020-06-05 19:20:23 - [TEST_STEP][PASSED] - click(findTestObject("Object Repository/1612427/03_ChangeName/Page_Town Square - minus Mattermost/span_Save")): Object: 'Object Repository/1612427/03_ChangeName/Page_Town Square - minus Mattermost/span_Save' is clicked on

2020-06-05 19:20:23 - [MESSAGE][PASSED] - Object: 'Object Repository/1612427/03_ChangeName/Page_Town Square - minus Mattermost/span_Save' is clicked on

2020-06-05 19:20:23 - [TEST_STEP][PASSED] - closeBrowser(): Browser is closed

2020-06-05 19:20:24 - [MESSAGE][PASSED] - Browser is closed]]></system-out>
         <system-err><![CDATA[]]></system-err>
      </testcase>
      <testcase name="Test Cases/1612427/03_ChangeName" time="18.392" classname="Test Cases/1612427/03_ChangeName" status="PASSED">
         <system-out><![CDATA[2020-06-05 19:20:24 - [TEST_CASE][PASSED] - Test Cases/1612427/03_ChangeName: Test Cases/1612427/03_ChangeName

2020-06-05 19:20:24 - [TEST_STEP][PASSED] - openBrowser(""): Browser is opened with url: ''

2020-06-05 19:20:24 - [MESSAGE][INFO] - Starting 'Chrome' driver

2020-06-05 19:20:24 - [MESSAGE][INFO] - Action delay is set to 0 milliseconds

2020-06-05 19:20:28 - [MESSAGE][PASSED] - Browser is opened with url: ''

2020-06-05 19:20:28 - [TEST_STEP][PASSED] - navigateToUrl("http://localhost:8065/login"): Navigate to 'http://localhost:8065/login' successfully

2020-06-05 19:20:29 - [MESSAGE][PASSED] - Navigate to 'http://localhost:8065/login' successfully

2020-06-05 19:20:29 - [TEST_STEP][PASSED] - setText(findTestObject("Object Repository/1612427/02_ChangePassword/Page_Mattermost/input_All team communication in one place s_703ef5"), "hcmus-cdnc"): Text 'hcmus-cdnc' is set on object 'Object Repository/1612427/02_ChangePassword/Page_Mattermost/input_All team communication in one place s_703ef5'

2020-06-05 19:20:31 - [MESSAGE][PASSED] - Text 'hcmus-cdnc' is set on object 'Object Repository/1612427/02_ChangePassword/Page_Mattermost/input_All team communication in one place s_703ef5'

2020-06-05 19:20:31 - [TEST_STEP][PASSED] - setEncryptedText(findTestObject("Object Repository/1612427/02_ChangePassword/Page_Mattermost/input_All team communication in one place s_2f2733"), "aeHFOx8jV/A="): Text ****** has been set on object 'Object Repository/1612427/02_ChangePassword/Page_Mattermost/input_All team communication in one place s_2f2733'

2020-06-05 19:20:32 - [MESSAGE][PASSED] - Text ****** has been set on object 'Object Repository/1612427/02_ChangePassword/Page_Mattermost/input_All team communication in one place s_2f2733'

2020-06-05 19:20:32 - [TEST_STEP][PASSED] - click(findTestObject("Object Repository/1612427/02_ChangePassword/Page_Mattermost/span_Sign in")): Object: 'Object Repository/1612427/02_ChangePassword/Page_Mattermost/span_Sign in' is clicked on

2020-06-05 19:20:33 - [MESSAGE][PASSED] - Object: 'Object Repository/1612427/02_ChangePassword/Page_Mattermost/span_Sign in' is clicked on

2020-06-05 19:20:33 - [TEST_STEP][PASSED] - click(findTestObject("Object Repository/1612427/02_ChangePassword/Page_Town Square - minus Mattermost/span")): Object: 'Object Repository/1612427/02_ChangePassword/Page_Town Square - minus Mattermost/span' is clicked on

2020-06-05 19:20:36 - [MESSAGE][PASSED] - Object: 'Object Repository/1612427/02_ChangePassword/Page_Town Square - minus Mattermost/span' is clicked on

2020-06-05 19:20:36 - [TEST_STEP][PASSED] - click(findTestObject("Object Repository/1612427/02_ChangePassword/Page_Town Square - minus Mattermost/span_Account Settings")): Object: 'Object Repository/1612427/02_ChangePassword/Page_Town Square - minus Mattermost/span_Account Settings' is clicked on

2020-06-05 19:20:37 - [MESSAGE][PASSED] - Object: 'Object Repository/1612427/02_ChangePassword/Page_Town Square - minus Mattermost/span_Account Settings' is clicked on

2020-06-05 19:20:37 - [TEST_STEP][PASSED] - click(findTestObject("Object Repository/1612427/03_ChangeName/Page_Town Square - minus Mattermost/span_Edit")): Object: 'Object Repository/1612427/03_ChangeName/Page_Town Square - minus Mattermost/span_Edit' is clicked on

2020-06-05 19:20:38 - [MESSAGE][PASSED] - Object: 'Object Repository/1612427/03_ChangeName/Page_Town Square - minus Mattermost/span_Edit' is clicked on

2020-06-05 19:20:38 - [TEST_STEP][PASSED] - click(findTestObject("Object Repository/1612427/03_ChangeName/Page_Town Square - minus Mattermost/div_First Name")): Object: 'Object Repository/1612427/03_ChangeName/Page_Town Square - minus Mattermost/div_First Name' is clicked on

2020-06-05 19:20:39 - [MESSAGE][PASSED] - Object: 'Object Repository/1612427/03_ChangeName/Page_Town Square - minus Mattermost/div_First Name' is clicked on

2020-06-05 19:20:39 - [TEST_STEP][PASSED] - setText(findTestObject("Object Repository/1612427/03_ChangeName/Page_Town Square - minus Mattermost/input_First Name_firstName"), firstname): Text 'Ngô' is set on object 'Object Repository/1612427/03_ChangeName/Page_Town Square - minus Mattermost/input_First Name_firstName'

2020-06-05 19:20:39 - [MESSAGE][PASSED] - Text 'Ngô' is set on object 'Object Repository/1612427/03_ChangeName/Page_Town Square - minus Mattermost/input_First Name_firstName'

2020-06-05 19:20:39 - [TEST_STEP][PASSED] - click(findTestObject("Object Repository/1612427/03_ChangeName/Page_Town Square - minus Mattermost/div_Last Name")): Object: 'Object Repository/1612427/03_ChangeName/Page_Town Square - minus Mattermost/div_Last Name' is clicked on

2020-06-05 19:20:40 - [MESSAGE][PASSED] - Object: 'Object Repository/1612427/03_ChangeName/Page_Town Square - minus Mattermost/div_Last Name' is clicked on

2020-06-05 19:20:40 - [TEST_STEP][PASSED] - setText(findTestObject("Object Repository/1612427/03_ChangeName/Page_Town Square - minus Mattermost/input_Last Name_lastName"), lastname): Text 'Hoàng Thiên' is set on object 'Object Repository/1612427/03_ChangeName/Page_Town Square - minus Mattermost/input_Last Name_lastName'

2020-06-05 19:20:41 - [MESSAGE][PASSED] - Text 'Hoàng Thiên' is set on object 'Object Repository/1612427/03_ChangeName/Page_Town Square - minus Mattermost/input_Last Name_lastName'

2020-06-05 19:20:41 - [TEST_STEP][PASSED] - click(findTestObject("Object Repository/1612427/03_ChangeName/Page_Town Square - minus Mattermost/span_Save")): Object: 'Object Repository/1612427/03_ChangeName/Page_Town Square - minus Mattermost/span_Save' is clicked on

2020-06-05 19:20:42 - [MESSAGE][PASSED] - Object: 'Object Repository/1612427/03_ChangeName/Page_Town Square - minus Mattermost/span_Save' is clicked on

2020-06-05 19:20:42 - [TEST_STEP][PASSED] - closeBrowser(): Browser is closed

2020-06-05 19:20:43 - [MESSAGE][PASSED] - Browser is closed]]></system-out>
         <system-err><![CDATA[]]></system-err>
      </testcase>
      <testcase name="Test Cases/1612427/03_ChangeName" time="18.395" classname="Test Cases/1612427/03_ChangeName" status="PASSED">
         <system-out><![CDATA[2020-06-05 19:20:43 - [TEST_CASE][PASSED] - Test Cases/1612427/03_ChangeName: Test Cases/1612427/03_ChangeName

2020-06-05 19:20:43 - [TEST_STEP][PASSED] - openBrowser(""): Browser is opened with url: ''

2020-06-05 19:20:43 - [MESSAGE][INFO] - Starting 'Chrome' driver

2020-06-05 19:20:43 - [MESSAGE][INFO] - Action delay is set to 0 milliseconds

2020-06-05 19:20:46 - [MESSAGE][PASSED] - Browser is opened with url: ''

2020-06-05 19:20:46 - [TEST_STEP][PASSED] - navigateToUrl("http://localhost:8065/login"): Navigate to 'http://localhost:8065/login' successfully

2020-06-05 19:20:48 - [MESSAGE][PASSED] - Navigate to 'http://localhost:8065/login' successfully

2020-06-05 19:20:48 - [TEST_STEP][PASSED] - setText(findTestObject("Object Repository/1612427/02_ChangePassword/Page_Mattermost/input_All team communication in one place s_703ef5"), "hcmus-cdnc"): Text 'hcmus-cdnc' is set on object 'Object Repository/1612427/02_ChangePassword/Page_Mattermost/input_All team communication in one place s_703ef5'

2020-06-05 19:20:49 - [MESSAGE][PASSED] - Text 'hcmus-cdnc' is set on object 'Object Repository/1612427/02_ChangePassword/Page_Mattermost/input_All team communication in one place s_703ef5'

2020-06-05 19:20:49 - [TEST_STEP][PASSED] - setEncryptedText(findTestObject("Object Repository/1612427/02_ChangePassword/Page_Mattermost/input_All team communication in one place s_2f2733"), "aeHFOx8jV/A="): Text ****** has been set on object 'Object Repository/1612427/02_ChangePassword/Page_Mattermost/input_All team communication in one place s_2f2733'

2020-06-05 19:20:50 - [MESSAGE][PASSED] - Text ****** has been set on object 'Object Repository/1612427/02_ChangePassword/Page_Mattermost/input_All team communication in one place s_2f2733'

2020-06-05 19:20:50 - [TEST_STEP][PASSED] - click(findTestObject("Object Repository/1612427/02_ChangePassword/Page_Mattermost/span_Sign in")): Object: 'Object Repository/1612427/02_ChangePassword/Page_Mattermost/span_Sign in' is clicked on

2020-06-05 19:20:51 - [MESSAGE][PASSED] - Object: 'Object Repository/1612427/02_ChangePassword/Page_Mattermost/span_Sign in' is clicked on

2020-06-05 19:20:51 - [TEST_STEP][PASSED] - click(findTestObject("Object Repository/1612427/02_ChangePassword/Page_Town Square - minus Mattermost/span")): Object: 'Object Repository/1612427/02_ChangePassword/Page_Town Square - minus Mattermost/span' is clicked on

2020-06-05 19:20:55 - [MESSAGE][PASSED] - Object: 'Object Repository/1612427/02_ChangePassword/Page_Town Square - minus Mattermost/span' is clicked on

2020-06-05 19:20:55 - [TEST_STEP][PASSED] - click(findTestObject("Object Repository/1612427/02_ChangePassword/Page_Town Square - minus Mattermost/span_Account Settings")): Object: 'Object Repository/1612427/02_ChangePassword/Page_Town Square - minus Mattermost/span_Account Settings' is clicked on

2020-06-05 19:20:56 - [MESSAGE][PASSED] - Object: 'Object Repository/1612427/02_ChangePassword/Page_Town Square - minus Mattermost/span_Account Settings' is clicked on

2020-06-05 19:20:56 - [TEST_STEP][PASSED] - click(findTestObject("Object Repository/1612427/03_ChangeName/Page_Town Square - minus Mattermost/span_Edit")): Object: 'Object Repository/1612427/03_ChangeName/Page_Town Square - minus Mattermost/span_Edit' is clicked on

2020-06-05 19:20:57 - [MESSAGE][PASSED] - Object: 'Object Repository/1612427/03_ChangeName/Page_Town Square - minus Mattermost/span_Edit' is clicked on

2020-06-05 19:20:57 - [TEST_STEP][PASSED] - click(findTestObject("Object Repository/1612427/03_ChangeName/Page_Town Square - minus Mattermost/div_First Name")): Object: 'Object Repository/1612427/03_ChangeName/Page_Town Square - minus Mattermost/div_First Name' is clicked on

2020-06-05 19:20:57 - [MESSAGE][PASSED] - Object: 'Object Repository/1612427/03_ChangeName/Page_Town Square - minus Mattermost/div_First Name' is clicked on

2020-06-05 19:20:57 - [TEST_STEP][PASSED] - setText(findTestObject("Object Repository/1612427/03_ChangeName/Page_Town Square - minus Mattermost/input_First Name_firstName"), firstname): Text 'Hoàng' is set on object 'Object Repository/1612427/03_ChangeName/Page_Town Square - minus Mattermost/input_First Name_firstName'

2020-06-05 19:20:58 - [MESSAGE][PASSED] - Text 'Hoàng' is set on object 'Object Repository/1612427/03_ChangeName/Page_Town Square - minus Mattermost/input_First Name_firstName'

2020-06-05 19:20:58 - [TEST_STEP][PASSED] - click(findTestObject("Object Repository/1612427/03_ChangeName/Page_Town Square - minus Mattermost/div_Last Name")): Object: 'Object Repository/1612427/03_ChangeName/Page_Town Square - minus Mattermost/div_Last Name' is clicked on

2020-06-05 19:20:59 - [MESSAGE][PASSED] - Object: 'Object Repository/1612427/03_ChangeName/Page_Town Square - minus Mattermost/div_Last Name' is clicked on

2020-06-05 19:20:59 - [TEST_STEP][PASSED] - setText(findTestObject("Object Repository/1612427/03_ChangeName/Page_Town Square - minus Mattermost/input_Last Name_lastName"), lastname): Text 'Huy Lịch' is set on object 'Object Repository/1612427/03_ChangeName/Page_Town Square - minus Mattermost/input_Last Name_lastName'

2020-06-05 19:21:00 - [MESSAGE][PASSED] - Text 'Huy Lịch' is set on object 'Object Repository/1612427/03_ChangeName/Page_Town Square - minus Mattermost/input_Last Name_lastName'

2020-06-05 19:21:00 - [TEST_STEP][PASSED] - click(findTestObject("Object Repository/1612427/03_ChangeName/Page_Town Square - minus Mattermost/span_Save")): Object: 'Object Repository/1612427/03_ChangeName/Page_Town Square - minus Mattermost/span_Save' is clicked on

2020-06-05 19:21:00 - [MESSAGE][PASSED] - Object: 'Object Repository/1612427/03_ChangeName/Page_Town Square - minus Mattermost/span_Save' is clicked on

2020-06-05 19:21:00 - [TEST_STEP][PASSED] - closeBrowser(): Browser is closed

2020-06-05 19:21:01 - [MESSAGE][PASSED] - Browser is closed]]></system-out>
         <system-err><![CDATA[]]></system-err>
      </testcase>
      <testcase name="Test Cases/1612427/03_ChangeName" time="18.873" classname="Test Cases/1612427/03_ChangeName" status="PASSED">
         <system-out><![CDATA[2020-06-05 19:21:01 - [TEST_CASE][PASSED] - Test Cases/1612427/03_ChangeName: Test Cases/1612427/03_ChangeName

2020-06-05 19:21:01 - [TEST_STEP][PASSED] - openBrowser(""): Browser is opened with url: ''

2020-06-05 19:21:01 - [MESSAGE][INFO] - Starting 'Chrome' driver

2020-06-05 19:21:01 - [MESSAGE][INFO] - Action delay is set to 0 milliseconds

2020-06-05 19:21:05 - [MESSAGE][PASSED] - Browser is opened with url: ''

2020-06-05 19:21:05 - [TEST_STEP][PASSED] - navigateToUrl("http://localhost:8065/login"): Navigate to 'http://localhost:8065/login' successfully

2020-06-05 19:21:07 - [MESSAGE][PASSED] - Navigate to 'http://localhost:8065/login' successfully

2020-06-05 19:21:07 - [TEST_STEP][PASSED] - setText(findTestObject("Object Repository/1612427/02_ChangePassword/Page_Mattermost/input_All team communication in one place s_703ef5"), "hcmus-cdnc"): Text 'hcmus-cdnc' is set on object 'Object Repository/1612427/02_ChangePassword/Page_Mattermost/input_All team communication in one place s_703ef5'

2020-06-05 19:21:09 - [MESSAGE][PASSED] - Text 'hcmus-cdnc' is set on object 'Object Repository/1612427/02_ChangePassword/Page_Mattermost/input_All team communication in one place s_703ef5'

2020-06-05 19:21:09 - [TEST_STEP][PASSED] - setEncryptedText(findTestObject("Object Repository/1612427/02_ChangePassword/Page_Mattermost/input_All team communication in one place s_2f2733"), "aeHFOx8jV/A="): Text ****** has been set on object 'Object Repository/1612427/02_ChangePassword/Page_Mattermost/input_All team communication in one place s_2f2733'

2020-06-05 19:21:10 - [MESSAGE][PASSED] - Text ****** has been set on object 'Object Repository/1612427/02_ChangePassword/Page_Mattermost/input_All team communication in one place s_2f2733'

2020-06-05 19:21:10 - [TEST_STEP][PASSED] - click(findTestObject("Object Repository/1612427/02_ChangePassword/Page_Mattermost/span_Sign in")): Object: 'Object Repository/1612427/02_ChangePassword/Page_Mattermost/span_Sign in' is clicked on

2020-06-05 19:21:10 - [MESSAGE][PASSED] - Object: 'Object Repository/1612427/02_ChangePassword/Page_Mattermost/span_Sign in' is clicked on

2020-06-05 19:21:10 - [TEST_STEP][PASSED] - click(findTestObject("Object Repository/1612427/02_ChangePassword/Page_Town Square - minus Mattermost/span")): Object: 'Object Repository/1612427/02_ChangePassword/Page_Town Square - minus Mattermost/span' is clicked on

2020-06-05 19:21:14 - [MESSAGE][PASSED] - Object: 'Object Repository/1612427/02_ChangePassword/Page_Town Square - minus Mattermost/span' is clicked on

2020-06-05 19:21:14 - [TEST_STEP][PASSED] - click(findTestObject("Object Repository/1612427/02_ChangePassword/Page_Town Square - minus Mattermost/span_Account Settings")): Object: 'Object Repository/1612427/02_ChangePassword/Page_Town Square - minus Mattermost/span_Account Settings' is clicked on

2020-06-05 19:21:15 - [MESSAGE][PASSED] - Object: 'Object Repository/1612427/02_ChangePassword/Page_Town Square - minus Mattermost/span_Account Settings' is clicked on

2020-06-05 19:21:15 - [TEST_STEP][PASSED] - click(findTestObject("Object Repository/1612427/03_ChangeName/Page_Town Square - minus Mattermost/span_Edit")): Object: 'Object Repository/1612427/03_ChangeName/Page_Town Square - minus Mattermost/span_Edit' is clicked on

2020-06-05 19:21:16 - [MESSAGE][PASSED] - Object: 'Object Repository/1612427/03_ChangeName/Page_Town Square - minus Mattermost/span_Edit' is clicked on

2020-06-05 19:21:16 - [TEST_STEP][PASSED] - click(findTestObject("Object Repository/1612427/03_ChangeName/Page_Town Square - minus Mattermost/div_First Name")): Object: 'Object Repository/1612427/03_ChangeName/Page_Town Square - minus Mattermost/div_First Name' is clicked on

2020-06-05 19:21:16 - [MESSAGE][PASSED] - Object: 'Object Repository/1612427/03_ChangeName/Page_Town Square - minus Mattermost/div_First Name' is clicked on

2020-06-05 19:21:16 - [TEST_STEP][PASSED] - setText(findTestObject("Object Repository/1612427/03_ChangeName/Page_Town Square - minus Mattermost/input_First Name_firstName"), firstname): Text 'Lê' is set on object 'Object Repository/1612427/03_ChangeName/Page_Town Square - minus Mattermost/input_First Name_firstName'

2020-06-05 19:21:17 - [MESSAGE][PASSED] - Text 'Lê' is set on object 'Object Repository/1612427/03_ChangeName/Page_Town Square - minus Mattermost/input_First Name_firstName'

2020-06-05 19:21:17 - [TEST_STEP][PASSED] - click(findTestObject("Object Repository/1612427/03_ChangeName/Page_Town Square - minus Mattermost/div_Last Name")): Object: 'Object Repository/1612427/03_ChangeName/Page_Town Square - minus Mattermost/div_Last Name' is clicked on

2020-06-05 19:21:18 - [MESSAGE][PASSED] - Object: 'Object Repository/1612427/03_ChangeName/Page_Town Square - minus Mattermost/div_Last Name' is clicked on

2020-06-05 19:21:18 - [TEST_STEP][PASSED] - setText(findTestObject("Object Repository/1612427/03_ChangeName/Page_Town Square - minus Mattermost/input_Last Name_lastName"), lastname): Text 'Đức Truyền' is set on object 'Object Repository/1612427/03_ChangeName/Page_Town Square - minus Mattermost/input_Last Name_lastName'

2020-06-05 19:21:19 - [MESSAGE][PASSED] - Text 'Đức Truyền' is set on object 'Object Repository/1612427/03_ChangeName/Page_Town Square - minus Mattermost/input_Last Name_lastName'

2020-06-05 19:21:19 - [TEST_STEP][PASSED] - click(findTestObject("Object Repository/1612427/03_ChangeName/Page_Town Square - minus Mattermost/span_Save")): Object: 'Object Repository/1612427/03_ChangeName/Page_Town Square - minus Mattermost/span_Save' is clicked on

2020-06-05 19:21:19 - [MESSAGE][PASSED] - Object: 'Object Repository/1612427/03_ChangeName/Page_Town Square - minus Mattermost/span_Save' is clicked on

2020-06-05 19:21:19 - [TEST_STEP][PASSED] - closeBrowser(): Browser is closed

2020-06-05 19:21:20 - [MESSAGE][PASSED] - Browser is closed]]></system-out>
         <system-err><![CDATA[]]></system-err>
      </testcase>
      <testcase name="Test Cases/1612427/03_ChangeName" time="18.171" classname="Test Cases/1612427/03_ChangeName" status="PASSED">
         <system-out><![CDATA[2020-06-05 19:21:20 - [TEST_CASE][PASSED] - Test Cases/1612427/03_ChangeName: Test Cases/1612427/03_ChangeName

2020-06-05 19:21:20 - [TEST_STEP][PASSED] - openBrowser(""): Browser is opened with url: ''

2020-06-05 19:21:20 - [MESSAGE][INFO] - Starting 'Chrome' driver

2020-06-05 19:21:20 - [MESSAGE][INFO] - Action delay is set to 0 milliseconds

2020-06-05 19:21:24 - [MESSAGE][PASSED] - Browser is opened with url: ''

2020-06-05 19:21:24 - [TEST_STEP][PASSED] - navigateToUrl("http://localhost:8065/login"): Navigate to 'http://localhost:8065/login' successfully

2020-06-05 19:21:25 - [MESSAGE][PASSED] - Navigate to 'http://localhost:8065/login' successfully

2020-06-05 19:21:25 - [TEST_STEP][PASSED] - setText(findTestObject("Object Repository/1612427/02_ChangePassword/Page_Mattermost/input_All team communication in one place s_703ef5"), "hcmus-cdnc"): Text 'hcmus-cdnc' is set on object 'Object Repository/1612427/02_ChangePassword/Page_Mattermost/input_All team communication in one place s_703ef5'

2020-06-05 19:21:27 - [MESSAGE][PASSED] - Text 'hcmus-cdnc' is set on object 'Object Repository/1612427/02_ChangePassword/Page_Mattermost/input_All team communication in one place s_703ef5'

2020-06-05 19:21:27 - [TEST_STEP][PASSED] - setEncryptedText(findTestObject("Object Repository/1612427/02_ChangePassword/Page_Mattermost/input_All team communication in one place s_2f2733"), "aeHFOx8jV/A="): Text ****** has been set on object 'Object Repository/1612427/02_ChangePassword/Page_Mattermost/input_All team communication in one place s_2f2733'

2020-06-05 19:21:27 - [MESSAGE][PASSED] - Text ****** has been set on object 'Object Repository/1612427/02_ChangePassword/Page_Mattermost/input_All team communication in one place s_2f2733'

2020-06-05 19:21:27 - [TEST_STEP][PASSED] - click(findTestObject("Object Repository/1612427/02_ChangePassword/Page_Mattermost/span_Sign in")): Object: 'Object Repository/1612427/02_ChangePassword/Page_Mattermost/span_Sign in' is clicked on

2020-06-05 19:21:28 - [MESSAGE][PASSED] - Object: 'Object Repository/1612427/02_ChangePassword/Page_Mattermost/span_Sign in' is clicked on

2020-06-05 19:21:28 - [TEST_STEP][PASSED] - click(findTestObject("Object Repository/1612427/02_ChangePassword/Page_Town Square - minus Mattermost/span")): Object: 'Object Repository/1612427/02_ChangePassword/Page_Town Square - minus Mattermost/span' is clicked on

2020-06-05 19:21:32 - [MESSAGE][PASSED] - Object: 'Object Repository/1612427/02_ChangePassword/Page_Town Square - minus Mattermost/span' is clicked on

2020-06-05 19:21:32 - [TEST_STEP][PASSED] - click(findTestObject("Object Repository/1612427/02_ChangePassword/Page_Town Square - minus Mattermost/span_Account Settings")): Object: 'Object Repository/1612427/02_ChangePassword/Page_Town Square - minus Mattermost/span_Account Settings' is clicked on

2020-06-05 19:21:33 - [MESSAGE][PASSED] - Object: 'Object Repository/1612427/02_ChangePassword/Page_Town Square - minus Mattermost/span_Account Settings' is clicked on

2020-06-05 19:21:33 - [TEST_STEP][PASSED] - click(findTestObject("Object Repository/1612427/03_ChangeName/Page_Town Square - minus Mattermost/span_Edit")): Object: 'Object Repository/1612427/03_ChangeName/Page_Town Square - minus Mattermost/span_Edit' is clicked on

2020-06-05 19:21:34 - [MESSAGE][PASSED] - Object: 'Object Repository/1612427/03_ChangeName/Page_Town Square - minus Mattermost/span_Edit' is clicked on

2020-06-05 19:21:34 - [TEST_STEP][PASSED] - click(findTestObject("Object Repository/1612427/03_ChangeName/Page_Town Square - minus Mattermost/div_First Name")): Object: 'Object Repository/1612427/03_ChangeName/Page_Town Square - minus Mattermost/div_First Name' is clicked on

2020-06-05 19:21:34 - [MESSAGE][PASSED] - Object: 'Object Repository/1612427/03_ChangeName/Page_Town Square - minus Mattermost/div_First Name' is clicked on

2020-06-05 19:21:34 - [TEST_STEP][PASSED] - setText(findTestObject("Object Repository/1612427/03_ChangeName/Page_Town Square - minus Mattermost/input_First Name_firstName"), firstname): Text 'Trương' is set on object 'Object Repository/1612427/03_ChangeName/Page_Town Square - minus Mattermost/input_First Name_firstName'

2020-06-05 19:21:35 - [MESSAGE][PASSED] - Text 'Trương' is set on object 'Object Repository/1612427/03_ChangeName/Page_Town Square - minus Mattermost/input_First Name_firstName'

2020-06-05 19:21:35 - [TEST_STEP][PASSED] - click(findTestObject("Object Repository/1612427/03_ChangeName/Page_Town Square - minus Mattermost/div_Last Name")): Object: 'Object Repository/1612427/03_ChangeName/Page_Town Square - minus Mattermost/div_Last Name' is clicked on

2020-06-05 19:21:36 - [MESSAGE][PASSED] - Object: 'Object Repository/1612427/03_ChangeName/Page_Town Square - minus Mattermost/div_Last Name' is clicked on

2020-06-05 19:21:36 - [TEST_STEP][PASSED] - setText(findTestObject("Object Repository/1612427/03_ChangeName/Page_Town Square - minus Mattermost/input_Last Name_lastName"), lastname): Text 'Quang Lộc' is set on object 'Object Repository/1612427/03_ChangeName/Page_Town Square - minus Mattermost/input_Last Name_lastName'

2020-06-05 19:21:37 - [MESSAGE][PASSED] - Text 'Quang Lộc' is set on object 'Object Repository/1612427/03_ChangeName/Page_Town Square - minus Mattermost/input_Last Name_lastName'

2020-06-05 19:21:37 - [TEST_STEP][PASSED] - click(findTestObject("Object Repository/1612427/03_ChangeName/Page_Town Square - minus Mattermost/span_Save")): Object: 'Object Repository/1612427/03_ChangeName/Page_Town Square - minus Mattermost/span_Save' is clicked on

2020-06-05 19:21:37 - [MESSAGE][PASSED] - Object: 'Object Repository/1612427/03_ChangeName/Page_Town Square - minus Mattermost/span_Save' is clicked on

2020-06-05 19:21:37 - [TEST_STEP][PASSED] - closeBrowser(): Browser is closed

2020-06-05 19:21:38 - [MESSAGE][PASSED] - Browser is closed]]></system-out>
         <system-err><![CDATA[]]></system-err>
      </testcase>
      <testcase name="Test Cases/1612427/04_ChangeNickname" time="18.238" classname="Test Cases/1612427/04_ChangeNickname" status="PASSED">
         <system-out><![CDATA[2020-06-05 19:21:38 - [TEST_CASE][PASSED] - Test Cases/1612427/04_ChangeNickname: Test Cases/1612427/04_ChangeNickname

2020-06-05 19:21:38 - [TEST_STEP][PASSED] - openBrowser(""): Browser is opened with url: ''

2020-06-05 19:21:38 - [MESSAGE][INFO] - Starting 'Chrome' driver

2020-06-05 19:21:38 - [MESSAGE][INFO] - Action delay is set to 0 milliseconds

2020-06-05 19:21:42 - [MESSAGE][PASSED] - Browser is opened with url: ''

2020-06-05 19:21:42 - [TEST_STEP][PASSED] - navigateToUrl("http://localhost:8065/login"): Navigate to 'http://localhost:8065/login' successfully

2020-06-05 19:21:44 - [MESSAGE][PASSED] - Navigate to 'http://localhost:8065/login' successfully

2020-06-05 19:21:44 - [TEST_STEP][PASSED] - setText(findTestObject("Object Repository/1612427/02_ChangePassword/Page_Mattermost/input_All team communication in one place s_703ef5"), "hcmus-cdnc"): Text 'hcmus-cdnc' is set on object 'Object Repository/1612427/02_ChangePassword/Page_Mattermost/input_All team communication in one place s_703ef5'

2020-06-05 19:21:46 - [MESSAGE][PASSED] - Text 'hcmus-cdnc' is set on object 'Object Repository/1612427/02_ChangePassword/Page_Mattermost/input_All team communication in one place s_703ef5'

2020-06-05 19:21:46 - [TEST_STEP][PASSED] - setEncryptedText(findTestObject("Object Repository/1612427/02_ChangePassword/Page_Mattermost/input_All team communication in one place s_2f2733"), "aeHFOx8jV/A="): Text ****** has been set on object 'Object Repository/1612427/02_ChangePassword/Page_Mattermost/input_All team communication in one place s_2f2733'

2020-06-05 19:21:47 - [MESSAGE][PASSED] - Text ****** has been set on object 'Object Repository/1612427/02_ChangePassword/Page_Mattermost/input_All team communication in one place s_2f2733'

2020-06-05 19:21:47 - [TEST_STEP][PASSED] - click(findTestObject("Object Repository/1612427/02_ChangePassword/Page_Mattermost/span_Sign in")): Object: 'Object Repository/1612427/02_ChangePassword/Page_Mattermost/span_Sign in' is clicked on

2020-06-05 19:21:47 - [MESSAGE][PASSED] - Object: 'Object Repository/1612427/02_ChangePassword/Page_Mattermost/span_Sign in' is clicked on

2020-06-05 19:21:47 - [TEST_STEP][PASSED] - click(findTestObject("Object Repository/1612427/02_ChangePassword/Page_Town Square - minus Mattermost/span")): Object: 'Object Repository/1612427/02_ChangePassword/Page_Town Square - minus Mattermost/span' is clicked on

2020-06-05 19:21:51 - [MESSAGE][PASSED] - Object: 'Object Repository/1612427/02_ChangePassword/Page_Town Square - minus Mattermost/span' is clicked on

2020-06-05 19:21:51 - [TEST_STEP][PASSED] - click(findTestObject("Object Repository/1612427/02_ChangePassword/Page_Town Square - minus Mattermost/span_Account Settings")): Object: 'Object Repository/1612427/02_ChangePassword/Page_Town Square - minus Mattermost/span_Account Settings' is clicked on

2020-06-05 19:21:52 - [MESSAGE][PASSED] - Object: 'Object Repository/1612427/02_ChangePassword/Page_Town Square - minus Mattermost/span_Account Settings' is clicked on

2020-06-05 19:21:52 - [TEST_STEP][PASSED] - click(findTestObject("Object Repository/1612427/04_ChangeNickname/Page_Town Square - minus Mattermost/span_Edit")): Object: 'Object Repository/1612427/04_ChangeNickname/Page_Town Square - minus Mattermost/span_Edit' is clicked on

2020-06-05 19:21:53 - [MESSAGE][PASSED] - Object: 'Object Repository/1612427/04_ChangeNickname/Page_Town Square - minus Mattermost/span_Edit' is clicked on

2020-06-05 19:21:53 - [TEST_STEP][PASSED] - setText(findTestObject("Object Repository/1612427/04_ChangeNickname/Page_Town Square - minus Mattermost/input_Nickname_nickname"), nickname): Text 'xuanghjem' is set on object 'Object Repository/1612427/04_ChangeNickname/Page_Town Square - minus Mattermost/input_Nickname_nickname'

2020-06-05 19:21:54 - [MESSAGE][PASSED] - Text 'xuanghjem' is set on object 'Object Repository/1612427/04_ChangeNickname/Page_Town Square - minus Mattermost/input_Nickname_nickname'

2020-06-05 19:21:54 - [TEST_STEP][PASSED] - click(findTestObject("Object Repository/1612427/04_ChangeNickname/Page_Town Square - minus Mattermost/span_Save")): Object: 'Object Repository/1612427/04_ChangeNickname/Page_Town Square - minus Mattermost/span_Save' is clicked on

2020-06-05 19:21:56 - [MESSAGE][PASSED] - Object: 'Object Repository/1612427/04_ChangeNickname/Page_Town Square - minus Mattermost/span_Save' is clicked on

2020-06-05 19:21:56 - [TEST_STEP][PASSED] - closeBrowser(): Browser is closed

2020-06-05 19:21:56 - [MESSAGE][PASSED] - Browser is closed]]></system-out>
         <system-err><![CDATA[]]></system-err>
      </testcase>
      <testcase name="Test Cases/1612427/04_ChangeNickname" time="16.733" classname="Test Cases/1612427/04_ChangeNickname" status="PASSED">
[...]

2020-06-05 19:52:50 - [TEST_CASE][PASSED] - Test Cases/1612893/TC_Flagged_Post: Test Cases/1612893/TC_Flagged_Post

2020-06-05 19:52:50 - [TEST_STEP][PASSED] - click(findTestObject("Object Repository/1612893/Flagged_Post/Page_Thanh set Channel name - hcmus-cdnc-te_a699a0/button_dash_channelHeaderFlagButton")): Object: 'Object Repository/1612893/Flagged_Post/Page_Thanh set Channel name - hcmus-cdnc-te_a699a0/button_dash_channelHeaderFlagButton' is clicked on

2020-06-05 19:52:54 - [MESSAGE][PASSED] - Object: 'Object Repository/1612893/Flagged_Post/Page_Thanh set Channel name - hcmus-cdnc-te_a699a0/button_dash_channelHeaderFlagButton' is clicked on

2020-06-05 19:52:54 - [TEST_STEP][PASSED] - closeBrowser(): Browser is closed

2020-06-05 19:52:54 - [MESSAGE][PASSED] - Browser is closed

2020-06-05 19:52:54 - [MESSAGE][PASSED] - Call Test Case 'Test Cases/1612893/TC_Flagged_Post' successfully]]></system-out>
         <system-err><![CDATA[]]></system-err>
      </testcase>
      <testcase name="Test Cases/1612893/TC_48_ViewInfo" time="14.099" classname="Test Cases/1612893/TC_48_ViewInfo" status="PASSED">
         <system-out><![CDATA[2020-06-05 19:52:54 - [TEST_CASE][PASSED] - Test Cases/1612893/TC_48_ViewInfo: Test Cases/1612893/TC_48_ViewInfo

2020-06-05 19:52:55 - [TEST_STEP][PASSED] - callTestCase(findTestCase("1612893/TC_Login"), ["username":"hcmus-cdnc@gmail.com", "password":"aeHFOx8jV/A="], STOP_ON_FAILURE): Call Test Case 'Test Cases/1612893/TC_Login' successfully

2020-06-05 19:52:55 - [TEST_CASE][PASSED] - Test Cases/1612893/TC_Login: Test Cases/1612893/TC_Login

2020-06-05 19:52:55 - [TEST_STEP][PASSED] - openBrowser(""): Browser is opened with url: ''

2020-06-05 19:52:55 - [MESSAGE][INFO] - Starting 'Chrome' driver

2020-06-05 19:52:55 - [MESSAGE][INFO] - Action delay is set to 0 milliseconds

2020-06-05 19:52:58 - [MESSAGE][PASSED] - Browser is opened with url: ''

2020-06-05 19:52:58 - [TEST_STEP][PASSED] - navigateToUrl("http://localhost:8065/login"): Navigate to 'http://localhost:8065/login' successfully

2020-06-05 19:53:00 - [MESSAGE][PASSED] - Navigate to 'http://localhost:8065/login' successfully

2020-06-05 19:53:00 - [TEST_STEP][PASSED] - setText(findTestObject("Object Repository/1612427/01_Login/Page_Mattermost/input_All team communication in one place s_703ef5"), "hcmus-cdnc@gmail.com"): Text 'hcmus-cdnc@gmail.com' is set on object 'Object Repository/1612427/01_Login/Page_Mattermost/input_All team communication in one place s_703ef5'

2020-06-05 19:53:02 - [MESSAGE][PASSED] - Text 'hcmus-cdnc@gmail.com' is set on object 'Object Repository/1612427/01_Login/Page_Mattermost/input_All team communication in one place s_703ef5'

2020-06-05 19:53:02 - [TEST_STEP][PASSED] - setEncryptedText(findTestObject("Object Repository/1612427/01_Login/Page_Mattermost/input_All team communication in one place s_2f2733"), "aeHFOx8jV/A="): Text ****** has been set on object 'Object Repository/1612427/01_Login/Page_Mattermost/input_All team communication in one place s_2f2733'

2020-06-05 19:53:02 - [MESSAGE][PASSED] - Text ****** has been set on object 'Object Repository/1612427/01_Login/Page_Mattermost/input_All team communication in one place s_2f2733'

2020-06-05 19:53:02 - [TEST_STEP][PASSED] - click(findTestObject("Object Repository/1612427/01_Login/Page_Mattermost/span_Sign in")): Object: 'Object Repository/1612427/01_Login/Page_Mattermost/span_Sign in' is clicked on

2020-06-05 19:53:03 - [MESSAGE][PASSED] - Object: 'Object Repository/1612427/01_Login/Page_Mattermost/span_Sign in' is clicked on

2020-06-05 19:53:03 - [MESSAGE][PASSED] - Call Test Case 'Test Cases/1612893/TC_Login' successfully

2020-06-05 19:53:03 - [TEST_STEP][PASSED] - callTestCase(findTestCase("1612893/TC_ViewInfo"), [:], STOP_ON_FAILURE): Call Test Case 'Test Cases/1612893/TC_ViewInfo' successfully

2020-06-05 19:53:03 - [TEST_CASE][PASSED] - Test Cases/1612893/TC_ViewInfo: Test Cases/1612893/TC_ViewInfo

2020-06-05 19:53:03 - [TEST_STEP][PASSED] - click(findTestObject("1612893/ViewInfo/Page_Thanh set Channel name - hcmus-cdnc-te_a699a0/span_Thanh set Channel name_channelHeaderDr_8caf36")): Object: 'Object Repository/1612893/ViewInfo/Page_Thanh set Channel name - hcmus-cdnc-te_a699a0/span_Thanh set Channel name_channelHeaderDr_8caf36' is clicked on

2020-06-05 19:53:06 - [MESSAGE][PASSED] - Object: 'Object Repository/1612893/ViewInfo/Page_Thanh set Channel name - hcmus-cdnc-te_a699a0/span_Thanh set Channel name_channelHeaderDr_8caf36' is clicked on

2020-06-05 19:53:06 - [TEST_STEP][PASSED] - click(findTestObject("1612893/ViewInfo/Page_Thanh set Channel name - hcmus-cdnc-te_a699a0/span_View Info")): Object: 'Object Repository/1612893/ViewInfo/Page_Thanh set Channel name - hcmus-cdnc-te_a699a0/span_View Info' is clicked on

2020-06-05 19:53:07 - [MESSAGE][PASSED] - Object: 'Object Repository/1612893/ViewInfo/Page_Thanh set Channel name - hcmus-cdnc-te_a699a0/span_View Info' is clicked on

2020-06-05 19:53:07 - [TEST_STEP][PASSED] - click(findTestObject("1612893/ViewInfo/Page_Thanh set Channel name - hcmus-cdnc-te_a699a0/span_")): Object: 'Object Repository/1612893/ViewInfo/Page_Thanh set Channel name - hcmus-cdnc-te_a699a0/span_' is clicked on

2020-06-05 19:53:08 - [MESSAGE][PASSED] - Object: 'Object Repository/1612893/ViewInfo/Page_Thanh set Channel name - hcmus-cdnc-te_a699a0/span_' is clicked on

2020-06-05 19:53:08 - [TEST_STEP][PASSED] - closeBrowser(): Browser is closed

2020-06-05 19:53:09 - [MESSAGE][PASSED] - Browser is closed

2020-06-05 19:53:09 - [MESSAGE][PASSED] - Call Test Case 'Test Cases/1612893/TC_ViewInfo' successfully]]></system-out>
         <system-err><![CDATA[]]></system-err>
      </testcase>
      <testcase name="Test Cases/1612893/TC_49_PinPost" time="12.991" classname="Test Cases/1612893/TC_49_PinPost" status="PASSED">
         <system-out><![CDATA[2020-06-05 19:53:09 - [TEST_CASE][PASSED] - Test Cases/1612893/TC_49_PinPost: Test Cases/1612893/TC_49_PinPost

2020-06-05 19:53:09 - [TEST_STEP][PASSED] - callTestCase(findTestCase("1612893/TC_Login"), ["username":"hcmus-cdnc@gmail.com", "password":"aeHFOx8jV/A="], STOP_ON_FAILURE): Call Test Case 'Test Cases/1612893/TC_Login' successfully

2020-06-05 19:53:09 - [TEST_CASE][PASSED] - Test Cases/1612893/TC_Login: Test Cases/1612893/TC_Login

2020-06-05 19:53:09 - [TEST_STEP][PASSED] - openBrowser(""): Browser is opened with url: ''

2020-06-05 19:53:09 - [MESSAGE][INFO] - Starting 'Chrome' driver

2020-06-05 19:53:09 - [MESSAGE][INFO] - Action delay is set to 0 milliseconds

2020-06-05 19:53:12 - [MESSAGE][PASSED] - Browser is opened with url: ''

2020-06-05 19:53:12 - [TEST_STEP][PASSED] - navigateToUrl("http://localhost:8065/login"): Navigate to 'http://localhost:8065/login' successfully

2020-06-05 19:53:14 - [MESSAGE][PASSED] - Navigate to 'http://localhost:8065/login' successfully

2020-06-05 19:53:14 - [TEST_STEP][PASSED] - setText(findTestObject("Object Repository/1612427/01_Login/Page_Mattermost/input_All team communication in one place s_703ef5"), "hcmus-cdnc@gmail.com"): Text 'hcmus-cdnc@gmail.com' is set on object 'Object Repository/1612427/01_Login/Page_Mattermost/input_All team communication in one place s_703ef5'

2020-06-05 19:53:16 - [MESSAGE][PASSED] - Text 'hcmus-cdnc@gmail.com' is set on object 'Object Repository/1612427/01_Login/Page_Mattermost/input_All team communication in one place s_703ef5'

2020-06-05 19:53:16 - [TEST_STEP][PASSED] - setEncryptedText(findTestObject("Object Repository/1612427/01_Login/Page_Mattermost/input_All team communication in one place s_2f2733"), "aeHFOx8jV/A="): Text ****** has been set on object 'Object Repository/1612427/01_Login/Page_Mattermost/input_All team communication in one place s_2f2733'

2020-06-05 19:53:17 - [MESSAGE][PASSED] - Text ****** has been set on object 'Object Repository/1612427/01_Login/Page_Mattermost/input_All team communication in one place s_2f2733'

2020-06-05 19:53:17 - [TEST_STEP][PASSED] - click(findTestObject("Object Repository/1612427/01_Login/Page_Mattermost/span_Sign in")): Object: 'Object Repository/1612427/01_Login/Page_Mattermost/span_Sign in' is clicked on

2020-06-05 19:53:17 - [MESSAGE][PASSED] - Object: 'Object Repository/1612427/01_Login/Page_Mattermost/span_Sign in' is clicked on

2020-06-05 19:53:17 - [MESSAGE][PASSED] - Call Test Case 'Test Cases/1612893/TC_Login' successfully

2020-06-05 19:53:17 - [TEST_STEP][PASSED] - callTestCase(findTestCase("1612893/TC_PinPost"), [:], STOP_ON_FAILURE): Call Test Case 'Test Cases/1612893/TC_PinPost' successfully

2020-06-05 19:53:17 - [TEST_CASE][PASSED] - Test Cases/1612893/TC_PinPost: Test Cases/1612893/TC_PinPost

2020-06-05 19:53:18 - [TEST_STEP][PASSED] - click(findTestObject("Object Repository/1612893/PinPost/Page_Thanh set Channel name - hcmus-cdnc-te_a699a0/button_Thanh set Channel name_channelHeader_632246")): Object: 'Object Repository/1612893/PinPost/Page_Thanh set Channel name - hcmus-cdnc-te_a699a0/button_Thanh set Channel name_channelHeader_632246' is clicked on

2020-06-05 19:53:21 - [MESSAGE][PASSED] - Object: 'Object Repository/1612893/PinPost/Page_Thanh set Channel name - hcmus-cdnc-te_a699a0/button_Thanh set Channel name_channelHeader_632246' is clicked on

2020-06-05 19:53:21 - [TEST_STEP][PASSED] - closeBrowser(): Browser is closed

2020-06-05 19:53:22 - [MESSAGE][PASSED] - Browser is closed

2020-06-05 19:53:22 - [MESSAGE][PASSED] - Call Test Case 'Test Cases/1612893/TC_PinPost' successfully]]></system-out>
         <system-err><![CDATA[]]></system-err>
      </testcase>
      <testcase name="Test Cases/1612893/TC_50_AddToFavorite" time="12.572" classname="Test Cases/1612893/TC_50_AddToFavorite" status="PASSED">
         <system-out><![CDATA[2020-06-05 19:53:22 - [TEST_CASE][PASSED] - Test Cases/1612893/TC_50_AddToFavorite: Test Cases/1612893/TC_50_AddToFavorite

2020-06-05 19:53:22 - [TEST_STEP][PASSED] - callTestCase(findTestCase("1612893/TC_Login"), ["username":"hcmus-cdnc@gmail.com", "password":"aeHFOx8jV/A="], STOP_ON_FAILURE): Call Test Case 'Test Cases/1612893/TC_Login' successfully

2020-06-05 19:53:22 - [TEST_CASE][PASSED] - Test Cases/1612893/TC_Login: Test Cases/1612893/TC_Login

2020-06-05 19:53:22 - [TEST_STEP][PASSED] - openBrowser(""): Browser is opened with url: ''

2020-06-05 19:53:22 - [MESSAGE][INFO] - Starting 'Chrome' driver

2020-06-05 19:53:22 - [MESSAGE][INFO] - Action delay is set to 0 milliseconds

2020-06-05 19:53:25 - [MESSAGE][PASSED] - Browser is opened with url: ''

2020-06-05 19:53:25 - [TEST_STEP][PASSED] - navigateToUrl("http://localhost:8065/login"): Navigate to 'http://localhost:8065/login' successfully

2020-06-05 19:53:27 - [MESSAGE][PASSED] - Navigate to 'http://localhost:8065/login' successfully

2020-06-05 19:53:27 - [TEST_STEP][PASSED] - setText(findTestObject("Object Repository/1612427/01_Login/Page_Mattermost/input_All team communication in one place s_703ef5"), "hcmus-cdnc@gmail.com"): Text 'hcmus-cdnc@gmail.com' is set on object 'Object Repository/1612427/01_Login/Page_Mattermost/input_All team communication in one place s_703ef5'

2020-06-05 19:53:28 - [MESSAGE][PASSED] - Text 'hcmus-cdnc@gmail.com' is set on object 'Object Repository/1612427/01_Login/Page_Mattermost/input_All team communication in one place s_703ef5'

2020-06-05 19:53:28 - [TEST_STEP][PASSED] - setEncryptedText(findTestObject("Object Repository/1612427/01_Login/Page_Mattermost/input_All team communication in one place s_2f2733"), "aeHFOx8jV/A="): Text ****** has been set on object 'Object Repository/1612427/01_Login/Page_Mattermost/input_All team communication in one place s_2f2733'

2020-06-05 19:53:29 - [MESSAGE][PASSED] - Text ****** has been set on object 'Object Repository/1612427/01_Login/Page_Mattermost/input_All team communication in one place s_2f2733'

2020-06-05 19:53:29 - [TEST_STEP][PASSED] - click(findTestObject("Object Repository/1612427/01_Login/Page_Mattermost/span_Sign in")): Object: 'Object Repository/1612427/01_Login/Page_Mattermost/span_Sign in' is clicked on

2020-06-05 19:53:30 - [MESSAGE][PASSED] - Object: 'Object Repository/1612427/01_Login/Page_Mattermost/span_Sign in' is clicked on

2020-06-05 19:53:30 - [MESSAGE][PASSED] - Call Test Case 'Test Cases/1612893/TC_Login' successfully

2020-06-05 19:53:30 - [TEST_STEP][PASSED] - callTestCase(findTestCase("1612893/TC_AddToFavorite"), [:], STOP_ON_FAILURE): Call Test Case 'Test Cases/1612893/TC_AddToFavorite' successfully

2020-06-05 19:53:30 - [TEST_CASE][PASSED] - Test Cases/1612893/TC_AddToFavorite: Test Cases/1612893/TC_AddToFavorite

2020-06-05 19:53:30 - [TEST_STEP][PASSED] - click(findTestObject("Object Repository/1612893/AddToFavorite/Page_Thanh set Channel name - hcmus-cdnc-te_a699a0/i_Drop a file to upload it_icon fa fa-star-o")): Object: 'Object Repository/1612893/AddToFavorite/Page_Thanh set Channel name - hcmus-cdnc-te_a699a0/i_Drop a file to upload it_icon fa fa-star-o' is clicked on

2020-06-05 19:53:33 - [MESSAGE][PASSED] - Object: 'Object Repository/1612893/AddToFavorite/Page_Thanh set Channel name - hcmus-cdnc-te_a699a0/i_Drop a file to upload it_icon fa fa-star-o' is clicked on

2020-06-05 19:53:33 - [TEST_STEP][PASSED] - closeBrowser(): Browser is closed

2020-06-05 19:53:34 - [MESSAGE][PASSED] - Browser is closed

2020-06-05 19:53:34 - [MESSAGE][PASSED] - Call Test Case 'Test Cases/1612893/TC_AddToFavorite' successfully]]></system-out>
         <system-err><![CDATA[]]></system-err>
      </testcase>
      <system-out><![CDATA[2020-06-05 19:17:38 - [TEST_SUITE][FAILED] - Run all test cases: Test Cases/1612427/09_ChangeUserEmail FAILED.
Reason:
com.kms.katalon.core.exception.StepFailedException: Unable to click on object 'Object Repository/1612427/09_ChangeUserEmail/Page_System Console - Mattermost/input_Email_SystemUserDetail__input form-control'
	at com.kms.katalon.core.webui.keyword.internal.WebUIKeywordMain.stepFailed(WebUIKeywordMain.groovy:64)
	at com.kms.katalon.core.webui.keyword.internal.WebUIKeywordMain.runKeyword(WebUIKeywordMain.groovy:26)
	at com.kms.katalon.core.webui.keyword.builtin.ClickKeyword.click(ClickKeyword.groovy:76)
	at com.kms.katalon.core.webui.keyword.builtin.ClickKeyword.execute(ClickKeyword.groovy:43)
	at com.kms.katalon.core.keyword.internal.KeywordExecutor.executeKeywordForPlatform(KeywordExecutor.groovy:72)
	at com.kms.katalon.core.webui.keyword.WebUiBuiltInKeywords.click(WebUiBuiltInKeywords.groovy:616)
	at com.kms.katalon.core.webui.keyword.WebUiBuiltInKeywords$click$3.call(Unknown Source)
	at 09_ChangeUserEmail.run(09_ChangeUserEmail:40)
	at com.kms.katalon.core.main.ScriptEngine.run(ScriptEngine.java:194)
	at com.kms.katalon.core.main.ScriptEngine.runScriptAsRawText(ScriptEngine.java:119)
	at com.kms.katalon.core.main.TestCaseExecutor.runScript(TestCaseExecutor.java:337)
	at com.kms.katalon.core.main.TestCaseExecutor.doExecute(TestCaseExecutor.java:328)
	at com.kms.katalon.core.main.TestCaseExecutor.processExecutionPhase(TestCaseExecutor.java:307)
	at com.kms.katalon.core.main.TestCaseExecutor.accessMainPhase(TestCaseExecutor.java:299)
	at com.kms.katalon.core.main.TestCaseExecutor.execute(TestCaseExecutor.java:233)
	at com.kms.katalon.core.main.TestSuiteExecutor.accessTestCaseMainPhase(TestSuiteExecutor.java:169)
	at com.kms.katalon.core.main.TestSuiteExecutor.accessTestSuiteMainPhase(TestSuiteExecutor.java:142)
	at com.kms.katalon.core.main.TestSuiteExecutor.execute(TestSuiteExecutor.java:91)
	at com.kms.katalon.core.main.TestCaseMain.startTestSuite(TestCaseMain.java:157)
	at com.kms.katalon.core.main.TestCaseMain$startTestSuite$0.call(Unknown Source)
	at TempTestSuite1591359445937.run(TempTestSuite1591359445937.groovy:37)
Caused by: com.kms.katalon.core.webui.exception.WebElementNotFoundException: Web element with id: 'Object Repository/1612427/09_ChangeUserEmail/Page_System Console - Mattermost/input_Email_SystemUserDetail__input form-control' located by 'By.xpath: //input[@value='xxx@email.com']' not found
	at com.kms.katalon.core.webui.common.WebUiCommonHelper.findWebElement(WebUiCommonHelper.java:1154)
	at com.kms.katalon.core.webui.keyword.internal.WebUIAbstractKeyword.findWebElement(WebUIAbstractKeyword.groovy:27)
	at com.kms.katalon.core.webui.keyword.internal.WebUIAbstractKeyword.findWebElement(WebUIAbstractKeyword.groovy:26)
	at com.kms.katalon.core.webui.keyword.builtin.ClickKeyword$_click_closure1.doCall(ClickKeyword.groovy:67)
	at com.kms.katalon.core.webui.keyword.builtin.ClickKeyword$_click_closure1.call(ClickKeyword.groovy)
	at com.kms.katalon.core.webui.keyword.internal.WebUIKeywordMain.runKeyword(WebUIKeywordMain.groovy:20)
	... 19 more]]></system-out>
      <system-err><![CDATA[2020-06-05 19:17:38 - [TEST_SUITE][FAILED] - Run all test cases: Test Cases/1612427/09_ChangeUserEmail FAILED.
Reason:
com.kms.katalon.core.exception.StepFailedException: Unable to click on object 'Object Repository/1612427/09_ChangeUserEmail/Page_System Console - Mattermost/input_Email_SystemUserDetail__input form-control'
	at com.kms.katalon.core.webui.keyword.internal.WebUIKeywordMain.stepFailed(WebUIKeywordMain.groovy:64)
	at com.kms.katalon.core.webui.keyword.internal.WebUIKeywordMain.runKeyword(WebUIKeywordMain.groovy:26)
	at com.kms.katalon.core.webui.keyword.builtin.ClickKeyword.click(ClickKeyword.groovy:76)
	at com.kms.katalon.core.webui.keyword.builtin.ClickKeyword.execute(ClickKeyword.groovy:43)
	at com.kms.katalon.core.keyword.internal.KeywordExecutor.executeKeywordForPlatform(KeywordExecutor.groovy:72)
	at com.kms.katalon.core.webui.keyword.WebUiBuiltInKeywords.click(WebUiBuiltInKeywords.groovy:616)
	at com.kms.katalon.core.webui.keyword.WebUiBuiltInKeywords$click$3.call(Unknown Source)
	at 09_ChangeUserEmail.run(09_ChangeUserEmail:40)
	at com.kms.katalon.core.main.ScriptEngine.run(ScriptEngine.java:194)
	at com.kms.katalon.core.main.ScriptEngine.runScriptAsRawText(ScriptEngine.java:119)
	at com.kms.katalon.core.main.TestCaseExecutor.runScript(TestCaseExecutor.java:337)
	at com.kms.katalon.core.main.TestCaseExecutor.doExecute(TestCaseExecutor.java:328)
	at com.kms.katalon.core.main.TestCaseExecutor.processExecutionPhase(TestCaseExecutor.java:307)
	at com.kms.katalon.core.main.TestCaseExecutor.accessMainPhase(TestCaseExecutor.java:299)
	at com.kms.katalon.core.main.TestCaseExecutor.execute(TestCaseExecutor.java:233)
	at com.kms.katalon.core.main.TestSuiteExecutor.accessTestCaseMainPhase(TestSuiteExecutor.java:169)
	at com.kms.katalon.core.main.TestSuiteExecutor.accessTestSuiteMainPhase(TestSuiteExecutor.java:142)
	at com.kms.katalon.core.main.TestSuiteExecutor.execute(TestSuiteExecutor.java:91)
	at com.kms.katalon.core.main.TestCaseMain.startTestSuite(TestCaseMain.java:157)
	at com.kms.katalon.core.main.TestCaseMain$startTestSuite$0.call(Unknown Source)
	at TempTestSuite1591359445937.run(TempTestSuite1591359445937.groovy:37)
Caused by: com.kms.katalon.core.webui.exception.WebElementNotFoundException: Web element with id: 'Object Repository/1612427/09_ChangeUserEmail/Page_System Console - Mattermost/input_Email_SystemUserDetail__input form-control' located by 'By.xpath: //input[@value='xxx@email.com']' not found
	at com.kms.katalon.core.webui.common.WebUiCommonHelper.findWebElement(WebUiCommonHelper.java:1154)
	at com.kms.katalon.core.webui.keyword.internal.WebUIAbstractKeyword.findWebElement(WebUIAbstractKeyword.groovy:27)
	at com.kms.katalon.core.webui.keyword.internal.WebUIAbstractKeyword.findWebElement(WebUIAbstractKeyword.groovy:26)
	at com.kms.katalon.core.webui.keyword.builtin.ClickKeyword$_click_closure1.doCall(ClickKeyword.groovy:67)
	at com.kms.katalon.core.webui.keyword.builtin.ClickKeyword$_click_closure1.call(ClickKeyword.groovy)
	at com.kms.katalon.core.webui.keyword.internal.WebUIKeywordMain.runKeyword(WebUIKeywordMain.groovy:20)
	... 19 more]]></system-err>
   </testsuite>
</testsuites>
