<?xml version="1.0" encoding="UTF-8"?>
<testsuites name="Run all test case" time="1989.202" tests="56" failures="8" errors="0">
   <testsuite name="Run all test case" tests="56" failures="8" errors="0" time="1989.202" timestamp="2020-06-05 18:22:26" hostname="XuanNghiem - host.docker.internal" id="Test Suites/Run all test case">
      <properties>
         <property name="deviceName" value=""/>
         <property name="devicePlatform" value=""/>
         <property name="logFolder" value="C:\\Users\\XuanNghiem\\Katalon Studio\\cdnc-homeword02\\Reports\\20200605_182218\\Run all test case\\20200605_182218"/>
         <property name="logFiles" value="C:\\Users\\XuanNghiem\\Katalon Studio\\cdnc-homeword02\\Reports\\20200605_182218\\Run all test case\\20200605_182218\\execution0.log"/>
         <property name="attachments" value="C:\\Users\\XuanNghiem\\Katalon Studio\\cdnc-homeword02\\Reports\\20200605_182218\\Run all test case\\20200605_182218\\1591357172795.png, C:\\Users\\XuanNghiem\\Katalon Studio\\cdnc-homeword02\\Reports\\20200605_182218\\Run all test case\\20200605_182218\\1591357462397.png, C:\\Users\\XuanNghiem\\Katalon Studio\\cdnc-homeword02\\Reports\\20200605_182218\\Run all test case\\20200605_182218\\1591357655004.png, C:\\Users\\XuanNghiem\\Katalon Studio\\cdnc-homeword02\\Reports\\20200605_182218\\Run all test case\\20200605_182218\\1591357896186.png"/>
         <property name="hostName" value="XuanNghiem - host.docker.internal"/>
         <property name="os" value="Windows 10 64bit"/>
         <property name="katalonVersion" value="7.4.0.1"/>
         <property name="browser" value="Chrome 83.0.4103.97"/>
         <property name="hostAddress" value="192.168.100.14"/>
         <property name="sessionId" value="c40de9024be25ddd0222da2cf934669e"/>
         <property name="seleniumVersion" value="3.141.59"/>
         <property name="proxyInformation" value="ProxyInformation{proxyOption=NO_PROXY, proxyServerType=HTTP, password=, proxyServerAddress=, proxyServerPort=0, executionList=}"/>
         <property name="platform" value="Windows 10"/>
      </properties>
      <testcase name="Test Cases/1612427/01_Login" time="22.91" classname="Test Cases/1612427/01_Login" status="PASSED">
         <system-out><![CDATA[2020-06-05 18:22:28 - [TEST_CASE][PASSED] - Test Cases/1612427/01_Login: Test Cases/1612427/01_Login

2020-06-05 18:22:30 - [TEST_STEP][PASSED] - openBrowser(""): Browser is opened with url: ''

2020-06-05 18:22:32 - [MESSAGE][INFO] - Starting 'Chrome' driver

2020-06-05 18:22:32 - [MESSAGE][INFO] - Action delay is set to 0 milliseconds

2020-06-05 18:22:41 - [MESSAGE][PASSED] - Browser is opened with url: ''

2020-06-05 18:22:41 - [TEST_STEP][PASSED] - navigateToUrl("http://localhost:8065/login"): Navigate to 'http://localhost:8065/login' successfully

2020-06-05 18:22:44 - [MESSAGE][PASSED] - Navigate to 'http://localhost:8065/login' successfully

2020-06-05 18:22:44 - [TEST_STEP][PASSED] - setText(findTestObject("Object Repository/1612427/01_Login/Page_Mattermost/input_All team communication in one place s_703ef5"), username): Text 'hcmus-cdnc' is set on object 'Object Repository/1612427/01_Login/Page_Mattermost/input_All team communication in one place s_703ef5'

2020-06-05 18:22:47 - [MESSAGE][PASSED] - Text 'hcmus-cdnc' is set on object 'Object Repository/1612427/01_Login/Page_Mattermost/input_All team communication in one place s_703ef5'

2020-06-05 18:22:47 - [TEST_STEP][PASSED] - setEncryptedText(findTestObject("Object Repository/1612427/01_Login/Page_Mattermost/input_All team communication in one place s_2f2733"), password): Text ****** has been set on object 'Object Repository/1612427/01_Login/Page_Mattermost/input_All team communication in one place s_2f2733'

2020-06-05 18:22:49 - [MESSAGE][PASSED] - Text ****** has been set on object 'Object Repository/1612427/01_Login/Page_Mattermost/input_All team communication in one place s_2f2733'

2020-06-05 18:22:49 - [TEST_STEP][PASSED] - click(findTestObject("Object Repository/1612427/01_Login/Page_Mattermost/span_Sign in")): Object: 'Object Repository/1612427/01_Login/Page_Mattermost/span_Sign in' is clicked on

2020-06-05 18:22:50 - [MESSAGE][PASSED] - Object: 'Object Repository/1612427/01_Login/Page_Mattermost/span_Sign in' is clicked on

2020-06-05 18:22:50 - [TEST_STEP][PASSED] - closeBrowser(): Browser is closed

2020-06-05 18:22:51 - [MESSAGE][PASSED] - Browser is closed]]></system-out>
         <system-err><![CDATA[]]></system-err>
      </testcase>
      <testcase name="Test Cases/1612427/02_ChangePassword" time="37.332" classname="Test Cases/1612427/02_ChangePassword" status="PASSED">
         <system-out><![CDATA[2020-06-05 18:22:51 - [TEST_CASE][PASSED] - Test Cases/1612427/02_ChangePassword: Test Cases/1612427/02_ChangePassword

2020-06-05 18:22:52 - [TEST_STEP][PASSED] - openBrowser(""): Browser is opened with url: ''

2020-06-05 18:22:52 - [MESSAGE][INFO] - Starting 'Chrome' driver

2020-06-05 18:22:52 - [MESSAGE][INFO] - Action delay is set to 0 milliseconds

2020-06-05 18:22:57 - [MESSAGE][PASSED] - Browser is opened with url: ''

2020-06-05 18:22:57 - [TEST_STEP][PASSED] - navigateToUrl("http://localhost:8065/login"): Navigate to 'http://localhost:8065/login' successfully

2020-06-05 18:23:02 - [MESSAGE][PASSED] - Navigate to 'http://localhost:8065/login' successfully

2020-06-05 18:23:02 - [TEST_STEP][PASSED] - setText(findTestObject("Object Repository/1612427/02_ChangePassword/Page_Mattermost/input_All team communication in one place s_703ef5"), "hcmus-cdnc"): Text 'hcmus-cdnc' is set on object 'Object Repository/1612427/02_ChangePassword/Page_Mattermost/input_All team communication in one place s_703ef5'

2020-06-05 18:23:06 - [MESSAGE][PASSED] - Text 'hcmus-cdnc' is set on object 'Object Repository/1612427/02_ChangePassword/Page_Mattermost/input_All team communication in one place s_703ef5'

2020-06-05 18:23:06 - [TEST_STEP][PASSED] - setEncryptedText(findTestObject("Object Repository/1612427/02_ChangePassword/Page_Mattermost/input_All team communication in one place s_2f2733"), "aeHFOx8jV/A="): Text ****** has been set on object 'Object Repository/1612427/02_ChangePassword/Page_Mattermost/input_All team communication in one place s_2f2733'

2020-06-05 18:23:07 - [MESSAGE][PASSED] - Text ****** has been set on object 'Object Repository/1612427/02_ChangePassword/Page_Mattermost/input_All team communication in one place s_2f2733'

2020-06-05 18:23:07 - [TEST_STEP][PASSED] - click(findTestObject("Object Repository/1612427/02_ChangePassword/Page_Mattermost/span_Sign in")): Object: 'Object Repository/1612427/02_ChangePassword/Page_Mattermost/span_Sign in' is clicked on

2020-06-05 18:23:08 - [MESSAGE][PASSED] - Object: 'Object Repository/1612427/02_ChangePassword/Page_Mattermost/span_Sign in' is clicked on

2020-06-05 18:23:08 - [TEST_STEP][PASSED] - click(findTestObject("Object Repository/1612427/02_ChangePassword/Page_Town Square - minus Mattermost/span")): Object: 'Object Repository/1612427/02_ChangePassword/Page_Town Square - minus Mattermost/span' is clicked on

2020-06-05 18:23:18 - [MESSAGE][PASSED] - Object: 'Object Repository/1612427/02_ChangePassword/Page_Town Square - minus Mattermost/span' is clicked on

2020-06-05 18:23:18 - [TEST_STEP][PASSED] - click(findTestObject("Object Repository/1612427/02_ChangePassword/Page_Town Square - minus Mattermost/span_Account Settings")): Object: 'Object Repository/1612427/02_ChangePassword/Page_Town Square - minus Mattermost/span_Account Settings' is clicked on

2020-06-05 18:23:20 - [MESSAGE][PASSED] - Object: 'Object Repository/1612427/02_ChangePassword/Page_Town Square - minus Mattermost/span_Account Settings' is clicked on

2020-06-05 18:23:20 - [TEST_STEP][PASSED] - click(findTestObject("Object Repository/1612427/02_ChangePassword/Page_Town Square - minus Mattermost/button_Security")): Object: 'Object Repository/1612427/02_ChangePassword/Page_Town Square - minus Mattermost/button_Security' is clicked on

2020-06-05 18:23:21 - [MESSAGE][PASSED] - Object: 'Object Repository/1612427/02_ChangePassword/Page_Town Square - minus Mattermost/button_Security' is clicked on

2020-06-05 18:23:21 - [TEST_STEP][PASSED] - click(findTestObject("Object Repository/1612427/02_ChangePassword/Page_Town Square - minus Mattermost/span_Edit")): Object: 'Object Repository/1612427/02_ChangePassword/Page_Town Square - minus Mattermost/span_Edit' is clicked on

2020-06-05 18:23:22 - [MESSAGE][PASSED] - Object: 'Object Repository/1612427/02_ChangePassword/Page_Town Square - minus Mattermost/span_Edit' is clicked on

2020-06-05 18:23:22 - [TEST_STEP][PASSED] - setEncryptedText(findTestObject("Object Repository/1612427/02_ChangePassword/Page_Town Square - minus Mattermost/input_Current Password_currentPassword"), password): Text ****** has been set on object 'Object Repository/1612427/02_ChangePassword/Page_Town Square - minus Mattermost/input_Current Password_currentPassword'

2020-06-05 18:23:23 - [MESSAGE][PASSED] - Text ****** has been set on object 'Object Repository/1612427/02_ChangePassword/Page_Town Square - minus Mattermost/input_Current Password_currentPassword'

2020-06-05 18:23:23 - [TEST_STEP][PASSED] - setEncryptedText(findTestObject("Object Repository/1612427/02_ChangePassword/Page_Town Square - minus Mattermost/input_New Password_newPassword"), new_password): Text ****** has been set on object 'Object Repository/1612427/02_ChangePassword/Page_Town Square - minus Mattermost/input_New Password_newPassword'

2020-06-05 18:23:25 - [MESSAGE][PASSED] - Text ****** has been set on object 'Object Repository/1612427/02_ChangePassword/Page_Town Square - minus Mattermost/input_New Password_newPassword'

2020-06-05 18:23:25 - [TEST_STEP][PASSED] - setEncryptedText(findTestObject("Object Repository/1612427/02_ChangePassword/Page_Town Square - minus Mattermost/input_Retype New Password_confirmPassword"), confirm_password): Text ****** has been set on object 'Object Repository/1612427/02_ChangePassword/Page_Town Square - minus Mattermost/input_Retype New Password_confirmPassword'

2020-06-05 18:23:26 - [MESSAGE][PASSED] - Text ****** has been set on object 'Object Repository/1612427/02_ChangePassword/Page_Town Square - minus Mattermost/input_Retype New Password_confirmPassword'

2020-06-05 18:23:26 - [TEST_STEP][PASSED] - click(findTestObject("Object Repository/1612427/02_ChangePassword/Page_Town Square - minus Mattermost/span_Save")): Object: 'Object Repository/1612427/02_ChangePassword/Page_Town Square - minus Mattermost/span_Save' is clicked on

2020-06-05 18:23:27 - [MESSAGE][PASSED] - Object: 'Object Repository/1612427/02_ChangePassword/Page_Town Square - minus Mattermost/span_Save' is clicked on

2020-06-05 18:23:27 - [TEST_STEP][PASSED] - closeBrowser(): Browser is closed

2020-06-05 18:23:28 - [MESSAGE][PASSED] - Browser is closed]]></system-out>
         <system-err><![CDATA[]]></system-err>
      </testcase>
      <testcase name="Test Cases/1612427/03_ChangeName" time="37.684" classname="Test Cases/1612427/03_ChangeName" status="PASSED">
         <system-out><![CDATA[2020-06-05 18:23:28 - [TEST_CASE][PASSED] - Test Cases/1612427/03_ChangeName: Test Cases/1612427/03_ChangeName

2020-06-05 18:23:30 - [TEST_STEP][PASSED] - openBrowser(""): Browser is opened with url: ''

2020-06-05 18:23:30 - [MESSAGE][INFO] - Starting 'Chrome' driver

2020-06-05 18:23:30 - [MESSAGE][INFO] - Action delay is set to 0 milliseconds

2020-06-05 18:23:34 - [MESSAGE][PASSED] - Browser is opened with url: ''

2020-06-05 18:23:34 - [TEST_STEP][PASSED] - navigateToUrl("http://localhost:8065/login"): Navigate to 'http://localhost:8065/login' successfully

2020-06-05 18:23:39 - [MESSAGE][PASSED] - Navigate to 'http://localhost:8065/login' successfully

2020-06-05 18:23:39 - [TEST_STEP][PASSED] - setText(findTestObject("Object Repository/1612427/02_ChangePassword/Page_Mattermost/input_All team communication in one place s_703ef5"), "hcmus-cdnc"): Text 'hcmus-cdnc' is set on object 'Object Repository/1612427/02_ChangePassword/Page_Mattermost/input_All team communication in one place s_703ef5'

2020-06-05 18:23:43 - [MESSAGE][PASSED] - Text 'hcmus-cdnc' is set on object 'Object Repository/1612427/02_ChangePassword/Page_Mattermost/input_All team communication in one place s_703ef5'

2020-06-05 18:23:43 - [TEST_STEP][PASSED] - setEncryptedText(findTestObject("Object Repository/1612427/02_ChangePassword/Page_Mattermost/input_All team communication in one place s_2f2733"), "aeHFOx8jV/A="): Text ****** has been set on object 'Object Repository/1612427/02_ChangePassword/Page_Mattermost/input_All team communication in one place s_2f2733'

2020-06-05 18:23:44 - [MESSAGE][PASSED] - Text ****** has been set on object 'Object Repository/1612427/02_ChangePassword/Page_Mattermost/input_All team communication in one place s_2f2733'

2020-06-05 18:23:44 - [TEST_STEP][PASSED] - click(findTestObject("Object Repository/1612427/02_ChangePassword/Page_Mattermost/span_Sign in")): Object: 'Object Repository/1612427/02_ChangePassword/Page_Mattermost/span_Sign in' is clicked on

2020-06-05 18:23:45 - [MESSAGE][PASSED] - Object: 'Object Repository/1612427/02_ChangePassword/Page_Mattermost/span_Sign in' is clicked on

2020-06-05 18:23:45 - [TEST_STEP][PASSED] - click(findTestObject("Object Repository/1612427/02_ChangePassword/Page_Town Square - minus Mattermost/span")): Object: 'Object Repository/1612427/02_ChangePassword/Page_Town Square - minus Mattermost/span' is clicked on

2020-06-05 18:23:55 - [MESSAGE][PASSED] - Object: 'Object Repository/1612427/02_ChangePassword/Page_Town Square - minus Mattermost/span' is clicked on

2020-06-05 18:23:55 - [TEST_STEP][PASSED] - click(findTestObject("Object Repository/1612427/02_ChangePassword/Page_Town Square - minus Mattermost/span_Account Settings")): Object: 'Object Repository/1612427/02_ChangePassword/Page_Town Square - minus Mattermost/span_Account Settings' is clicked on

2020-06-05 18:23:57 - [MESSAGE][PASSED] - Object: 'Object Repository/1612427/02_ChangePassword/Page_Town Square - minus Mattermost/span_Account Settings' is clicked on

2020-06-05 18:23:57 - [TEST_STEP][PASSED] - click(findTestObject("Object Repository/1612427/03_ChangeName/Page_Town Square - minus Mattermost/span_Edit")): Object: 'Object Repository/1612427/03_ChangeName/Page_Town Square - minus Mattermost/span_Edit' is clicked on

2020-06-05 18:23:58 - [MESSAGE][PASSED] - Object: 'Object Repository/1612427/03_ChangeName/Page_Town Square - minus Mattermost/span_Edit' is clicked on

2020-06-05 18:23:58 - [TEST_STEP][PASSED] - click(findTestObject("Object Repository/1612427/03_ChangeName/Page_Town Square - minus Mattermost/div_First Name")): Object: 'Object Repository/1612427/03_ChangeName/Page_Town Square - minus Mattermost/div_First Name' is clicked on

2020-06-05 18:23:59 - [MESSAGE][PASSED] - Object: 'Object Repository/1612427/03_ChangeName/Page_Town Square - minus Mattermost/div_First Name' is clicked on

2020-06-05 18:23:59 - [TEST_STEP][PASSED] - setText(findTestObject("Object Repository/1612427/03_ChangeName/Page_Town Square - minus Mattermost/input_First Name_firstName"), firstname): Text 'Nguyen' is set on object 'Object Repository/1612427/03_ChangeName/Page_Town Square - minus Mattermost/input_First Name_firstName'

2020-06-05 18:24:01 - [MESSAGE][PASSED] - Text 'Nguyen' is set on object 'Object Repository/1612427/03_ChangeName/Page_Town Square - minus Mattermost/input_First Name_firstName'

2020-06-05 18:24:01 - [TEST_STEP][PASSED] - click(findTestObject("Object Repository/1612427/03_ChangeName/Page_Town Square - minus Mattermost/div_Last Name")): Object: 'Object Repository/1612427/03_ChangeName/Page_Town Square - minus Mattermost/div_Last Name' is clicked on

2020-06-05 18:24:02 - [MESSAGE][PASSED] - Object: 'Object Repository/1612427/03_ChangeName/Page_Town Square - minus Mattermost/div_Last Name' is clicked on

2020-06-05 18:24:02 - [TEST_STEP][PASSED] - setText(findTestObject("Object Repository/1612427/03_ChangeName/Page_Town Square - minus Mattermost/input_Last Name_lastName"), lastname): Text 'Xuan Nghiem' is set on object 'Object Repository/1612427/03_ChangeName/Page_Town Square - minus Mattermost/input_Last Name_lastName'

2020-06-05 18:24:04 - [MESSAGE][PASSED] - Text 'Xuan Nghiem' is set on object 'Object Repository/1612427/03_ChangeName/Page_Town Square - minus Mattermost/input_Last Name_lastName'

2020-06-05 18:24:04 - [TEST_STEP][PASSED] - click(findTestObject("Object Repository/1612427/03_ChangeName/Page_Town Square - minus Mattermost/span_Save")): Object: 'Object Repository/1612427/03_ChangeName/Page_Town Square - minus Mattermost/span_Save' is clicked on

2020-06-05 18:24:04 - [MESSAGE][PASSED] - Object: 'Object Repository/1612427/03_ChangeName/Page_Town Square - minus Mattermost/span_Save' is clicked on

2020-06-05 18:24:04 - [TEST_STEP][PASSED] - closeBrowser(): Browser is closed

2020-06-05 18:24:06 - [MESSAGE][PASSED] - Browser is closed]]></system-out>
         <system-err><![CDATA[]]></system-err>
      </testcase>
      <testcase name="Test Cases/1612427/04_ChangeNickname" time="33.581" classname="Test Cases/1612427/04_ChangeNickname" status="PASSED">
         <system-out><![CDATA[2020-06-05 18:24:06 - [TEST_CASE][PASSED] - Test Cases/1612427/04_ChangeNickname: Test Cases/1612427/04_ChangeNickname

2020-06-05 18:24:07 - [TEST_STEP][PASSED] - openBrowser(""): Browser is opened with url: ''

2020-06-05 18:24:07 - [MESSAGE][INFO] - Starting 'Chrome' driver

2020-06-05 18:24:07 - [MESSAGE][INFO] - Action delay is set to 0 milliseconds

2020-06-05 18:24:11 - [MESSAGE][PASSED] - Browser is opened with url: ''

2020-06-05 18:24:11 - [TEST_STEP][PASSED] - navigateToUrl("http://localhost:8065/login"): Navigate to 'http://localhost:8065/login' successfully

2020-06-05 18:24:16 - [MESSAGE][PASSED] - Navigate to 'http://localhost:8065/login' successfully

2020-06-05 18:24:16 - [TEST_STEP][PASSED] - setText(findTestObject("Object Repository/1612427/02_ChangePassword/Page_Mattermost/input_All team communication in one place s_703ef5"), "hcmus-cdnc"): Text 'hcmus-cdnc' is set on object 'Object Repository/1612427/02_ChangePassword/Page_Mattermost/input_All team communication in one place s_703ef5'

2020-06-05 18:24:20 - [MESSAGE][PASSED] - Text 'hcmus-cdnc' is set on object 'Object Repository/1612427/02_ChangePassword/Page_Mattermost/input_All team communication in one place s_703ef5'

2020-06-05 18:24:20 - [TEST_STEP][PASSED] - setEncryptedText(findTestObject("Object Repository/1612427/02_ChangePassword/Page_Mattermost/input_All team communication in one place s_2f2733"), "aeHFOx8jV/A="): Text ****** has been set on object 'Object Repository/1612427/02_ChangePassword/Page_Mattermost/input_All team communication in one place s_2f2733'

2020-06-05 18:24:21 - [MESSAGE][PASSED] - Text ****** has been set on object 'Object Repository/1612427/02_ChangePassword/Page_Mattermost/input_All team communication in one place s_2f2733'

2020-06-05 18:24:21 - [TEST_STEP][PASSED] - click(findTestObject("Object Repository/1612427/02_ChangePassword/Page_Mattermost/span_Sign in")): Object: 'Object Repository/1612427/02_ChangePassword/Page_Mattermost/span_Sign in' is clicked on

2020-06-05 18:24:22 - [MESSAGE][PASSED] - Object: 'Object Repository/1612427/02_ChangePassword/Page_Mattermost/span_Sign in' is clicked on

2020-06-05 18:24:22 - [TEST_STEP][PASSED] - click(findTestObject("Object Repository/1612427/02_ChangePassword/Page_Town Square - minus Mattermost/span")): Object: 'Object Repository/1612427/02_ChangePassword/Page_Town Square - minus Mattermost/span' is clicked on

2020-06-05 18:24:32 - [MESSAGE][PASSED] - Object: 'Object Repository/1612427/02_ChangePassword/Page_Town Square - minus Mattermost/span' is clicked on

2020-06-05 18:24:32 - [TEST_STEP][PASSED] - click(findTestObject("Object Repository/1612427/02_ChangePassword/Page_Town Square - minus Mattermost/span_Account Settings")): Object: 'Object Repository/1612427/02_ChangePassword/Page_Town Square - minus Mattermost/span_Account Settings' is clicked on

2020-06-05 18:24:34 - [MESSAGE][PASSED] - Object: 'Object Repository/1612427/02_ChangePassword/Page_Town Square - minus Mattermost/span_Account Settings' is clicked on

2020-06-05 18:24:34 - [TEST_STEP][PASSED] - click(findTestObject("Object Repository/1612427/04_ChangeNickname/Page_Town Square - minus Mattermost/span_Edit")): Object: 'Object Repository/1612427/04_ChangeNickname/Page_Town Square - minus Mattermost/span_Edit' is clicked on

2020-06-05 18:24:36 - [MESSAGE][PASSED] - Object: 'Object Repository/1612427/04_ChangeNickname/Page_Town Square - minus Mattermost/span_Edit' is clicked on

2020-06-05 18:24:36 - [TEST_STEP][PASSED] - setText(findTestObject("Object Repository/1612427/04_ChangeNickname/Page_Town Square - minus Mattermost/input_Nickname_nickname"), nickname): Text 'chipuku' is set on object 'Object Repository/1612427/04_ChangeNickname/Page_Town Square - minus Mattermost/input_Nickname_nickname'

2020-06-05 18:24:37 - [MESSAGE][PASSED] - Text 'chipuku' is set on object 'Object Repository/1612427/04_ChangeNickname/Page_Town Square - minus Mattermost/input_Nickname_nickname'

2020-06-05 18:24:37 - [TEST_STEP][PASSED] - click(findTestObject("Object Repository/1612427/04_ChangeNickname/Page_Town Square - minus Mattermost/span_Save")): Object: 'Object Repository/1612427/04_ChangeNickname/Page_Town Square - minus Mattermost/span_Save' is clicked on

2020-06-05 18:24:38 - [MESSAGE][PASSED] - Object: 'Object Repository/1612427/04_ChangeNickname/Page_Town Square - minus Mattermost/span_Save' is clicked on

2020-06-05 18:24:38 - [TEST_STEP][PASSED] - closeBrowser(): Browser is closed

2020-06-05 18:24:39 - [MESSAGE][PASSED] - Browser is closed]]></system-out>
         <system-err><![CDATA[]]></system-err>
      </testcase>
      <testcase name="Test Cases/1612427/05_ChangePosition" time="32.962" classname="Test Cases/1612427/05_ChangePosition" status="PASSED">
         <system-out><![CDATA[2020-06-05 18:24:39 - [TEST_CASE][PASSED] - Test Cases/1612427/05_ChangePosition: Test Cases/1612427/05_ChangePosition

2020-06-05 18:24:40 - [TEST_STEP][PASSED] - openBrowser(""): Browser is opened with url: ''

2020-06-05 18:24:40 - [MESSAGE][INFO] - Starting 'Chrome' driver

2020-06-05 18:24:40 - [MESSAGE][INFO] - Action delay is set to 0 milliseconds

2020-06-05 18:24:45 - [MESSAGE][PASSED] - Browser is opened with url: ''

2020-06-05 18:24:45 - [TEST_STEP][PASSED] - navigateToUrl("http://localhost:8065/login"): Navigate to 'http://localhost:8065/login' successfully

2020-06-05 18:24:49 - [MESSAGE][PASSED] - Navigate to 'http://localhost:8065/login' successfully

2020-06-05 18:24:49 - [TEST_STEP][PASSED] - setText(findTestObject("Object Repository/1612427/05_ChangePosition/Page_Mattermost/input_All team communication in one place s_703ef5"), "hcmus-cdnc"): Text 'hcmus-cdnc' is set on object 'Object Repository/1612427/05_ChangePosition/Page_Mattermost/input_All team communication in one place s_703ef5'

2020-06-05 18:24:53 - [MESSAGE][PASSED] - Text 'hcmus-cdnc' is set on object 'Object Repository/1612427/05_ChangePosition/Page_Mattermost/input_All team communication in one place s_703ef5'

2020-06-05 18:24:53 - [TEST_STEP][PASSED] - setEncryptedText(findTestObject("Object Repository/1612427/05_ChangePosition/Page_Mattermost/input_All team communication in one place s_2f2733"), "aeHFOx8jV/A="): Text ****** has been set on object 'Object Repository/1612427/05_ChangePosition/Page_Mattermost/input_All team communication in one place s_2f2733'

2020-06-05 18:24:54 - [MESSAGE][PASSED] - Text ****** has been set on object 'Object Repository/1612427/05_ChangePosition/Page_Mattermost/input_All team communication in one place s_2f2733'

2020-06-05 18:24:54 - [TEST_STEP][PASSED] - click(findTestObject("Object Repository/1612427/05_ChangePosition/Page_Mattermost/button_Sign in")): Object: 'Object Repository/1612427/05_ChangePosition/Page_Mattermost/button_Sign in' is clicked on

2020-06-05 18:24:55 - [MESSAGE][PASSED] - Object: 'Object Repository/1612427/05_ChangePosition/Page_Mattermost/button_Sign in' is clicked on

2020-06-05 18:24:55 - [TEST_STEP][PASSED] - click(findTestObject("Object Repository/1612427/05_ChangePosition/Page_Town Square - minus Mattermost/button_hcmus-cdnc_style--none sidebar-heade_0f8da4")): Object: 'Object Repository/1612427/05_ChangePosition/Page_Town Square - minus Mattermost/button_hcmus-cdnc_style--none sidebar-heade_0f8da4' is clicked on

2020-06-05 18:25:05 - [MESSAGE][PASSED] - Object: 'Object Repository/1612427/05_ChangePosition/Page_Town Square - minus Mattermost/button_hcmus-cdnc_style--none sidebar-heade_0f8da4' is clicked on

2020-06-05 18:25:05 - [TEST_STEP][PASSED] - click(findTestObject("Object Repository/1612427/05_ChangePosition/Page_Town Square - minus Mattermost/span_Account Settings")): Object: 'Object Repository/1612427/05_ChangePosition/Page_Town Square - minus Mattermost/span_Account Settings' is clicked on

2020-06-05 18:25:07 - [MESSAGE][PASSED] - Object: 'Object Repository/1612427/05_ChangePosition/Page_Town Square - minus Mattermost/span_Account Settings' is clicked on

2020-06-05 18:25:07 - [TEST_STEP][PASSED] - click(findTestObject("Object Repository/1612427/05_ChangePosition/Page_Town Square - minus Mattermost/span_Edit")): Object: 'Object Repository/1612427/05_ChangePosition/Page_Town Square - minus Mattermost/span_Edit' is clicked on

2020-06-05 18:25:09 - [MESSAGE][PASSED] - Object: 'Object Repository/1612427/05_ChangePosition/Page_Town Square - minus Mattermost/span_Edit' is clicked on

2020-06-05 18:25:09 - [TEST_STEP][PASSED] - setText(findTestObject("Object Repository/1612427/05_ChangePosition/Page_Town Square - minus Mattermost/input_Position_position"), position): Text 'dev' is set on object 'Object Repository/1612427/05_ChangePosition/Page_Town Square - minus Mattermost/input_Position_position'

2020-06-05 18:25:10 - [MESSAGE][PASSED] - Text 'dev' is set on object 'Object Repository/1612427/05_ChangePosition/Page_Town Square - minus Mattermost/input_Position_position'

2020-06-05 18:25:10 - [TEST_STEP][PASSED] - click(findTestObject("Object Repository/1612427/05_ChangePosition/Page_Town Square - minus Mattermost/span_Save")): Object: 'Object Repository/1612427/05_ChangePosition/Page_Town Square - minus Mattermost/span_Save' is clicked on

2020-06-05 18:25:11 - [MESSAGE][PASSED] - Object: 'Object Repository/1612427/05_ChangePosition/Page_Town Square - minus Mattermost/span_Save' is clicked on

2020-06-05 18:25:11 - [TEST_STEP][PASSED] - closeBrowser(): Browser is closed

2020-06-05 18:25:12 - [MESSAGE][PASSED] - Browser is closed]]></system-out>
         <system-err><![CDATA[]]></system-err>
      </testcase>
      <testcase name="Test Cases/1612427/06_ChangeEmail" time="43.033" classname="Test Cases/1612427/06_ChangeEmail" status="PASSED">
         <system-out><![CDATA[2020-06-05 18:25:12 - [TEST_CASE][PASSED] - Test Cases/1612427/06_ChangeEmail: Test Cases/1612427/06_ChangeEmail

2020-06-05 18:25:14 - [TEST_STEP][PASSED] - openBrowser(""): Browser is opened with url: ''

2020-06-05 18:25:14 - [MESSAGE][INFO] - Starting 'Chrome' driver

2020-06-05 18:25:14 - [MESSAGE][INFO] - Action delay is set to 0 milliseconds

2020-06-05 18:25:18 - [MESSAGE][PASSED] - Browser is opened with url: ''

2020-06-05 18:25:18 - [TEST_STEP][PASSED] - navigateToUrl("http://localhost:8065/login"): Navigate to 'http://localhost:8065/login' successfully

2020-06-05 18:25:23 - [MESSAGE][PASSED] - Navigate to 'http://localhost:8065/login' successfully

2020-06-05 18:25:23 - [TEST_STEP][PASSED] - setText(findTestObject("Object Repository/1612427/06_ChangeEmail/Page_Mattermost/input_All team communication in one place s_703ef5"), "hcmus-cdnc"): Text 'hcmus-cdnc' is set on object 'Object Repository/1612427/06_ChangeEmail/Page_Mattermost/input_All team communication in one place s_703ef5'

2020-06-05 18:25:27 - [MESSAGE][PASSED] - Text 'hcmus-cdnc' is set on object 'Object Repository/1612427/06_ChangeEmail/Page_Mattermost/input_All team communication in one place s_703ef5'

2020-06-05 18:25:27 - [TEST_STEP][PASSED] - click(findTestObject("Object Repository/1612427/06_ChangeEmail/Page_Mattermost/input_All team communication in one place s_703ef5")): Object: 'Object Repository/1612427/06_ChangeEmail/Page_Mattermost/input_All team communication in one place s_703ef5' is clicked on

2020-06-05 18:25:29 - [MESSAGE][PASSED] - Object: 'Object Repository/1612427/06_ChangeEmail/Page_Mattermost/input_All team communication in one place s_703ef5' is clicked on

2020-06-05 18:25:29 - [TEST_STEP][PASSED] - setText(findTestObject("Object Repository/1612427/06_ChangeEmail/Page_Mattermost/input_All team communication in one place s_703ef5"), "hcmus-cdnc"): Text 'hcmus-cdnc' is set on object 'Object Repository/1612427/06_ChangeEmail/Page_Mattermost/input_All team communication in one place s_703ef5'

2020-06-05 18:25:30 - [MESSAGE][PASSED] - Text 'hcmus-cdnc' is set on object 'Object Repository/1612427/06_ChangeEmail/Page_Mattermost/input_All team communication in one place s_703ef5'

2020-06-05 18:25:30 - [TEST_STEP][PASSED] - setEncryptedText(findTestObject("Object Repository/1612427/06_ChangeEmail/Page_Mattermost/input_All team communication in one place s_2f2733"), "aeHFOx8jV/A="): Text ****** has been set on object 'Object Repository/1612427/06_ChangeEmail/Page_Mattermost/input_All team communication in one place s_2f2733'

2020-06-05 18:25:30 - [MESSAGE][PASSED] - Text ****** has been set on object 'Object Repository/1612427/06_ChangeEmail/Page_Mattermost/input_All team communication in one place s_2f2733'

2020-06-05 18:25:30 - [TEST_STEP][PASSED] - click(findTestObject("Object Repository/1612427/06_ChangeEmail/Page_Mattermost/span_Sign in")): Object: 'Object Repository/1612427/06_ChangeEmail/Page_Mattermost/span_Sign in' is clicked on

2020-06-05 18:25:31 - [MESSAGE][PASSED] - Object: 'Object Repository/1612427/06_ChangeEmail/Page_Mattermost/span_Sign in' is clicked on

2020-06-05 18:25:31 - [TEST_STEP][PASSED] - click(findTestObject("Object Repository/1612427/06_ChangeEmail/Page_Town Square - minus Mattermost/svg")): Object: 'Object Repository/1612427/06_ChangeEmail/Page_Town Square - minus Mattermost/svg' is clicked on

2020-06-05 18:25:42 - [MESSAGE][PASSED] - Object: 'Object Repository/1612427/06_ChangeEmail/Page_Town Square - minus Mattermost/svg' is clicked on

2020-06-05 18:25:42 - [TEST_STEP][PASSED] - click(findTestObject("Object Repository/1612427/06_ChangeEmail/Page_Town Square - minus Mattermost/span_Account Settings")): Object: 'Object Repository/1612427/06_ChangeEmail/Page_Town Square - minus Mattermost/span_Account Settings' is clicked on

2020-06-05 18:25:43 - [MESSAGE][PASSED] - Object: 'Object Repository/1612427/06_ChangeEmail/Page_Town Square - minus Mattermost/span_Account Settings' is clicked on

2020-06-05 18:25:43 - [TEST_STEP][PASSED] - click(findTestObject("Object Repository/1612427/06_ChangeEmail/Page_Town Square - minus Mattermost/span_Edit")): Object: 'Object Repository/1612427/06_ChangeEmail/Page_Town Square - minus Mattermost/span_Edit' is clicked on

2020-06-05 18:25:45 - [MESSAGE][PASSED] - Object: 'Object Repository/1612427/06_ChangeEmail/Page_Town Square - minus Mattermost/span_Edit' is clicked on

2020-06-05 18:25:45 - [TEST_STEP][PASSED] - setText(findTestObject("Object Repository/1612427/06_ChangeEmail/Page_Town Square - minus Mattermost/input_New Email_primaryEmail"), email): Text 'xuanghjem@gmail.com' is set on object 'Object Repository/1612427/06_ChangeEmail/Page_Town Square - minus Mattermost/input_New Email_primaryEmail'

2020-06-05 18:25:49 - [MESSAGE][PASSED] - Text 'xuanghjem@gmail.com' is set on object 'Object Repository/1612427/06_ChangeEmail/Page_Town Square - minus Mattermost/input_New Email_primaryEmail'

2020-06-05 18:25:49 - [TEST_STEP][PASSED] - setText(findTestObject("Object Repository/1612427/06_ChangeEmail/Page_Town Square - minus Mattermost/input_Confirm Email_confirmEmail"), confirm_email): Text 'xuanghjem@gmail.com' is set on object 'Object Repository/1612427/06_ChangeEmail/Page_Town Square - minus Mattermost/input_Confirm Email_confirmEmail'

2020-06-05 18:25:52 - [MESSAGE][PASSED] - Text 'xuanghjem@gmail.com' is set on object 'Object Repository/1612427/06_ChangeEmail/Page_Town Square - minus Mattermost/input_Confirm Email_confirmEmail'

2020-06-05 18:25:52 - [TEST_STEP][PASSED] - setEncryptedText(findTestObject("Object Repository/1612427/06_ChangeEmail/Page_Town Square - minus Mattermost/input_Current Password_currentPassword"), password): Text ****** has been set on object 'Object Repository/1612427/06_ChangeEmail/Page_Town Square - minus Mattermost/input_Current Password_currentPassword'

2020-06-05 18:25:53 - [MESSAGE][PASSED] - Text ****** has been set on object 'Object Repository/1612427/06_ChangeEmail/Page_Town Square - minus Mattermost/input_Current Password_currentPassword'

2020-06-05 18:25:53 - [TEST_STEP][PASSED] - click(findTestObject("Object Repository/1612427/06_ChangeEmail/Page_Town Square - minus Mattermost/span_Save")): Object: 'Object Repository/1612427/06_ChangeEmail/Page_Town Square - minus Mattermost/span_Save' is clicked on

2020-06-05 18:25:54 - [MESSAGE][PASSED] - Object: 'Object Repository/1612427/06_ChangeEmail/Page_Town Square - minus Mattermost/span_Save' is clicked on

2020-06-05 18:25:54 - [TEST_STEP][PASSED] - closeBrowser(): Browser is closed

2020-06-05 18:25:55 - [MESSAGE][PASSED] - Browser is closed]]></system-out>
         <system-err><![CDATA[]]></system-err>
      </testcase>
      <testcase name="Test Cases/1612427/07_AddTriggerMention" time="38.715" classname="Test Cases/1612427/07_AddTriggerMention" status="PASSED">
         <system-out><![CDATA[2020-06-05 18:25:55 - [TEST_CASE][PASSED] - Test Cases/1612427/07_AddTriggerMention: Test Cases/1612427/07_AddTriggerMention

2020-06-05 18:25:57 - [TEST_STEP][PASSED] - openBrowser(""): Browser is opened with url: ''

2020-06-05 18:25:57 - [MESSAGE][INFO] - Starting 'Chrome' driver

2020-06-05 18:25:57 - [MESSAGE][INFO] - Action delay is set to 0 milliseconds

2020-06-05 18:26:02 - [MESSAGE][PASSED] - Browser is opened with url: ''

2020-06-05 18:26:02 - [TEST_STEP][PASSED] - navigateToUrl("http://localhost:8065/login"): Navigate to 'http://localhost:8065/login' successfully

2020-06-05 18:26:07 - [MESSAGE][PASSED] - Navigate to 'http://localhost:8065/login' successfully

2020-06-05 18:26:07 - [TEST_STEP][PASSED] - setText(findTestObject("Object Repository/1612427/06_ChangeEmail/Page_Mattermost/input_All team communication in one place s_703ef5"), "hcmus-cdnc"): Text 'hcmus-cdnc' is set on object 'Object Repository/1612427/06_ChangeEmail/Page_Mattermost/input_All team communication in one place s_703ef5'

2020-06-05 18:26:11 - [MESSAGE][PASSED] - Text 'hcmus-cdnc' is set on object 'Object Repository/1612427/06_ChangeEmail/Page_Mattermost/input_All team communication in one place s_703ef5'

2020-06-05 18:26:11 - [TEST_STEP][PASSED] - click(findTestObject("Object Repository/1612427/06_ChangeEmail/Page_Mattermost/input_All team communication in one place s_703ef5")): Object: 'Object Repository/1612427/06_ChangeEmail/Page_Mattermost/input_All team communication in one place s_703ef5' is clicked on

2020-06-05 18:26:11 - [MESSAGE][PASSED] - Object: 'Object Repository/1612427/06_ChangeEmail/Page_Mattermost/input_All team communication in one place s_703ef5' is clicked on

2020-06-05 18:26:11 - [TEST_STEP][PASSED] - setText(findTestObject("Object Repository/1612427/06_ChangeEmail/Page_Mattermost/input_All team communication in one place s_703ef5"), "hcmus-cdnc"): Text 'hcmus-cdnc' is set on object 'Object Repository/1612427/06_ChangeEmail/Page_Mattermost/input_All team communication in one place s_703ef5'

2020-06-05 18:26:13 - [MESSAGE][PASSED] - Text 'hcmus-cdnc' is set on object 'Object Repository/1612427/06_ChangeEmail/Page_Mattermost/input_All team communication in one place s_703ef5'

2020-06-05 18:26:13 - [TEST_STEP][PASSED] - setEncryptedText(findTestObject("Object Repository/1612427/06_ChangeEmail/Page_Mattermost/input_All team communication in one place s_2f2733"), "aeHFOx8jV/A="): Text ****** has been set on object 'Object Repository/1612427/06_ChangeEmail/Page_Mattermost/input_All team communication in one place s_2f2733'

2020-06-05 18:26:14 - [MESSAGE][PASSED] - Text ****** has been set on object 'Object Repository/1612427/06_ChangeEmail/Page_Mattermost/input_All team communication in one place s_2f2733'

2020-06-05 18:26:14 - [TEST_STEP][PASSED] - click(findTestObject("Object Repository/1612427/06_ChangeEmail/Page_Mattermost/span_Sign in")): Object: 'Object Repository/1612427/06_ChangeEmail/Page_Mattermost/span_Sign in' is clicked on

2020-06-05 18:26:15 - [MESSAGE][PASSED] - Object: 'Object Repository/1612427/06_ChangeEmail/Page_Mattermost/span_Sign in' is clicked on

2020-06-05 18:26:15 - [TEST_STEP][PASSED] - click(findTestObject("Object Repository/1612427/06_ChangeEmail/Page_Town Square - minus Mattermost/svg")): Object: 'Object Repository/1612427/06_ChangeEmail/Page_Town Square - minus Mattermost/svg' is clicked on

2020-06-05 18:26:25 - [MESSAGE][PASSED] - Object: 'Object Repository/1612427/06_ChangeEmail/Page_Town Square - minus Mattermost/svg' is clicked on

2020-06-05 18:26:25 - [TEST_STEP][PASSED] - click(findTestObject("Object Repository/1612427/06_ChangeEmail/Page_Town Square - minus Mattermost/span_Account Settings")): Object: 'Object Repository/1612427/06_ChangeEmail/Page_Town Square - minus Mattermost/span_Account Settings' is clicked on

2020-06-05 18:26:26 - [MESSAGE][PASSED] - Object: 'Object Repository/1612427/06_ChangeEmail/Page_Town Square - minus Mattermost/span_Account Settings' is clicked on

2020-06-05 18:26:26 - [TEST_STEP][PASSED] - click(findTestObject("Object Repository/1612427/07_AddTriggerMention/Page_Town Square - minus Mattermost/button_Notifications")): Object: 'Object Repository/1612427/07_AddTriggerMention/Page_Town Square - minus Mattermost/button_Notifications' is clicked on

2020-06-05 18:26:27 - [MESSAGE][PASSED] - Object: 'Object Repository/1612427/07_AddTriggerMention/Page_Town Square - minus Mattermost/button_Notifications' is clicked on

2020-06-05 18:26:27 - [TEST_STEP][PASSED] - click(findTestObject("Object Repository/1612427/07_AddTriggerMention/Page_Town Square - minus Mattermost/span_Edit")): Object: 'Object Repository/1612427/07_AddTriggerMention/Page_Town Square - minus Mattermost/span_Edit' is clicked on

2020-06-05 18:26:28 - [MESSAGE][PASSED] - Object: 'Object Repository/1612427/07_AddTriggerMention/Page_Town Square - minus Mattermost/span_Edit' is clicked on

2020-06-05 18:26:28 - [TEST_STEP][PASSED] - setText(findTestObject("Object Repository/1612427/07_AddTriggerMention/Page_Town Square - minus Mattermost/input_Other non-case sensitive words separa_48b795"), trigger_name): Text 'Nghiem' is set on object 'Object Repository/1612427/07_AddTriggerMention/Page_Town Square - minus Mattermost/input_Other non-case sensitive words separa_48b795'

2020-06-05 18:26:31 - [MESSAGE][PASSED] - Text 'Nghiem' is set on object 'Object Repository/1612427/07_AddTriggerMention/Page_Town Square - minus Mattermost/input_Other non-case sensitive words separa_48b795'

2020-06-05 18:26:31 - [TEST_STEP][PASSED] - click(findTestObject("Object Repository/1612427/07_AddTriggerMention/Page_Town Square - minus Mattermost/span_Save")): Object: 'Object Repository/1612427/07_AddTriggerMention/Page_Town Square - minus Mattermost/span_Save' is clicked on

2020-06-05 18:26:32 - [MESSAGE][PASSED] - Object: 'Object Repository/1612427/07_AddTriggerMention/Page_Town Square - minus Mattermost/span_Save' is clicked on

2020-06-05 18:26:32 - [TEST_STEP][PASSED] - closeBrowser(): Browser is closed

2020-06-05 18:26:34 - [MESSAGE][PASSED] - Browser is closed]]></system-out>
         <system-err><![CDATA[]]></system-err>
      </testcase>
      <testcase name="Test Cases/1612427/08_ResetUserPassword" time="34.487" classname="Test Cases/1612427/08_ResetUserPassword" status="PASSED">
         <system-out><![CDATA[2020-06-05 18:26:34 - [TEST_CASE][PASSED] - Test Cases/1612427/08_ResetUserPassword: Test Cases/1612427/08_ResetUserPassword

2020-06-05 18:26:35 - [TEST_STEP][PASSED] - openBrowser(""): Browser is opened with url: ''

2020-06-05 18:26:35 - [MESSAGE][INFO] - Starting 'Chrome' driver

2020-06-05 18:26:35 - [MESSAGE][INFO] - Action delay is set to 0 milliseconds

2020-06-05 18:26:40 - [MESSAGE][PASSED] - Browser is opened with url: ''

2020-06-05 18:26:40 - [TEST_STEP][PASSED] - navigateToUrl("http://localhost:8065/admin_console/user_management/users"): Navigate to 'http://localhost:8065/admin_console/user_management/users' successfully

2020-06-05 18:26:46 - [MESSAGE][PASSED] - Navigate to 'http://localhost:8065/admin_console/user_management/users' successfully

2020-06-05 18:26:46 - [TEST_STEP][PASSED] - setText(findTestObject("Object Repository/1612427/08_ResetUserPassword/Page_Mattermost/input_All team communication in one place s_703ef5"), "hcmus-cdnc"): Text 'hcmus-cdnc' is set on object 'Object Repository/1612427/08_ResetUserPassword/Page_Mattermost/input_All team communication in one place s_703ef5'

2020-06-05 18:26:53 - [MESSAGE][PASSED] - Text 'hcmus-cdnc' is set on object 'Object Repository/1612427/08_ResetUserPassword/Page_Mattermost/input_All team communication in one place s_703ef5'

2020-06-05 18:26:53 - [TEST_STEP][PASSED] - setEncryptedText(findTestObject("Object Repository/1612427/08_ResetUserPassword/Page_Mattermost/input_All team communication in one place s_2f2733"), "aeHFOx8jV/A="): Text ****** has been set on object 'Object Repository/1612427/08_ResetUserPassword/Page_Mattermost/input_All team communication in one place s_2f2733'

2020-06-05 18:26:54 - [MESSAGE][PASSED] - Text ****** has been set on object 'Object Repository/1612427/08_ResetUserPassword/Page_Mattermost/input_All team communication in one place s_2f2733'

2020-06-05 18:26:54 - [TEST_STEP][PASSED] - click(findTestObject("Object Repository/1612427/08_ResetUserPassword/Page_Mattermost/span_Sign in")): Object: 'Object Repository/1612427/08_ResetUserPassword/Page_Mattermost/span_Sign in' is clicked on

2020-06-05 18:26:55 - [MESSAGE][PASSED] - Object: 'Object Repository/1612427/08_ResetUserPassword/Page_Mattermost/span_Sign in' is clicked on

2020-06-05 18:26:55 - [TEST_STEP][PASSED] - setText(findTestObject("Object Repository/1612427/08_ResetUserPassword/Page_System Console - Mattermost/input_Mattermost Users_searchUsers"), "ar"): Text 'ar' is set on object 'Object Repository/1612427/08_ResetUserPassword/Page_System Console - Mattermost/input_Mattermost Users_searchUsers'

2020-06-05 18:27:02 - [MESSAGE][PASSED] - Text 'ar' is set on object 'Object Repository/1612427/08_ResetUserPassword/Page_System Console - Mattermost/input_Mattermost Users_searchUsers'

2020-06-05 18:27:02 - [TEST_STEP][PASSED] - click(findTestObject("Object Repository/1612427/08_ResetUserPassword/Page_System Console - Mattermost/span_janicearmstrong - Janice Armstrong")): Object: 'Object Repository/1612427/08_ResetUserPassword/Page_System Console - Mattermost/span_janicearmstrong - Janice Armstrong' is clicked on

2020-06-05 18:27:03 - [MESSAGE][PASSED] - Object: 'Object Repository/1612427/08_ResetUserPassword/Page_System Console - Mattermost/span_janicearmstrong - Janice Armstrong' is clicked on

2020-06-05 18:27:03 - [TEST_STEP][PASSED] - click(findTestObject("Object Repository/1612427/08_ResetUserPassword/Page_System Console - Mattermost/button_Reset Password")): Object: 'Object Repository/1612427/08_ResetUserPassword/Page_System Console - Mattermost/button_Reset Password' is clicked on

2020-06-05 18:27:06 - [MESSAGE][PASSED] - Object: 'Object Repository/1612427/08_ResetUserPassword/Page_System Console - Mattermost/button_Reset Password' is clicked on

2020-06-05 18:27:06 - [TEST_STEP][PASSED] - setEncryptedText(findTestObject("Object Repository/1612427/08_ResetUserPassword/Page_System Console - Mattermost/input_New Password_form-control"), newPassword): Text ****** has been set on object 'Object Repository/1612427/08_ResetUserPassword/Page_System Console - Mattermost/input_New Password_form-control'

2020-06-05 18:27:07 - [MESSAGE][PASSED] - Text ****** has been set on object 'Object Repository/1612427/08_ResetUserPassword/Page_System Console - Mattermost/input_New Password_form-control'

2020-06-05 18:27:07 - [TEST_STEP][PASSED] - click(findTestObject("Object Repository/1612427/08_ResetUserPassword/Page_System Console - Mattermost/span_Reset")): Object: 'Object Repository/1612427/08_ResetUserPassword/Page_System Console - Mattermost/span_Reset' is clicked on

2020-06-05 18:27:07 - [MESSAGE][PASSED] - Object: 'Object Repository/1612427/08_ResetUserPassword/Page_System Console - Mattermost/span_Reset' is clicked on

2020-06-05 18:27:07 - [TEST_STEP][PASSED] - closeBrowser(): Browser is closed

2020-06-05 18:27:09 - [MESSAGE][PASSED] - Browser is closed]]></system-out>
         <system-err><![CDATA[]]></system-err>
      </testcase>
      <testcase name="Test Cases/1612427/09_Allow_Internal_Connection" time="30.103" classname="Test Cases/1612427/09_Allow_Internal_Connection" status="PASSED">
         <system-out><![CDATA[2020-06-05 18:27:09 - [TEST_CASE][PASSED] - Test Cases/1612427/09_Allow_Internal_Connection: Test Cases/1612427/09_Allow_Internal_Connection

2020-06-05 18:27:09 - [TEST_STEP][PASSED] - openBrowser(""): Browser is opened with url: ''

2020-06-05 18:27:09 - [MESSAGE][INFO] - Starting 'Chrome' driver

2020-06-05 18:27:09 - [MESSAGE][INFO] - Action delay is set to 0 milliseconds

2020-06-05 18:27:14 - [MESSAGE][PASSED] - Browser is opened with url: ''

2020-06-05 18:27:14 - [TEST_STEP][PASSED] - navigateToUrl("http://localhost:8065/admin_console"): Navigate to 'http://localhost:8065/admin_console' successfully

2020-06-05 18:27:20 - [MESSAGE][PASSED] - Navigate to 'http://localhost:8065/admin_console' successfully

2020-06-05 18:27:20 - [TEST_STEP][PASSED] - setText(findTestObject("Object Repository/1612427/09_Allow_Internal_Connection/Page_Mattermost/input_All team communication in one place s_703ef5"), "hcmus-cdnc"): Text 'hcmus-cdnc' is set on object 'Object Repository/1612427/09_Allow_Internal_Connection/Page_Mattermost/input_All team communication in one place s_703ef5'

2020-06-05 18:27:26 - [MESSAGE][PASSED] - Text 'hcmus-cdnc' is set on object 'Object Repository/1612427/09_Allow_Internal_Connection/Page_Mattermost/input_All team communication in one place s_703ef5'

2020-06-05 18:27:26 - [TEST_STEP][PASSED] - setEncryptedText(findTestObject("Object Repository/1612427/09_Allow_Internal_Connection/Page_Mattermost/input_All team communication in one place s_2f2733"), "aeHFOx8jV/A="): Text ****** has been set on object 'Object Repository/1612427/09_Allow_Internal_Connection/Page_Mattermost/input_All team communication in one place s_2f2733'

2020-06-05 18:27:28 - [MESSAGE][PASSED] - Text ****** has been set on object 'Object Repository/1612427/09_Allow_Internal_Connection/Page_Mattermost/input_All team communication in one place s_2f2733'

2020-06-05 18:27:28 - [TEST_STEP][PASSED] - click(findTestObject("Object Repository/1612427/09_Allow_Internal_Connection/Page_Mattermost/span_Sign in")): Object: 'Object Repository/1612427/09_Allow_Internal_Connection/Page_Mattermost/span_Sign in' is clicked on

2020-06-05 18:27:29 - [MESSAGE][PASSED] - Object: 'Object Repository/1612427/09_Allow_Internal_Connection/Page_Mattermost/span_Sign in' is clicked on

2020-06-05 18:27:29 - [TEST_STEP][PASSED] - click(findTestObject("Object Repository/1612427/09_Allow_Internal_Connection/Page_System Console - Mattermost/a_Developer")): Object: 'Object Repository/1612427/09_Allow_Internal_Connection/Page_System Console - Mattermost/a_Developer' is clicked on

2020-06-05 18:27:33 - [MESSAGE][PASSED] - Object: 'Object Repository/1612427/09_Allow_Internal_Connection/Page_System Console - Mattermost/a_Developer' is clicked on

2020-06-05 18:27:33 - [TEST_STEP][PASSED] - setText(findTestObject("Object Repository/1612427/09_Allow_Internal_Connection/Page_System Console - Mattermost/input_Allow untrusted internal connections _3bb3c8"), IP): Text '127.0.0.1' is set on object 'Object Repository/1612427/09_Allow_Internal_Connection/Page_System Console - Mattermost/input_Allow untrusted internal connections _3bb3c8'

2020-06-05 18:27:36 - [MESSAGE][PASSED] - Text '127.0.0.1' is set on object 'Object Repository/1612427/09_Allow_Internal_Connection/Page_System Console - Mattermost/input_Allow untrusted internal connections _3bb3c8'

2020-06-05 18:27:36 - [TEST_STEP][PASSED] - click(findTestObject("Object Repository/1612427/09_Allow_Internal_Connection/Page_System Console - Mattermost/button_Save")): Object: 'Object Repository/1612427/09_Allow_Internal_Connection/Page_System Console - Mattermost/button_Save' is clicked on

2020-06-05 18:27:36 - [MESSAGE][PASSED] - Object: 'Object Repository/1612427/09_Allow_Internal_Connection/Page_System Console - Mattermost/button_Save' is clicked on

2020-06-05 18:27:36 - [TEST_STEP][PASSED] - closeBrowser(): Browser is closed

2020-06-05 18:27:39 - [MESSAGE][PASSED] - Browser is closed]]></system-out>
         <system-err><![CDATA[]]></system-err>
      </testcase>
      <testcase name="Test Cases/1612427/10_SetMinimum_Password" time="32.737" classname="Test Cases/1612427/10_SetMinimum_Password" status="PASSED">
         <system-out><![CDATA[2020-06-05 18:27:39 - [TEST_CASE][PASSED] - Test Cases/1612427/10_SetMinimum_Password: Test Cases/1612427/10_SetMinimum_Password

2020-06-05 18:27:40 - [TEST_STEP][PASSED] - openBrowser(""): Browser is opened with url: ''

2020-06-05 18:27:40 - [MESSAGE][INFO] - Starting 'Chrome' driver

2020-06-05 18:27:40 - [MESSAGE][INFO] - Action delay is set to 0 milliseconds

2020-06-05 18:27:44 - [MESSAGE][PASSED] - Browser is opened with url: ''

2020-06-05 18:27:44 - [TEST_STEP][PASSED] - navigateToUrl("http://localhost:8065/admin_console/user_management/users"): Navigate to 'http://localhost:8065/admin_console/user_management/users' successfully

2020-06-05 18:27:49 - [MESSAGE][PASSED] - Navigate to 'http://localhost:8065/admin_console/user_management/users' successfully

2020-06-05 18:27:49 - [TEST_STEP][PASSED] - setText(findTestObject("Object Repository/1612427/10_SetMinimun_Password/Page_Mattermost/input_All team communication in one place s_703ef5"), "hcmus-cdnc"): Text 'hcmus-cdnc' is set on object 'Object Repository/1612427/10_SetMinimun_Password/Page_Mattermost/input_All team communication in one place s_703ef5'

2020-06-05 18:27:55 - [MESSAGE][PASSED] - Text 'hcmus-cdnc' is set on object 'Object Repository/1612427/10_SetMinimun_Password/Page_Mattermost/input_All team communication in one place s_703ef5'

2020-06-05 18:27:55 - [TEST_STEP][PASSED] - setEncryptedText(findTestObject("Object Repository/1612427/10_SetMinimun_Password/Page_Mattermost/input_All team communication in one place s_2f2733"), "aeHFOx8jV/A="): Text ****** has been set on object 'Object Repository/1612427/10_SetMinimun_Password/Page_Mattermost/input_All team communication in one place s_2f2733'

2020-06-05 18:27:57 - [MESSAGE][PASSED] - Text ****** has been set on object 'Object Repository/1612427/10_SetMinimun_Password/Page_Mattermost/input_All team communication in one place s_2f2733'

2020-06-05 18:27:57 - [TEST_STEP][PASSED] - click(findTestObject("Object Repository/1612427/10_SetMinimun_Password/Page_Mattermost/button_Sign in")): Object: 'Object Repository/1612427/10_SetMinimun_Password/Page_Mattermost/button_Sign in' is clicked on

2020-06-05 18:27:58 - [MESSAGE][PASSED] - Object: 'Object Repository/1612427/10_SetMinimun_Password/Page_Mattermost/button_Sign in' is clicked on

2020-06-05 18:27:58 - [TEST_STEP][PASSED] - setText(findTestObject("Object Repository/1612427/10_SetMinimun_Password/Page_System Console - Mattermost/input_hcmus-cdnc_adminSidebarFilter"), "pass"): Text 'pass' is set on object 'Object Repository/1612427/10_SetMinimun_Password/Page_System Console - Mattermost/input_hcmus-cdnc_adminSidebarFilter'

2020-06-05 18:28:07 - [MESSAGE][PASSED] - Text 'pass' is set on object 'Object Repository/1612427/10_SetMinimun_Password/Page_System Console - Mattermost/input_hcmus-cdnc_adminSidebarFilter'

2020-06-05 18:28:07 - [TEST_STEP][PASSED] - click(findTestObject("Object Repository/1612427/10_SetMinimun_Password/Page_System Console - Mattermost/mark_Password")): Object: 'Object Repository/1612427/10_SetMinimun_Password/Page_System Console - Mattermost/mark_Password' is clicked on

2020-06-05 18:28:08 - [MESSAGE][PASSED] - Object: 'Object Repository/1612427/10_SetMinimun_Password/Page_System Console - Mattermost/mark_Password' is clicked on

2020-06-05 18:28:08 - [TEST_STEP][PASSED] - setText(findTestObject("Object Repository/1612427/10_SetMinimun_Password/Page_System Console - Mattermost/input_Password_passwordMinimumLength"), length): Text '9' is set on object 'Object Repository/1612427/10_SetMinimun_Password/Page_System Console - Mattermost/input_Password_passwordMinimumLength'

2020-06-05 18:28:09 - [MESSAGE][PASSED] - Text '9' is set on object 'Object Repository/1612427/10_SetMinimun_Password/Page_System Console - Mattermost/input_Password_passwordMinimumLength'

2020-06-05 18:28:09 - [TEST_STEP][PASSED] - click(findTestObject("Object Repository/1612427/10_SetMinimun_Password/Page_System Console - Mattermost/span_Save")): Object: 'Object Repository/1612427/10_SetMinimun_Password/Page_System Console - Mattermost/span_Save' is clicked on

2020-06-05 18:28:10 - [MESSAGE][PASSED] - Object: 'Object Repository/1612427/10_SetMinimun_Password/Page_System Console - Mattermost/span_Save' is clicked on

2020-06-05 18:28:10 - [TEST_STEP][PASSED] - closeBrowser(): Browser is closed

2020-06-05 18:28:12 - [MESSAGE][PASSED] - Browser is closed]]></system-out>
         <system-err><![CDATA[]]></system-err>
      </testcase>
      <testcase name="Test Cases/1612427/11_Notification" time="53.327" classname="Test Cases/1612427/11_Notification" status="PASSED">
         <system-out><![CDATA[2020-06-05 18:28:12 - [TEST_CASE][PASSED] - Test Cases/1612427/11_Notification: Test Cases/1612427/11_Notification

2020-06-05 18:28:13 - [TEST_STEP][PASSED] - openBrowser(""): Browser is opened with url: ''

2020-06-05 18:28:13 - [MESSAGE][INFO] - Starting 'Chrome' driver

2020-06-05 18:28:13 - [MESSAGE][INFO] - Action delay is set to 0 milliseconds

2020-06-05 18:28:17 - [MESSAGE][PASSED] - Browser is opened with url: ''

2020-06-05 18:28:17 - [TEST_STEP][PASSED] - navigateToUrl("http://localhost:8065/login"): Navigate to 'http://localhost:8065/login' successfully

2020-06-05 18:28:22 - [MESSAGE][PASSED] - Navigate to 'http://localhost:8065/login' successfully

2020-06-05 18:28:22 - [TEST_STEP][PASSED] - setText(findTestObject("Object Repository/1612427/02_ChangePassword/Page_Mattermost/input_All team communication in one place s_703ef5"), "hcmus-cdnc"): Text 'hcmus-cdnc' is set on object 'Object Repository/1612427/02_ChangePassword/Page_Mattermost/input_All team communication in one place s_703ef5'

2020-06-05 18:28:27 - [MESSAGE][PASSED] - Text 'hcmus-cdnc' is set on object 'Object Repository/1612427/02_ChangePassword/Page_Mattermost/input_All team communication in one place s_703ef5'

2020-06-05 18:28:27 - [TEST_STEP][PASSED] - setEncryptedText(findTestObject("Object Repository/1612427/02_ChangePassword/Page_Mattermost/input_All team communication in one place s_2f2733"), "aeHFOx8jV/A="): Text ****** has been set on object 'Object Repository/1612427/02_ChangePassword/Page_Mattermost/input_All team communication in one place s_2f2733'

2020-06-05 18:28:28 - [MESSAGE][PASSED] - Text ****** has been set on object 'Object Repository/1612427/02_ChangePassword/Page_Mattermost/input_All team communication in one place s_2f2733'

2020-06-05 18:28:28 - [TEST_STEP][PASSED] - click(findTestObject("Object Repository/1612427/02_ChangePassword/Page_Mattermost/span_Sign in")): Object: 'Object Repository/1612427/02_ChangePassword/Page_Mattermost/span_Sign in' is clicked on

2020-06-05 18:28:28 - [MESSAGE][PASSED] - Object: 'Object Repository/1612427/02_ChangePassword/Page_Mattermost/span_Sign in' is clicked on

2020-06-05 18:28:28 - [TEST_STEP][PASSED] - click(findTestObject("Object Repository/1612427/02_ChangePassword/Page_Town Square - minus Mattermost/span")): Object: 'Object Repository/1612427/02_ChangePassword/Page_Town Square - minus Mattermost/span' is clicked on

2020-06-05 18:28:41 - [MESSAGE][PASSED] - Object: 'Object Repository/1612427/02_ChangePassword/Page_Town Square - minus Mattermost/span' is clicked on

2020-06-05 18:28:41 - [TEST_STEP][PASSED] - click(findTestObject("Object Repository/1612427/02_ChangePassword/Page_Town Square - minus Mattermost/span_Account Settings")): Object: 'Object Repository/1612427/02_ChangePassword/Page_Town Square - minus Mattermost/span_Account Settings' is clicked on

2020-06-05 18:28:44 - [MESSAGE][PASSED] - Object: 'Object Repository/1612427/02_ChangePassword/Page_Town Square - minus Mattermost/span_Account Settings' is clicked on

2020-06-05 18:28:44 - [TEST_STEP][PASSED] - click(findTestObject("Object Repository/1612427/11_Notification/Page_Town Square - minus Mattermost/button_Notifications")): Object: 'Object Repository/1612427/11_Notification/Page_Town Square - minus Mattermost/button_Notifications' is clicked on

2020-06-05 18:28:47 - [MESSAGE][PASSED] - Object: 'Object Repository/1612427/11_Notification/Page_Town Square - minus Mattermost/button_Notifications' is clicked on

2020-06-05 18:28:47 - [TEST_STEP][PASSED] - click(findTestObject("Object Repository/1612427/11_Notification/Page_Town Square - minus Mattermost/span_Edit")): Object: 'Object Repository/1612427/11_Notification/Page_Town Square - minus Mattermost/span_Edit' is clicked on

2020-06-05 18:28:48 - [MESSAGE][PASSED] - Object: 'Object Repository/1612427/11_Notification/Page_Town Square - minus Mattermost/span_Edit' is clicked on

2020-06-05 18:28:48 - [TEST_STEP][PASSED] - if (findTestObject("Object Repository/1612427/11_Notification/Page_Town Square - minus Mattermost/label_Never")): Object: 'Object Repository/1612427/11_Notification/Page_Town Square - minus Mattermost/label_Never' is clicked on

2020-06-05 18:28:48 - [TEST_STEP][PASSED] - click(findTestObject("Object Repository/1612427/11_Notification/Page_Town Square - minus Mattermost/label_Never")): Object: 'Object Repository/1612427/11_Notification/Page_Town Square - minus Mattermost/label_Never' is clicked on

2020-06-05 18:28:49 - [MESSAGE][PASSED] - Object: 'Object Repository/1612427/11_Notification/Page_Town Square - minus Mattermost/label_Never' is clicked on

2020-06-05 18:28:49 - [TEST_STEP][PASSED] - if (findTestObject("Object Repository/1612427/11_Notification/Page_Town Square - minus Mattermost/label_Only for mentions and direct messages")): Test object with id 'Object Repository/1612427/11_Notification/Page_Town Square - minus Mattermost/label_Only for mentions and direct messages' does not exist

2020-06-05 18:28:49 - [MESSAGE][WARNING] - Test object with id 'Object Repository/1612427/11_Notification/Page_Town Square - minus Mattermost/label_Only for mentions and direct messages' does not exist

2020-06-05 18:28:49 - [TEST_STEP][PASSED] - click(findTestObject("Object Repository/1612427/11_Notification/Page_Town Square - minus Mattermost/span_Save")): Object: 'Object Repository/1612427/11_Notification/Page_Town Square - minus Mattermost/span_Save' is clicked on

2020-06-05 18:28:54 - [MESSAGE][PASSED] - Object: 'Object Repository/1612427/11_Notification/Page_Town Square - minus Mattermost/span_Save' is clicked on

2020-06-05 18:28:54 - [TEST_STEP][PASSED] - closeBrowser(): Browser is closed

2020-06-05 18:29:05 - [MESSAGE][PASSED] - Browser is closed]]></system-out>
         <system-err><![CDATA[]]></system-err>
      </testcase>
      <testcase name="Test Cases/1612427/12_Create_Channel" time="59.313" classname="Test Cases/1612427/12_Create_Channel" status="PASSED">
         <system-out><![CDATA[2020-06-05 18:29:05 - [TEST_CASE][PASSED] - Test Cases/1612427/12_Create_Channel: Test Cases/1612427/12_Create_Channel

2020-06-05 18:29:06 - [TEST_STEP][PASSED] - openBrowser(""): Browser is opened with url: ''

2020-06-05 18:29:06 - [MESSAGE][INFO] - Starting 'Chrome' driver

2020-06-05 18:29:06 - [MESSAGE][INFO] - Action delay is set to 0 milliseconds

2020-06-05 18:29:11 - [MESSAGE][PASSED] - Browser is opened with url: ''

2020-06-05 18:29:11 - [TEST_STEP][PASSED] - setViewPortSize(1600, 1500): Viewport is set to new size with width = 1600 and height = 1500

2020-06-05 18:29:14 - [MESSAGE][PASSED] - Viewport is set to new size with width = 1600 and height = 1500

2020-06-05 18:29:14 - [TEST_STEP][PASSED] - navigateToUrl("http://localhost:8065/reiciendis-0/channels/town-square"): Navigate to 'http://localhost:8065/reiciendis-0/channels/town-square' successfully

2020-06-05 18:29:21 - [MESSAGE][PASSED] - Navigate to 'http://localhost:8065/reiciendis-0/channels/town-square' successfully

2020-06-05 18:29:21 - [TEST_STEP][PASSED] - setText(findTestObject("Object Repository/1612427/12_Create_Channel/Page_Mattermost/input_All team communication in one place s_703ef5"), "hcmus-cdnc"): Text 'hcmus-cdnc' is set on object 'Object Repository/1612427/12_Create_Channel/Page_Mattermost/input_All team communication in one place s_703ef5'

2020-06-05 18:29:31 - [MESSAGE][PASSED] - Text 'hcmus-cdnc' is set on object 'Object Repository/1612427/12_Create_Channel/Page_Mattermost/input_All team communication in one place s_703ef5'

2020-06-05 18:29:31 - [TEST_STEP][PASSED] - setEncryptedText(findTestObject("Object Repository/1612427/12_Create_Channel/Page_Mattermost/input_All team communication in one place s_2f2733"), "aeHFOx8jV/A="): Text ****** has been set on object 'Object Repository/1612427/12_Create_Channel/Page_Mattermost/input_All team communication in one place s_2f2733'

2020-06-05 18:29:32 - [MESSAGE][PASSED] - Text ****** has been set on object 'Object Repository/1612427/12_Create_Channel/Page_Mattermost/input_All team communication in one place s_2f2733'

2020-06-05 18:29:32 - [TEST_STEP][PASSED] - click(findTestObject("Object Repository/1612427/12_Create_Channel/Page_Mattermost/span_Sign in")): Object: 'Object Repository/1612427/12_Create_Channel/Page_Mattermost/span_Sign in' is clicked on

2020-06-05 18:29:34 - [MESSAGE][PASSED] - Object: 'Object Repository/1612427/12_Create_Channel/Page_Mattermost/span_Sign in' is clicked on

2020-06-05 18:29:34 - [TEST_STEP][PASSED] - click(findTestObject("Object Repository/1612427/12_Create_Channel/Page_Town Square - minus Mattermost/span_")): Object: 'Object Repository/1612427/12_Create_Channel/Page_Town Square - minus Mattermost/span_' is clicked on

2020-06-05 18:29:45 - [MESSAGE][PASSED] - Object: 'Object Repository/1612427/12_Create_Channel/Page_Town Square - minus Mattermost/span_' is clicked on

2020-06-05 18:29:45 - [TEST_STEP][PASSED] - setText(findTestObject("Object Repository/1612427/12_Create_Channel/Page_Town Square - minus Mattermost/input_Name_newChannelName"), "general"): Text 'general' is set on object 'Object Repository/1612427/12_Create_Channel/Page_Town Square - minus Mattermost/input_Name_newChannelName'

2020-06-05 18:29:48 - [MESSAGE][PASSED] - Text 'general' is set on object 'Object Repository/1612427/12_Create_Channel/Page_Town Square - minus Mattermost/input_Name_newChannelName'

2020-06-05 18:29:48 - [TEST_STEP][PASSED] - click(findTestObject("Object Repository/1612427/12_Create_Channel/Page_Town Square - minus Mattermost/span_Create Channel")): Object: 'Object Repository/1612427/12_Create_Channel/Page_Town Square - minus Mattermost/span_Create Channel' is clicked on

2020-06-05 18:29:50 - [MESSAGE][PASSED] - Object: 'Object Repository/1612427/12_Create_Channel/Page_Town Square - minus Mattermost/span_Create Channel' is clicked on

2020-06-05 18:29:50 - [TEST_STEP][PASSED] - if (findTestObject("Object Repository/1612427/12_Create_Channel/Page_Town Square - minus Mattermost/p_A channel with that name already exists o_b26172")): Text 'general1' is set on object 'Object Repository/1612427/12_Create_Channel/Page_Town Square - minus Mattermost/input_httplocis-0channels_form-control'

2020-06-05 18:29:50 - [TEST_STEP][PASSED] - click(findTestObject("Object Repository/1612427/12_Create_Channel/Page_Town Square - minus Mattermost/span_Edit")): Object: 'Object Repository/1612427/12_Create_Channel/Page_Town Square - minus Mattermost/span_Edit' is clicked on

2020-06-05 18:29:51 - [MESSAGE][PASSED] - Object: 'Object Repository/1612427/12_Create_Channel/Page_Town Square - minus Mattermost/span_Edit' is clicked on

2020-06-05 18:29:51 - [TEST_STEP][PASSED] - setText(findTestObject("Object Repository/1612427/12_Create_Channel/Page_Town Square - minus Mattermost/input_httplocis-0channels_form-control"), "general1"): Text 'general1' is set on object 'Object Repository/1612427/12_Create_Channel/Page_Town Square - minus Mattermost/input_httplocis-0channels_form-control'

2020-06-05 18:29:54 - [MESSAGE][PASSED] - Text 'general1' is set on object 'Object Repository/1612427/12_Create_Channel/Page_Town Square - minus Mattermost/input_httplocis-0channels_form-control'

2020-06-05 18:29:54 - [TEST_STEP][PASSED] - closeBrowser(): Browser is closed

2020-06-05 18:30:04 - [MESSAGE][PASSED] - Browser is closed]]></system-out>
         <system-err><![CDATA[]]></system-err>
      </testcase>
      <testcase name="Test Cases/1612427/13_UnmuteChannel" time="46.56" classname="Test Cases/1612427/13_UnmuteChannel" status="PASSED">
         <system-out><![CDATA[2020-06-05 18:30:04 - [TEST_CASE][PASSED] - Test Cases/1612427/13_UnmuteChannel: Test Cases/1612427/13_UnmuteChannel

2020-06-05 18:30:05 - [TEST_STEP][PASSED] - openBrowser(""): Browser is opened with url: ''

2020-06-05 18:30:05 - [MESSAGE][INFO] - Starting 'Chrome' driver

2020-06-05 18:30:05 - [MESSAGE][INFO] - Action delay is set to 0 milliseconds

2020-06-05 18:30:11 - [MESSAGE][PASSED] - Browser is opened with url: ''

2020-06-05 18:30:11 - [TEST_STEP][PASSED] - navigateToUrl("http://localhost:8065/login"): Navigate to 'http://localhost:8065/login' successfully

2020-06-05 18:30:18 - [MESSAGE][PASSED] - Navigate to 'http://localhost:8065/login' successfully

2020-06-05 18:30:18 - [TEST_STEP][PASSED] - setText(findTestObject("Object Repository/1612427/13_UnmuteChannel/Page_Mattermost/input_All team communication in one place s_703ef5"), "hcmus-cdnc"): Text 'hcmus-cdnc' is set on object 'Object Repository/1612427/13_UnmuteChannel/Page_Mattermost/input_All team communication in one place s_703ef5'

2020-06-05 18:30:23 - [MESSAGE][PASSED] - Text 'hcmus-cdnc' is set on object 'Object Repository/1612427/13_UnmuteChannel/Page_Mattermost/input_All team communication in one place s_703ef5'

2020-06-05 18:30:23 - [TEST_STEP][PASSED] - setEncryptedText(findTestObject("Object Repository/1612427/13_UnmuteChannel/Page_Mattermost/input_All team communication in one place s_2f2733"), "aeHFOx8jV/A="): Text ****** has been set on object 'Object Repository/1612427/13_UnmuteChannel/Page_Mattermost/input_All team communication in one place s_2f2733'

2020-06-05 18:30:24 - [MESSAGE][PASSED] - Text ****** has been set on object 'Object Repository/1612427/13_UnmuteChannel/Page_Mattermost/input_All team communication in one place s_2f2733'

2020-06-05 18:30:24 - [TEST_STEP][PASSED] - click(findTestObject("Object Repository/1612427/13_UnmuteChannel/Page_Mattermost/span_Sign in")): Object: 'Object Repository/1612427/13_UnmuteChannel/Page_Mattermost/span_Sign in' is clicked on

2020-06-05 18:30:26 - [MESSAGE][PASSED] - Object: 'Object Repository/1612427/13_UnmuteChannel/Page_Mattermost/span_Sign in' is clicked on

2020-06-05 18:30:26 - [TEST_STEP][PASSED] - click(findTestObject("Object Repository/1612427/13_UnmuteChannel/Page_Town Square - minus Mattermost/span_Town Square_channelHeaderDropdownIcon")): Object: 'Object Repository/1612427/13_UnmuteChannel/Page_Town Square - minus Mattermost/span_Town Square_channelHeaderDropdownIcon' is clicked on

2020-06-05 18:30:38 - [MESSAGE][PASSED] - Object: 'Object Repository/1612427/13_UnmuteChannel/Page_Town Square - minus Mattermost/span_Town Square_channelHeaderDropdownIcon' is clicked on

2020-06-05 18:30:38 - [TEST_STEP][PASSED] - click(findTestObject("Object Repository/1612427/13_UnmuteChannel/Page_Town Square - minus Mattermost/span_Mute Channel")): Object: 'Object Repository/1612427/13_UnmuteChannel/Page_Town Square - minus Mattermost/span_Mute Channel' is clicked on

2020-06-05 18:30:39 - [MESSAGE][PASSED] - Object: 'Object Repository/1612427/13_UnmuteChannel/Page_Town Square - minus Mattermost/span_Mute Channel' is clicked on

2020-06-05 18:30:39 - [TEST_STEP][PASSED] - if (findTestObject("Object Repository/1612427/13_UnmuteChannel/Page_Town Square - minus Mattermost/i_Town Square_icon fa fa-bell-slash-o")): Object: 'Object Repository/1612427/13_UnmuteChannel/Page_Town Square - minus Mattermost/i_Town Square_icon fa fa-bell-slash-o' is clicked on

2020-06-05 18:30:40 - [TEST_STEP][PASSED] - click(findTestObject("Object Repository/1612427/13_UnmuteChannel/Page_Town Square - minus Mattermost/i_Town Square_icon fa fa-bell-slash-o")): Object: 'Object Repository/1612427/13_UnmuteChannel/Page_Town Square - minus Mattermost/i_Town Square_icon fa fa-bell-slash-o' is clicked on

2020-06-05 18:30:42 - [MESSAGE][PASSED] - Object: 'Object Repository/1612427/13_UnmuteChannel/Page_Town Square - minus Mattermost/i_Town Square_icon fa fa-bell-slash-o' is clicked on

2020-06-05 18:30:42 - [TEST_STEP][PASSED] - closeBrowser(): Browser is closed

2020-06-05 18:30:51 - [MESSAGE][PASSED] - Browser is closed]]></system-out>
         <system-err><![CDATA[]]></system-err>
      </testcase>
      <testcase name="Test Cases/1612427/14_Hide_PinPosts" time="39.179" classname="Test Cases/1612427/14_Hide_PinPosts" status="PASSED">
         <system-out><![CDATA[2020-06-05 18:30:51 - [TEST_CASE][PASSED] - Test Cases/1612427/14_Hide_PinPosts: Test Cases/1612427/14_Hide_PinPosts

2020-06-05 18:30:52 - [TEST_STEP][PASSED] - openBrowser(""): Browser is opened with url: ''

2020-06-05 18:30:52 - [MESSAGE][INFO] - Starting 'Chrome' driver

2020-06-05 18:30:52 - [MESSAGE][INFO] - Action delay is set to 0 milliseconds

2020-06-05 18:30:57 - [MESSAGE][PASSED] - Browser is opened with url: ''

2020-06-05 18:30:57 - [TEST_STEP][PASSED] - navigateToUrl("http://localhost:8065/reiciendis-0/channels/town-square"): Navigate to 'http://localhost:8065/reiciendis-0/channels/town-square' successfully

2020-06-05 18:31:05 - [MESSAGE][PASSED] - Navigate to 'http://localhost:8065/reiciendis-0/channels/town-square' successfully

2020-06-05 18:31:05 - [TEST_STEP][PASSED] - setText(findTestObject("Object Repository/1612427/14_Hide_PinPosts/Page_Mattermost/input_All team communication in one place s_703ef5"), "hcmus-cdnc"): Text 'hcmus-cdnc' is set on object 'Object Repository/1612427/14_Hide_PinPosts/Page_Mattermost/input_All team communication in one place s_703ef5'

2020-06-05 18:31:12 - [MESSAGE][PASSED] - Text 'hcmus-cdnc' is set on object 'Object Repository/1612427/14_Hide_PinPosts/Page_Mattermost/input_All team communication in one place s_703ef5'

2020-06-05 18:31:12 - [TEST_STEP][PASSED] - setEncryptedText(findTestObject("Object Repository/1612427/14_Hide_PinPosts/Page_Mattermost/input_All team communication in one place s_2f2733"), "aeHFOx8jV/A="): Text ****** has been set on object 'Object Repository/1612427/14_Hide_PinPosts/Page_Mattermost/input_All team communication in one place s_2f2733'

2020-06-05 18:31:13 - [MESSAGE][PASSED] - Text ****** has been set on object 'Object Repository/1612427/14_Hide_PinPosts/Page_Mattermost/input_All team communication in one place s_2f2733'

2020-06-05 18:31:13 - [TEST_STEP][PASSED] - click(findTestObject("Object Repository/1612427/14_Hide_PinPosts/Page_Mattermost/span_Sign in")): Object: 'Object Repository/1612427/14_Hide_PinPosts/Page_Mattermost/span_Sign in' is clicked on

2020-06-05 18:31:14 - [MESSAGE][PASSED] - Object: 'Object Repository/1612427/14_Hide_PinPosts/Page_Mattermost/span_Sign in' is clicked on

2020-06-05 18:31:14 - [TEST_STEP][PASSED] - click(findTestObject("Object Repository/1612427/14_Hide_PinPosts/Page_Town Square - minus Mattermost/svg")): Object: 'Object Repository/1612427/14_Hide_PinPosts/Page_Town Square - minus Mattermost/svg' is clicked on

2020-06-05 18:31:24 - [MESSAGE][PASSED] - Object: 'Object Repository/1612427/14_Hide_PinPosts/Page_Town Square - minus Mattermost/svg' is clicked on

2020-06-05 18:31:24 - [TEST_STEP][PASSED] - if (findTestObject("Object Repository/1612427/14_Hide_PinPosts/Page_Town Square - minus Mattermost/i_Pinned Posts in Town Square_fa fa-sign-out")): Object: 'Object Repository/1612427/14_Hide_PinPosts/Page_Town Square - minus Mattermost/i_Pinned Posts in Town Square_fa fa-sign-out' is clicked on

2020-06-05 18:31:24 - [TEST_STEP][PASSED] - click(findTestObject("Object Repository/1612427/14_Hide_PinPosts/Page_Town Square - minus Mattermost/i_Pinned Posts in Town Square_fa fa-sign-out")): Object: 'Object Repository/1612427/14_Hide_PinPosts/Page_Town Square - minus Mattermost/i_Pinned Posts in Town Square_fa fa-sign-out' is clicked on

2020-06-05 18:31:26 - [MESSAGE][PASSED] - Object: 'Object Repository/1612427/14_Hide_PinPosts/Page_Town Square - minus Mattermost/i_Pinned Posts in Town Square_fa fa-sign-out' is clicked on

2020-06-05 18:31:26 - [TEST_STEP][PASSED] - closeBrowser(): Browser is closed

2020-06-05 18:31:30 - [MESSAGE][PASSED] - Browser is closed]]></system-out>
         <system-err><![CDATA[]]></system-err>
      </testcase>
      <testcase name="Test Cases/1612427/15_OpenFlag" time="36.729" classname="Test Cases/1612427/15_OpenFlag" status="PASSED">
         <system-out><![CDATA[2020-06-05 18:31:30 - [TEST_CASE][PASSED] - Test Cases/1612427/15_OpenFlag: Test Cases/1612427/15_OpenFlag

2020-06-05 18:31:31 - [TEST_STEP][PASSED] - openBrowser(""): Browser is opened with url: ''

2020-06-05 18:31:31 - [MESSAGE][INFO] - Starting 'Chrome' driver

2020-06-05 18:31:31 - [MESSAGE][INFO] - Action delay is set to 0 milliseconds

2020-06-05 18:31:37 - [MESSAGE][PASSED] - Browser is opened with url: ''

2020-06-05 18:31:37 - [TEST_STEP][PASSED] - navigateToUrl("http://localhost:8065/reiciendis-0/channels/town-square"): Navigate to 'http://localhost:8065/reiciendis-0/channels/town-square' successfully

2020-06-05 18:31:44 - [MESSAGE][PASSED] - Navigate to 'http://localhost:8065/reiciendis-0/channels/town-square' successfully

2020-06-05 18:31:44 - [TEST_STEP][PASSED] - setText(findTestObject("Object Repository/1612427/15_OpenFlag/Page_Mattermost/input_All team communication in one place s_703ef5"), "hcmus-cdnc"): Text 'hcmus-cdnc' is set on object 'Object Repository/1612427/15_OpenFlag/Page_Mattermost/input_All team communication in one place s_703ef5'

2020-06-05 18:31:52 - [MESSAGE][PASSED] - Text 'hcmus-cdnc' is set on object 'Object Repository/1612427/15_OpenFlag/Page_Mattermost/input_All team communication in one place s_703ef5'

2020-06-05 18:31:52 - [TEST_STEP][PASSED] - setEncryptedText(findTestObject("Object Repository/1612427/15_OpenFlag/Page_Mattermost/input_All team communication in one place s_2f2733"), "aeHFOx8jV/A="): Text ****** has been set on object 'Object Repository/1612427/15_OpenFlag/Page_Mattermost/input_All team communication in one place s_2f2733'

2020-06-05 18:31:54 - [MESSAGE][PASSED] - Text ****** has been set on object 'Object Repository/1612427/15_OpenFlag/Page_Mattermost/input_All team communication in one place s_2f2733'

2020-06-05 18:31:54 - [TEST_STEP][PASSED] - click(findTestObject("Object Repository/1612427/15_OpenFlag/Page_Mattermost/span_Sign in")): Object: 'Object Repository/1612427/15_OpenFlag/Page_Mattermost/span_Sign in' is clicked on

2020-06-05 18:31:55 - [MESSAGE][PASSED] - Object: 'Object Repository/1612427/15_OpenFlag/Page_Mattermost/span_Sign in' is clicked on

2020-06-05 18:31:55 - [TEST_STEP][PASSED] - click(findTestObject("Object Repository/1612427/15_OpenFlag/Page_Town Square - minus Mattermost/svg")): Object: 'Object Repository/1612427/15_OpenFlag/Page_Town Square - minus Mattermost/svg' is clicked on

2020-06-05 18:32:03 - [MESSAGE][PASSED] - Object: 'Object Repository/1612427/15_OpenFlag/Page_Town Square - minus Mattermost/svg' is clicked on

2020-06-05 18:32:03 - [TEST_STEP][PASSED] - if (findTestObject("Object Repository/1612427/15_OpenFlag/Page_Town Square - minus Mattermost/i_Flagged Posts_fa fa-sign-out")): Object: 'Object Repository/1612427/15_OpenFlag/Page_Town Square - minus Mattermost/i_Flagged Posts_fa fa-sign-out' is clicked on

2020-06-05 18:32:03 - [TEST_STEP][PASSED] - click(findTestObject("Object Repository/1612427/15_OpenFlag/Page_Town Square - minus Mattermost/i_Flagged Posts_fa fa-sign-out")): Object: 'Object Repository/1612427/15_OpenFlag/Page_Town Square - minus Mattermost/i_Flagged Posts_fa fa-sign-out' is clicked on

2020-06-05 18:32:05 - [MESSAGE][PASSED] - Object: 'Object Repository/1612427/15_OpenFlag/Page_Town Square - minus Mattermost/i_Flagged Posts_fa fa-sign-out' is clicked on

2020-06-05 18:32:05 - [TEST_STEP][PASSED] - closeBrowser(): Browser is closed

2020-06-05 18:32:07 - [MESSAGE][PASSED] - Browser is closed]]></system-out>
         <system-err><![CDATA[]]></system-err>
      </testcase>
      <testcase name="Test Cases/1612427/16_AssignPermission" time="46.074" classname="Test Cases/1612427/16_AssignPermission" status="PASSED">
         <system-out><![CDATA[2020-06-05 18:32:07 - [TEST_CASE][PASSED] - Test Cases/1612427/16_AssignPermission: Test Cases/1612427/16_AssignPermission

2020-06-05 18:32:08 - [TEST_STEP][PASSED] - openBrowser(""): Browser is opened with url: ''

2020-06-05 18:32:08 - [MESSAGE][INFO] - Starting 'Chrome' driver

2020-06-05 18:32:08 - [MESSAGE][INFO] - Action delay is set to 0 milliseconds

2020-06-05 18:32:14 - [MESSAGE][PASSED] - Browser is opened with url: ''

2020-06-05 18:32:14 - [TEST_STEP][PASSED] - navigateToUrl("http://localhost:8065/reiciendis-0/channels/town-square"): Navigate to 'http://localhost:8065/reiciendis-0/channels/town-square' successfully

2020-06-05 18:32:20 - [MESSAGE][PASSED] - Navigate to 'http://localhost:8065/reiciendis-0/channels/town-square' successfully

2020-06-05 18:32:20 - [TEST_STEP][PASSED] - setText(findTestObject("Object Repository/1612427/16_AssignPermission/Page_Mattermost/input_All team communication in one place s_703ef5"), "hcmus-cdnc"): Text 'hcmus-cdnc' is set on object 'Object Repository/1612427/16_AssignPermission/Page_Mattermost/input_All team communication in one place s_703ef5'

2020-06-05 18:32:29 - [MESSAGE][PASSED] - Text 'hcmus-cdnc' is set on object 'Object Repository/1612427/16_AssignPermission/Page_Mattermost/input_All team communication in one place s_703ef5'

2020-06-05 18:32:29 - [TEST_STEP][PASSED] - setEncryptedText(findTestObject("Object Repository/1612427/16_AssignPermission/Page_Mattermost/input_All team communication in one place s_2f2733"), "aeHFOx8jV/A="): Text ****** has been set on object 'Object Repository/1612427/16_AssignPermission/Page_Mattermost/input_All team communication in one place s_2f2733'

2020-06-05 18:32:31 - [MESSAGE][PASSED] - Text ****** has been set on object 'Object Repository/1612427/16_AssignPermission/Page_Mattermost/input_All team communication in one place s_2f2733'

2020-06-05 18:32:31 - [TEST_STEP][PASSED] - click(findTestObject("Object Repository/1612427/16_AssignPermission/Page_Mattermost/span_Sign in")): Object: 'Object Repository/1612427/16_AssignPermission/Page_Mattermost/span_Sign in' is clicked on

2020-06-05 18:32:32 - [MESSAGE][PASSED] - Object: 'Object Repository/1612427/16_AssignPermission/Page_Mattermost/span_Sign in' is clicked on

[...]
	at org.openqa.selenium.By$ByXPath.findElements(By.java:348)
	at org.openqa.selenium.remote.RemoteWebDriver.findElements(RemoteWebDriver.java:311)
	at com.kms.katalon.core.webui.common.WebUiCommonHelper.findWebElements(WebUiCommonHelper.java:789)
	at com.kms.katalon.core.webui.common.WebUiCommonHelper.findWebElement(WebUiCommonHelper.java:1150)
	at com.kms.katalon.core.webui.keyword.internal.WebUIAbstractKeyword.findWebElement(WebUIAbstractKeyword.groovy:27)
	at com.kms.katalon.core.webui.keyword.internal.WebUIAbstractKeyword.findWebElement(WebUIAbstractKeyword.groovy:26)
	at com.kms.katalon.core.webui.keyword.builtin.ClickKeyword$_click_closure1.doCall(ClickKeyword.groovy:67)
	at com.kms.katalon.core.webui.keyword.builtin.ClickKeyword$_click_closure1.call(ClickKeyword.groovy)
	at com.kms.katalon.core.webui.keyword.internal.WebUIKeywordMain.runKeyword(WebUIKeywordMain.groovy:20)
	at com.kms.katalon.core.webui.keyword.builtin.ClickKeyword.click(ClickKeyword.groovy:76)
	at com.kms.katalon.core.webui.keyword.builtin.ClickKeyword.execute(ClickKeyword.groovy:43)
	at com.kms.katalon.core.keyword.internal.KeywordExecutor.executeKeywordForPlatform(KeywordExecutor.groovy:72)
	at com.kms.katalon.core.webui.keyword.WebUiBuiltInKeywords.click(WebUiBuiltInKeywords.groovy:616)
	at com.kms.katalon.core.webui.keyword.WebUiBuiltInKeywords$click$3.call(Unknown Source)
	at Script1591272786475.run(Script1591272786475.groovy:19)
	... 13 more
)

2020-06-05 18:55:35 - [MESSAGE][WARNING] - Cannot take screenshot

2020-06-05 18:55:35 - [MESSAGE][FAILED] - Unable to click on object 'Object Repository/1612893/ViewMember/Page_Thanh set Channel name - hcmus-cdnc-te_a699a0/span_Thanh set Channel name_channelHeaderDr_8caf36' (Root cause: com.kms.katalon.core.exception.StepFailedException: Unable to click on object 'Object Repository/1612893/ViewMember/Page_Thanh set Channel name - hcmus-cdnc-te_a699a0/span_Thanh set Channel name_channelHeaderDr_8caf36'
	at com.kms.katalon.core.webui.keyword.internal.WebUIKeywordMain.stepFailed(WebUIKeywordMain.groovy:64)
	at com.kms.katalon.core.webui.keyword.internal.WebUIKeywordMain.runKeyword(WebUIKeywordMain.groovy:26)
	at com.kms.katalon.core.webui.keyword.builtin.ClickKeyword.click(ClickKeyword.groovy:76)
	at com.kms.katalon.core.webui.keyword.builtin.ClickKeyword.execute(ClickKeyword.groovy:43)
	at com.kms.katalon.core.keyword.internal.KeywordExecutor.executeKeywordForPlatform(KeywordExecutor.groovy:72)
	at com.kms.katalon.core.webui.keyword.WebUiBuiltInKeywords.click(WebUiBuiltInKeywords.groovy:616)
	at com.kms.katalon.core.webui.keyword.WebUiBuiltInKeywords$click$3.call(Unknown Source)
	at TC_ViewMember.run(TC_ViewMember:19)
	at com.kms.katalon.core.main.ScriptEngine.run(ScriptEngine.java:194)
	at com.kms.katalon.core.main.ScriptEngine.runScriptAsRawText(ScriptEngine.java:119)
	at com.kms.katalon.core.main.TestCaseExecutor.runScript(TestCaseExecutor.java:337)
	at com.kms.katalon.core.main.TestCaseExecutor.doExecute(TestCaseExecutor.java:328)
	at com.kms.katalon.core.main.TestCaseExecutor.processExecutionPhase(TestCaseExecutor.java:307)
	at com.kms.katalon.core.main.TestCaseExecutor.accessMainPhase(TestCaseExecutor.java:299)
	at com.kms.katalon.core.main.TestCaseExecutor.execute(TestCaseExecutor.java:233)
	at com.kms.katalon.core.main.TestSuiteExecutor.accessTestCaseMainPhase(TestSuiteExecutor.java:169)
	at com.kms.katalon.core.main.TestSuiteExecutor.accessTestSuiteMainPhase(TestSuiteExecutor.java:142)
	at com.kms.katalon.core.main.TestSuiteExecutor.execute(TestSuiteExecutor.java:91)
	at com.kms.katalon.core.main.TestCaseMain.startTestSuite(TestCaseMain.java:157)
	at com.kms.katalon.core.main.TestCaseMain$startTestSuite$0.call(Unknown Source)
	at TempTestSuite1591356138988.run(TempTestSuite1591356138988.groovy:37)
Caused by: org.openqa.selenium.NoSuchSessionException: Session ID is null. Using WebDriver after calling quit()?
Build info: version: '3.141.59', revision: 'e82be7d358', time: '2018-11-14T08:25:53'
System info: host: 'DESKTOP-OT9E64N', ip: '192.168.100.14', os.name: 'Windows 10', os.arch: 'amd64', os.version: '10.0', java.version: '1.8.0_181'
Driver info: driver.version: RemoteWebDriver
	at org.openqa.selenium.remote.HttpCommandExecutor.execute(HttpCommandExecutor.java:125)
	at org.openqa.selenium.remote.service.DriverCommandExecutor.execute(DriverCommandExecutor.java:83)
	at org.openqa.selenium.remote.RemoteWebDriver.execute(RemoteWebDriver.java:552)
	at com.kms.katalon.selenium.driver.CChromeDriver.execute(CChromeDriver.java:19)
	at org.openqa.selenium.remote.RemoteWebDriver.findElements(RemoteWebDriver.java:353)
	at org.openqa.selenium.remote.RemoteWebDriver.findElementsByXPath(RemoteWebDriver.java:432)
	at org.openqa.selenium.By$ByXPath.findElements(By.java:348)
	at org.openqa.selenium.remote.RemoteWebDriver.findElements(RemoteWebDriver.java:311)
	at com.kms.katalon.core.webui.common.WebUiCommonHelper.findWebElements(WebUiCommonHelper.java:789)
	at com.kms.katalon.core.webui.common.WebUiCommonHelper.findWebElement(WebUiCommonHelper.java:1150)
	at com.kms.katalon.core.webui.keyword.internal.WebUIAbstractKeyword.findWebElement(WebUIAbstractKeyword.groovy:27)
	at com.kms.katalon.core.webui.keyword.internal.WebUIAbstractKeyword.findWebElement(WebUIAbstractKeyword.groovy:26)
	at com.kms.katalon.core.webui.keyword.builtin.ClickKeyword$_click_closure1.doCall(ClickKeyword.groovy:67)
	at com.kms.katalon.core.webui.keyword.builtin.ClickKeyword$_click_closure1.call(ClickKeyword.groovy)
	at com.kms.katalon.core.webui.keyword.internal.WebUIKeywordMain.runKeyword(WebUIKeywordMain.groovy:20)
	at com.kms.katalon.core.webui.keyword.builtin.ClickKeyword.click(ClickKeyword.groovy:76)
	at com.kms.katalon.core.webui.keyword.builtin.ClickKeyword.execute(ClickKeyword.groovy:43)
	at com.kms.katalon.core.keyword.internal.KeywordExecutor.executeKeywordForPlatform(KeywordExecutor.groovy:72)
	at com.kms.katalon.core.webui.keyword.WebUiBuiltInKeywords.click(WebUiBuiltInKeywords.groovy:616)
	at com.kms.katalon.core.webui.keyword.WebUiBuiltInKeywords$click$3.call(Unknown Source)
	at Script1591272786475.run(Script1591272786475.groovy:19)
	... 13 more
)]]></system-out>
         <system-err><![CDATA[2020-06-05 18:55:35 - [TEST_CASE][FAILED] - Test Cases/1612893/TC_ViewMember: Test Cases/1612893/TC_ViewMember FAILED.
Reason:
com.kms.katalon.core.exception.StepFailedException: Unable to click on object 'Object Repository/1612893/ViewMember/Page_Thanh set Channel name - hcmus-cdnc-te_a699a0/span_Thanh set Channel name_channelHeaderDr_8caf36'
	at com.kms.katalon.core.webui.keyword.internal.WebUIKeywordMain.stepFailed(WebUIKeywordMain.groovy:64)
	at com.kms.katalon.core.webui.keyword.internal.WebUIKeywordMain.runKeyword(WebUIKeywordMain.groovy:26)
	at com.kms.katalon.core.webui.keyword.builtin.ClickKeyword.click(ClickKeyword.groovy:76)
	at com.kms.katalon.core.webui.keyword.builtin.ClickKeyword.execute(ClickKeyword.groovy:43)
	at com.kms.katalon.core.keyword.internal.KeywordExecutor.executeKeywordForPlatform(KeywordExecutor.groovy:72)
	at com.kms.katalon.core.webui.keyword.WebUiBuiltInKeywords.click(WebUiBuiltInKeywords.groovy:616)
	at com.kms.katalon.core.webui.keyword.WebUiBuiltInKeywords$click$3.call(Unknown Source)
	at TC_ViewMember.run(TC_ViewMember:19)
	at com.kms.katalon.core.main.ScriptEngine.run(ScriptEngine.java:194)
	at com.kms.katalon.core.main.ScriptEngine.runScriptAsRawText(ScriptEngine.java:119)
	at com.kms.katalon.core.main.TestCaseExecutor.runScript(TestCaseExecutor.java:337)
	at com.kms.katalon.core.main.TestCaseExecutor.doExecute(TestCaseExecutor.java:328)
	at com.kms.katalon.core.main.TestCaseExecutor.processExecutionPhase(TestCaseExecutor.java:307)
	at com.kms.katalon.core.main.TestCaseExecutor.accessMainPhase(TestCaseExecutor.java:299)
	at com.kms.katalon.core.main.TestCaseExecutor.execute(TestCaseExecutor.java:233)
	at com.kms.katalon.core.main.TestSuiteExecutor.accessTestCaseMainPhase(TestSuiteExecutor.java:169)
	at com.kms.katalon.core.main.TestSuiteExecutor.accessTestSuiteMainPhase(TestSuiteExecutor.java:142)
	at com.kms.katalon.core.main.TestSuiteExecutor.execute(TestSuiteExecutor.java:91)
	at com.kms.katalon.core.main.TestCaseMain.startTestSuite(TestCaseMain.java:157)
	at com.kms.katalon.core.main.TestCaseMain$startTestSuite$0.call(Unknown Source)
	at TempTestSuite1591356138988.run(TempTestSuite1591356138988.groovy:37)
Caused by: org.openqa.selenium.NoSuchSessionException: Session ID is null. Using WebDriver after calling quit()?
Build info: version: '3.141.59', revision: 'e82be7d358', time: '2018-11-14T08:25:53'
System info: host: 'DESKTOP-OT9E64N', ip: '192.168.100.14', os.name: 'Windows 10', os.arch: 'amd64', os.version: '10.0', java.version: '1.8.0_181'
Driver info: driver.version: RemoteWebDriver
	at org.openqa.selenium.remote.HttpCommandExecutor.execute(HttpCommandExecutor.java:125)
	at org.openqa.selenium.remote.service.DriverCommandExecutor.execute(DriverCommandExecutor.java:83)
	at org.openqa.selenium.remote.RemoteWebDriver.execute(RemoteWebDriver.java:552)
	at com.kms.katalon.selenium.driver.CChromeDriver.execute(CChromeDriver.java:19)
	at org.openqa.selenium.remote.RemoteWebDriver.findElements(RemoteWebDriver.java:353)
	at org.openqa.selenium.remote.RemoteWebDriver.findElementsByXPath(RemoteWebDriver.java:432)
	at org.openqa.selenium.By$ByXPath.findElements(By.java:348)
	at org.openqa.selenium.remote.RemoteWebDriver.findElements(RemoteWebDriver.java:311)
	at com.kms.katalon.core.webui.common.WebUiCommonHelper.findWebElements(WebUiCommonHelper.java:789)
	at com.kms.katalon.core.webui.common.WebUiCommonHelper.findWebElement(WebUiCommonHelper.java:1150)
	at com.kms.katalon.core.webui.keyword.internal.WebUIAbstractKeyword.findWebElement(WebUIAbstractKeyword.groovy:27)
	at com.kms.katalon.core.webui.keyword.internal.WebUIAbstractKeyword.findWebElement(WebUIAbstractKeyword.groovy:26)
	at com.kms.katalon.core.webui.keyword.builtin.ClickKeyword$_click_closure1.doCall(ClickKeyword.groovy:67)
	at com.kms.katalon.core.webui.keyword.builtin.ClickKeyword$_click_closure1.call(ClickKeyword.groovy)
	at com.kms.katalon.core.webui.keyword.internal.WebUIKeywordMain.runKeyword(WebUIKeywordMain.groovy:20)
	... 19 more]]></system-err>
      </testcase>
      <system-out><![CDATA[2020-06-05 18:22:26 - [TEST_SUITE][FAILED] - Run all test case: Test Cases/1612567/23_Set_Domain_Email_SignUp FAILED.
Reason:
com.kms.katalon.core.exception.StepFailedException: Unable to click on object 'Object Repository/1612567/23_Set_Domain_Email_SignUp/Page_System Console - Mattermost/mark_Signup'
	at com.kms.katalon.core.webui.keyword.internal.WebUIKeywordMain.stepFailed(WebUIKeywordMain.groovy:64)
	at com.kms.katalon.core.webui.keyword.internal.WebUIKeywordMain.runKeyword(WebUIKeywordMain.groovy:26)
	at com.kms.katalon.core.webui.keyword.builtin.ClickKeyword.click(ClickKeyword.groovy:76)
	at com.kms.katalon.core.webui.keyword.builtin.ClickKeyword.execute(ClickKeyword.groovy:43)
	at com.kms.katalon.core.keyword.internal.KeywordExecutor.executeKeywordForPlatform(KeywordExecutor.groovy:72)
	at com.kms.katalon.core.webui.keyword.WebUiBuiltInKeywords.click(WebUiBuiltInKeywords.groovy:616)
	at com.kms.katalon.core.webui.keyword.WebUiBuiltInKeywords$click$3.call(Unknown Source)
	at 23_Set_Domain_Email_SignUp.run(23_Set_Domain_Email_SignUp:34)
	at com.kms.katalon.core.main.ScriptEngine.run(ScriptEngine.java:194)
	at com.kms.katalon.core.main.ScriptEngine.runScriptAsRawText(ScriptEngine.java:119)
	at com.kms.katalon.core.main.TestCaseExecutor.runScript(TestCaseExecutor.java:337)
	at com.kms.katalon.core.main.TestCaseExecutor.doExecute(TestCaseExecutor.java:328)
	at com.kms.katalon.core.main.TestCaseExecutor.processExecutionPhase(TestCaseExecutor.java:307)
	at com.kms.katalon.core.main.TestCaseExecutor.accessMainPhase(TestCaseExecutor.java:299)
	at com.kms.katalon.core.main.TestCaseExecutor.execute(TestCaseExecutor.java:233)
	at com.kms.katalon.core.main.TestSuiteExecutor.accessTestCaseMainPhase(TestSuiteExecutor.java:169)
	at com.kms.katalon.core.main.TestSuiteExecutor.accessTestSuiteMainPhase(TestSuiteExecutor.java:142)
	at com.kms.katalon.core.main.TestSuiteExecutor.execute(TestSuiteExecutor.java:91)
	at com.kms.katalon.core.main.TestCaseMain.startTestSuite(TestCaseMain.java:157)
	at com.kms.katalon.core.main.TestCaseMain$startTestSuite$0.call(Unknown Source)
	at TempTestSuite1591356138988.run(TempTestSuite1591356138988.groovy:37)
Caused by: org.openqa.selenium.StaleElementReferenceException: stale element reference: element is not attached to the page document
  (Session info: chrome=83.0.4103.97)
For documentation on this error, please visit: https://www.seleniumhq.org/exceptions/stale_element_reference.html
Build info: version: '3.141.59', revision: 'e82be7d358', time: '2018-11-14T08:25:53'
System info: host: 'DESKTOP-OT9E64N', ip: '192.168.100.14', os.name: 'Windows 10', os.arch: 'amd64', os.version: '10.0', java.version: '1.8.0_181'
Driver info: com.kms.katalon.selenium.driver.CChromeDriver
Capabilities {acceptInsecureCerts: false, browserName: chrome, browserVersion: 83.0.4103.97, chrome: {chromedriverVersion: 83.0.4103.39 (ccbf011cb2d2b..., userDataDir: C:\Users\XUANNG~1\AppData\L...}, goog:chromeOptions: {debuggerAddress: localhost:49463}, javascriptEnabled: true, networkConnectionEnabled: false, pageLoadStrategy: normal, platform: WINDOWS, platformName: WINDOWS, proxy: Proxy(), setWindowRect: true, strictFileInteractability: false, timeouts: {implicit: 0, pageLoad: 300000, script: 30000}, unhandledPromptBehavior: dismiss and notify, webauthn:virtualAuthenticators: true}
Session ID: 2e8e658b3ac9647c293247a45d730af7
	at org.openqa.selenium.remote.http.W3CHttpResponseCodec.createException(W3CHttpResponseCodec.java:187)
	at org.openqa.selenium.remote.http.W3CHttpResponseCodec.decode(W3CHttpResponseCodec.java:122)
	at org.openqa.selenium.remote.http.W3CHttpResponseCodec.decode(W3CHttpResponseCodec.java:49)
	at org.openqa.selenium.remote.HttpCommandExecutor.execute(HttpCommandExecutor.java:158)
	at org.openqa.selenium.remote.service.DriverCommandExecutor.execute(DriverCommandExecutor.java:83)
	at org.openqa.selenium.remote.RemoteWebDriver.execute(RemoteWebDriver.java:552)
	at com.kms.katalon.selenium.driver.CChromeDriver.execute(CChromeDriver.java:19)
	at org.openqa.selenium.remote.RemoteWebElement.execute(RemoteWebElement.java:285)
	at org.openqa.selenium.remote.RemoteWebElement.click(RemoteWebElement.java:84)
	at org.openqa.selenium.support.events.EventFiringWebDriver$EventFiringWebElement.lambda$new$0(EventFiringWebDriver.java:404)
	at com.sun.proxy.$Proxy9.click(Unknown Source)
	at org.openqa.selenium.support.events.EventFiringWebDriver$EventFiringWebElement.click(EventFiringWebDriver.java:417)
	at com.kms.katalon.core.webui.keyword.builtin.ClickKeyword$_click_closure1.doCall(ClickKeyword.groovy:69)
	at com.kms.katalon.core.webui.keyword.builtin.ClickKeyword$_click_closure1.call(ClickKeyword.groovy)
	at com.kms.katalon.core.webui.keyword.internal.WebUIKeywordMain.runKeyword(WebUIKeywordMain.groovy:20)
	... 19 more]]></system-out>
      <system-err><![CDATA[2020-06-05 18:22:26 - [TEST_SUITE][FAILED] - Run all test case: Test Cases/1612567/23_Set_Domain_Email_SignUp FAILED.
Reason:
com.kms.katalon.core.exception.StepFailedException: Unable to click on object 'Object Repository/1612567/23_Set_Domain_Email_SignUp/Page_System Console - Mattermost/mark_Signup'
	at com.kms.katalon.core.webui.keyword.internal.WebUIKeywordMain.stepFailed(WebUIKeywordMain.groovy:64)
	at com.kms.katalon.core.webui.keyword.internal.WebUIKeywordMain.runKeyword(WebUIKeywordMain.groovy:26)
	at com.kms.katalon.core.webui.keyword.builtin.ClickKeyword.click(ClickKeyword.groovy:76)
	at com.kms.katalon.core.webui.keyword.builtin.ClickKeyword.execute(ClickKeyword.groovy:43)
	at com.kms.katalon.core.keyword.internal.KeywordExecutor.executeKeywordForPlatform(KeywordExecutor.groovy:72)
	at com.kms.katalon.core.webui.keyword.WebUiBuiltInKeywords.click(WebUiBuiltInKeywords.groovy:616)
	at com.kms.katalon.core.webui.keyword.WebUiBuiltInKeywords$click$3.call(Unknown Source)
	at 23_Set_Domain_Email_SignUp.run(23_Set_Domain_Email_SignUp:34)
	at com.kms.katalon.core.main.ScriptEngine.run(ScriptEngine.java:194)
	at com.kms.katalon.core.main.ScriptEngine.runScriptAsRawText(ScriptEngine.java:119)
	at com.kms.katalon.core.main.TestCaseExecutor.runScript(TestCaseExecutor.java:337)
	at com.kms.katalon.core.main.TestCaseExecutor.doExecute(TestCaseExecutor.java:328)
	at com.kms.katalon.core.main.TestCaseExecutor.processExecutionPhase(TestCaseExecutor.java:307)
	at com.kms.katalon.core.main.TestCaseExecutor.accessMainPhase(TestCaseExecutor.java:299)
	at com.kms.katalon.core.main.TestCaseExecutor.execute(TestCaseExecutor.java:233)
	at com.kms.katalon.core.main.TestSuiteExecutor.accessTestCaseMainPhase(TestSuiteExecutor.java:169)
	at com.kms.katalon.core.main.TestSuiteExecutor.accessTestSuiteMainPhase(TestSuiteExecutor.java:142)
	at com.kms.katalon.core.main.TestSuiteExecutor.execute(TestSuiteExecutor.java:91)
	at com.kms.katalon.core.main.TestCaseMain.startTestSuite(TestCaseMain.java:157)
	at com.kms.katalon.core.main.TestCaseMain$startTestSuite$0.call(Unknown Source)
	at TempTestSuite1591356138988.run(TempTestSuite1591356138988.groovy:37)
Caused by: org.openqa.selenium.StaleElementReferenceException: stale element reference: element is not attached to the page document
  (Session info: chrome=83.0.4103.97)
For documentation on this error, please visit: https://www.seleniumhq.org/exceptions/stale_element_reference.html
Build info: version: '3.141.59', revision: 'e82be7d358', time: '2018-11-14T08:25:53'
System info: host: 'DESKTOP-OT9E64N', ip: '192.168.100.14', os.name: 'Windows 10', os.arch: 'amd64', os.version: '10.0', java.version: '1.8.0_181'
Driver info: com.kms.katalon.selenium.driver.CChromeDriver
Capabilities {acceptInsecureCerts: false, browserName: chrome, browserVersion: 83.0.4103.97, chrome: {chromedriverVersion: 83.0.4103.39 (ccbf011cb2d2b..., userDataDir: C:\Users\XUANNG~1\AppData\L...}, goog:chromeOptions: {debuggerAddress: localhost:49463}, javascriptEnabled: true, networkConnectionEnabled: false, pageLoadStrategy: normal, platform: WINDOWS, platformName: WINDOWS, proxy: Proxy(), setWindowRect: true, strictFileInteractability: false, timeouts: {implicit: 0, pageLoad: 300000, script: 30000}, unhandledPromptBehavior: dismiss and notify, webauthn:virtualAuthenticators: true}
Session ID: 2e8e658b3ac9647c293247a45d730af7
	at org.openqa.selenium.remote.http.W3CHttpResponseCodec.createException(W3CHttpResponseCodec.java:187)
	at org.openqa.selenium.remote.http.W3CHttpResponseCodec.decode(W3CHttpResponseCodec.java:122)
	at org.openqa.selenium.remote.http.W3CHttpResponseCodec.decode(W3CHttpResponseCodec.java:49)
	at org.openqa.selenium.remote.HttpCommandExecutor.execute(HttpCommandExecutor.java:158)
	at org.openqa.selenium.remote.service.DriverCommandExecutor.execute(DriverCommandExecutor.java:83)
	at org.openqa.selenium.remote.RemoteWebDriver.execute(RemoteWebDriver.java:552)
	at com.kms.katalon.selenium.driver.CChromeDriver.execute(CChromeDriver.java:19)
	at org.openqa.selenium.remote.RemoteWebElement.execute(RemoteWebElement.java:285)
	at org.openqa.selenium.remote.RemoteWebElement.click(RemoteWebElement.java:84)
	at org.openqa.selenium.support.events.EventFiringWebDriver$EventFiringWebElement.lambda$new$0(EventFiringWebDriver.java:404)
	at com.sun.proxy.$Proxy9.click(Unknown Source)
	at org.openqa.selenium.support.events.EventFiringWebDriver$EventFiringWebElement.click(EventFiringWebDriver.java:417)
	at com.kms.katalon.core.webui.keyword.builtin.ClickKeyword$_click_closure1.doCall(ClickKeyword.groovy:69)
	at com.kms.katalon.core.webui.keyword.builtin.ClickKeyword$_click_closure1.call(ClickKeyword.groovy)
	at com.kms.katalon.core.webui.keyword.internal.WebUIKeywordMain.runKeyword(WebUIKeywordMain.groovy:20)
	... 19 more]]></system-err>
   </testsuite>
</testsuites>
